This file contains any messages produced by compilers while
running configure, to aid debugging if configure makes a mistake.

It was created by JsonSchemaBuilder configure 1.0, which was
generated by GNU Autoconf 2.68.  Invocation command line was

  $ ./configure --prefix=/home/pivos/xbmc-depends/x86_64-linux-gnu-native

## --------- ##
## Platform. ##
## --------- ##

hostname = pivos-VirtualBox
uname -m = x86_64
uname -r = 3.13.0-24-generic
uname -s = Linux
uname -v = #46-Ubuntu SMP Thu Apr 10 19:11:08 UTC 2014

/usr/bin/uname -p = unknown
/bin/uname -X     = unknown

/bin/arch              = unknown
/usr/bin/arch -k       = unknown
/usr/convex/getsysinfo = unknown
/usr/bin/hostinfo      = unknown
/bin/machine           = unknown
/usr/bin/oslevel       = unknown
/bin/universe          = unknown

PATH: /home/pivos/xbmc-depends/x86_64-linux-gnu-native/bin
PATH: /home/pivos/xbmc-depends/x86_64-linux-gnu-native/bin
PATH: /home/pivos/xbmc-depends/x86_64-linux-gnu-native/bin
PATH: /usr/local/sbin
PATH: /usr/local/bin
PATH: /usr/sbin
PATH: /usr/bin
PATH: /sbin
PATH: /bin
PATH: /usr/games
PATH: /usr/local/games


## ----------- ##
## Core tests. ##
## ----------- ##

configure:1665: loading site script /home/pivos/xbmc-depends/x86_64-linux-gnu-native/share/config.site
| LD="${LD:-/usr/bin/ld}"
| CC="${CC:-/usr/bin/gcc}"
| CXX="${CXX:-/usr/bin/g++}"
| AR="${AR:-/usr/bin/ar}"
| RANLIB="${RANLIB:-/usr/bin/ranlib}"
| AS="${AS:-/usr/bin/as}"
| NM="${NM:-/usr/bin/nm}"
| STRIP="${STRIP:-/usr/bin/strip}"
| READELF="${READELF:-/usr/bin/readelf}"
| OBJDUMP="${OBJDUMP:-/usr/bin/objdump}"
| 
| CFLAGS="-I/home/pivos/xbmc-depends/x86_64-linux-gnu-native/include $CFLAGS"
| LDFLAGS="-L/home/pivos/xbmc-depends/x86_64-linux-gnu-native/lib $LDFLAGS"
| CPPFLAGS="-I/home/pivos/xbmc-depends/x86_64-linux-gnu-native/include $CPPFLAGS"
| CXXFLAGS="-I/home/pivos/xbmc-depends/x86_64-linux-gnu-native/include $CXXFLAGS"
| 
| PKG_CONFIG=/home/pivos/xbmc-depends/x86_64-linux-gnu-native/bin/pkg-config
| export PKG_CONFIG_LIBDIR=/home/pivos/xbmc-depends/x86_64-linux-gnu-native/lib/pkgconfig
| 
| PATH=/home/pivos/xbmc-depends/x86_64-linux-gnu-native/bin:$PATH
| if test -n ""; then
|   PATH=/usr/bin:/bin:$PATH
| fi
| 
| LD_LIBRARY_PATH=/home/pivos/xbmc-depends/x86_64-linux-gnu-native/lib:$LD_LIBRARY_PATH
| NASM=/home/pivos/xbmc-depends/x86_64-linux-gnu-native/bin/yasm
configure:1808: checking for a BSD-compatible install
configure:1876: result: /usr/bin/install -c
configure:1887: checking whether build environment is sane
configure:1937: result: yes
configure:2078: checking for a thread-safe mkdir -p
configure:2117: result: /bin/mkdir -p
configure:2130: checking for gawk
configure:2146: found /usr/bin/gawk
configure:2157: result: gawk
configure:2168: checking whether make sets $(MAKE)
configure:2190: result: yes
configure:2383: checking for C++ compiler version
configure:2392: /usr/bin/g++ --version >&5
g++ (Ubuntu 4.8.4-2ubuntu1~14.04) 4.8.4
Copyright (C) 2013 Free Software Foundation, Inc.
This is free software; see the source for copying conditions.  There is NO
warranty; not even for MERCHANTABILITY or FITNESS FOR A PARTICULAR PURPOSE.

configure:2403: $? = 0
configure:2392: /usr/bin/g++ -v >&5
Using built-in specs.
COLLECT_GCC=/usr/bin/g++
COLLECT_LTO_WRAPPER=/usr/lib/gcc/x86_64-linux-gnu/4.8/lto-wrapper
Target: x86_64-linux-gnu
Configured with: ../src/configure -v --with-pkgversion='Ubuntu 4.8.4-2ubuntu1~14.04' --with-bugurl=file:///usr/share/doc/gcc-4.8/README.Bugs --enable-languages=c,c++,java,go,d,fortran,objc,obj-c++ --prefix=/usr --program-suffix=-4.8 --enable-shared --enable-linker-build-id --libexecdir=/usr/lib --without-included-gettext --enable-threads=posix --with-gxx-include-dir=/usr/include/c++/4.8 --libdir=/usr/lib --enable-nls --with-sysroot=/ --enable-clocale=gnu --enable-libstdcxx-debug --enable-libstdcxx-time=yes --enable-gnu-unique-object --disable-libmudflap --enable-plugin --with-system-zlib --disable-browser-plugin --enable-java-awt=gtk --enable-gtk-cairo --with-java-home=/usr/lib/jvm/java-1.5.0-gcj-4.8-amd64/jre --enable-java-home --with-jvm-root-dir=/usr/lib/jvm/java-1.5.0-gcj-4.8-amd64 --with-jvm-jar-dir=/usr/lib/jvm-exports/java-1.5.0-gcj-4.8-amd64 --with-arch-directory=amd64 --with-ecj-jar=/usr/share/java/eclipse-ecj.jar --enable-objc-gc --enable-multiarch --disable-werror --with-arch-32=i686 --with-abi=m64 --with-multilib-list=m32,m64,mx32 --with-tune=generic --enable-checking=release --build=x86_64-linux-gnu --host=x86_64-linux-gnu --target=x86_64-linux-gnu
Thread model: posix
gcc version 4.8.4 (Ubuntu 4.8.4-2ubuntu1~14.04) 
configure:2403: $? = 0
configure:2392: /usr/bin/g++ -V >&5
g++: error: unrecognized command line option '-V'
g++: fatal error: no input files
compilation terminated.
configure:2403: $? = 4
configure:2392: /usr/bin/g++ -qversion >&5
g++: error: unrecognized command line option '-qversion'
g++: fatal error: no input files
compilation terminated.
configure:2403: $? = 4
configure:2423: checking whether the C++ compiler works
configure:2445: /usr/bin/g++ -I/home/pivos/xbmc-depends/x86_64-linux-gnu-native/include  -I/home/pivos/xbmc-depends/x86_64-linux-gnu-native/include  -L/home/pivos/xbmc-depends/x86_64-linux-gnu-native/lib  conftest.cpp  >&5
configure:2449: $? = 0
configure:2497: result: yes
configure:2500: checking for C++ compiler default output file name
configure:2502: result: a.out
configure:2508: checking for suffix of executables
configure:2515: /usr/bin/g++ -o conftest -I/home/pivos/xbmc-depends/x86_64-linux-gnu-native/include  -I/home/pivos/xbmc-depends/x86_64-linux-gnu-native/include  -L/home/pivos/xbmc-depends/x86_64-linux-gnu-native/lib  conftest.cpp  >&5
configure:2519: $? = 0
configure:2541: result: 
configure:2563: checking whether we are cross compiling
configure:2571: /usr/bin/g++ -o conftest -I/home/pivos/xbmc-depends/x86_64-linux-gnu-native/include  -I/home/pivos/xbmc-depends/x86_64-linux-gnu-native/include  -L/home/pivos/xbmc-depends/x86_64-linux-gnu-native/lib  conftest.cpp  >&5
configure:2575: $? = 0
configure:2582: ./conftest
configure:2586: $? = 0
configure:2601: result: no
configure:2606: checking for suffix of object files
configure:2628: /usr/bin/g++ -c -I/home/pivos/xbmc-depends/x86_64-linux-gnu-native/include  -I/home/pivos/xbmc-depends/x86_64-linux-gnu-native/include  conftest.cpp >&5
configure:2632: $? = 0
configure:2653: result: o
configure:2657: checking whether we are using the GNU C++ compiler
configure:2676: /usr/bin/g++ -c -I/home/pivos/xbmc-depends/x86_64-linux-gnu-native/include  -I/home/pivos/xbmc-depends/x86_64-linux-gnu-native/include  conftest.cpp >&5
configure:2676: $? = 0
configure:2685: result: yes
configure:2694: checking whether /usr/bin/g++ accepts -g
configure:2714: /usr/bin/g++ -c -g -I/home/pivos/xbmc-depends/x86_64-linux-gnu-native/include  conftest.cpp >&5
configure:2714: $? = 0
configure:2755: result: yes
configure:2789: checking for style of include used by make
configure:2817: result: GNU
configure:2843: checking dependency style of /usr/bin/g++
configure:2954: result: gcc3
configure:3138: creating ./config.status

## ---------------------- ##
## Running config.status. ##
## ---------------------- ##

This file was extended by JsonSchemaBuilder config.status 1.0, which was
generated by GNU Autoconf 2.68.  Invocation command line was

  CONFIG_FILES    = 
  CONFIG_HEADERS  = 
  CONFIG_LINKS    = 
  CONFIG_COMMANDS = 
  $ ./config.status 

on pivos-VirtualBox

config.status:780: creating Makefile
config.status:952: executing depfiles commands

## ---------------- ##
## Cache variables. ##
## ---------------- ##

ac_cv_cxx_compiler_gnu=yes
ac_cv_env_CCC_set=
ac_cv_env_CCC_value=
ac_cv_env_CPPFLAGS_set=
ac_cv_env_CPPFLAGS_value=
ac_cv_env_CXXFLAGS_set=
ac_cv_env_CXXFLAGS_value=
ac_cv_env_CXX_set=
ac_cv_env_CXX_value=
ac_cv_env_LDFLAGS_set=
ac_cv_env_LDFLAGS_value=
ac_cv_env_LIBS_set=
ac_cv_env_LIBS_value=
ac_cv_env_build_alias_set=
ac_cv_env_build_alias_value=
ac_cv_env_host_alias_set=
ac_cv_env_host_alias_value=
ac_cv_env_target_alias_set=
ac_cv_env_target_alias_value=
ac_cv_objext=o
ac_cv_path_install='/usr/bin/install -c'
ac_cv_path_mkdir=/bin/mkdir
ac_cv_prog_AWK=gawk
ac_cv_prog_cxx_g=yes
ac_cv_prog_make_make_set=yes
am_cv_CXX_dependencies_compiler_type=gcc3

## ----------------- ##
## Output variables. ##
## ----------------- ##

ACLOCAL='/home/pivos/xbmc-depends/x86_64-linux-gnu-native/bin/aclocal'
AMDEPBACKSLASH='\'
AMDEP_FALSE='#'
AMDEP_TRUE=''
AMTAR='$${TAR-tar}'
AUTOCONF='/home/pivos/xbmc-depends/x86_64-linux-gnu-native/bin/autoconf'
AUTOHEADER='/home/pivos/xbmc-depends/x86_64-linux-gnu-native/bin/autoheader'
AUTOMAKE='/home/pivos/xbmc-depends/x86_64-linux-gnu-native/bin/automake'
AWK='gawk'
CPPFLAGS='-I/home/pivos/xbmc-depends/x86_64-linux-gnu-native/include '
CXX='/usr/bin/g++'
CXXDEPMODE='depmode=gcc3'
CXXFLAGS='-I/home/pivos/xbmc-depends/x86_64-linux-gnu-native/include '
CYGPATH_W='echo'
DEFS='-DPACKAGE_NAME=\"JsonSchemaBuilder\" -DPACKAGE_TARNAME=\"jsonschemabuilder\" -DPACKAGE_VERSION=\"1.0\" -DPACKAGE_STRING=\"JsonSchemaBuilder\ 1.0\" -DPACKAGE_BUGREPORT=\"me@mail.com\" -DPACKAGE_URL=\"\" -DPACKAGE=\"jsonschemabuilder\" -DVERSION=\"1.0\"'
DEPDIR='.deps'
ECHO_C=''
ECHO_N='-n'
ECHO_T=''
EXEEXT=''
INSTALL_DATA='${INSTALL} -m 644'
INSTALL_PROGRAM='${INSTALL}'
INSTALL_SCRIPT='${INSTALL}'
INSTALL_STRIP_PROGRAM='$(install_sh) -c -s'
LDFLAGS='-L/home/pivos/xbmc-depends/x86_64-linux-gnu-native/lib '
LIBOBJS=''
LIBS=''
LTLIBOBJS=''
MAKEINFO='${SHELL} /home/pivos/proj/xbmc-16.1-Jarvis/tools/depends/native/JsonSchemaBuilder/x86_64-linux-native/config/missing --run makeinfo'
MKDIR_P='/bin/mkdir -p'
OBJEXT='o'
PACKAGE='jsonschemabuilder'
PACKAGE_BUGREPORT='me@mail.com'
PACKAGE_NAME='JsonSchemaBuilder'
PACKAGE_STRING='JsonSchemaBuilder 1.0'
PACKAGE_TARNAME='jsonschemabuilder'
PACKAGE_URL=''
PACKAGE_VERSION='1.0'
PATH_SEPARATOR=':'
SET_MAKE=''
SHELL='/bin/bash'
STRIP='/usr/bin/strip'
VERSION='1.0'
ac_ct_CXX=''
am__EXEEXT_FALSE=''
am__EXEEXT_TRUE='#'
am__fastdepCXX_FALSE='#'
am__fastdepCXX_TRUE=''
am__include='include'
am__isrc=''
am__leading_dot='.'
am__nodep='_no'
am__quote=''
am__tar='$${TAR-tar} chof - "$$tardir"'
am__untar='$${TAR-tar} xf -'
bindir='${exec_prefix}/bin'
build_alias=''
datadir='${datarootdir}'
datarootdir='${prefix}/share'
docdir='${datarootdir}/doc/${PACKAGE_TARNAME}'
dvidir='${docdir}'
exec_prefix='${prefix}'
host_alias=''
htmldir='${docdir}'
includedir='${prefix}/include'
infodir='${datarootdir}/info'
install_sh='${SHELL} /home/pivos/proj/xbmc-16.1-Jarvis/tools/depends/native/JsonSchemaBuilder/x86_64-linux-native/config/install-sh'
libdir='${exec_prefix}/lib'
libexecdir='${exec_prefix}/libexec'
localedir='${datarootdir}/locale'
localstatedir='${prefix}/var'
mandir='${datarootdir}/man'
mkdir_p='/bin/mkdir -p'
oldincludedir='/usr/include'
pdfdir='${docdir}'
prefix='/home/pivos/xbmc-depends/x86_64-linux-gnu-native'
program_transform_name='s,x,x,'
psdir='${docdir}'
sbindir='${exec_prefix}/sbin'
sharedstatedir='${prefix}/com'
sysconfdir='${prefix}/etc'
target_alias=''

## ----------- ##
## confdefs.h. ##
## ----------- ##

/* confdefs.h */
#define PACKAGE_NAME "JsonSchemaBuilder"
#define PACKAGE_TARNAME "jsonschemabuilder"
#define PACKAGE_VERSION "1.0"
#define PACKAGE_STRING "JsonSchemaBuilder 1.0"
#define PACKAGE_BUGREPORT "me@mail.com"
#define PACKAGE_URL ""
#define PACKAGE "jsonschemabuilder"
#define VERSION "1.0"

configure: exit 0
