This file contains any messages produced by compilers while
running configure, to aid debugging if configure makes a mistake.

It was created by libtool configure 2.2.6, which was
generated by GNU Autoconf 2.62.  Invocation command line was

  $ ./configure --prefix=/home/pivos/xbmc-depends/x86_64-linux-gnu-native --disable-shared --disable-ltdl-install

## --------- ##
## Platform. ##
## --------- ##

hostname = pivos-VirtualBox
uname -m = x86_64
uname -r = 3.13.0-24-generic
uname -s = Linux
uname -v = #46-Ubuntu SMP Thu Apr 10 19:11:08 UTC 2014

/usr/bin/uname -p = unknown
/bin/uname -X     = unknown

/bin/arch              = unknown
/usr/bin/arch -k       = unknown
/usr/convex/getsysinfo = unknown
/usr/bin/hostinfo      = unknown
/bin/machine           = unknown
/usr/bin/oslevel       = unknown
/bin/universe          = unknown

PATH: /home/pivos/xbmc-depends/x86_64-linux-gnu-native/bin
PATH: /home/pivos/xbmc-depends/x86_64-linux-gnu-native/bin
PATH: /home/pivos/xbmc-depends/x86_64-linux-gnu-native/bin
PATH: /usr/local/sbin
PATH: /usr/local/bin
PATH: /usr/sbin
PATH: /usr/bin
PATH: /sbin
PATH: /bin
PATH: /usr/games
PATH: /usr/local/games


## ----------- ##
## Core tests. ##
## ----------- ##

configure:1981: loading site script /home/pivos/xbmc-depends/x86_64-linux-gnu-native/share/config.site
| LD="${LD:-/usr/bin/ld}"
| CC="${CC:-/usr/bin/gcc}"
| CXX="${CXX:-/usr/bin/g++}"
| AR="${AR:-/usr/bin/ar}"
| RANLIB="${RANLIB:-/usr/bin/ranlib}"
| AS="${AS:-/usr/bin/as}"
| NM="${NM:-/usr/bin/nm}"
| STRIP="${STRIP:-/usr/bin/strip}"
| READELF="${READELF:-/usr/bin/readelf}"
| OBJDUMP="${OBJDUMP:-/usr/bin/objdump}"
| 
| CFLAGS="-I/home/pivos/xbmc-depends/x86_64-linux-gnu-native/include $CFLAGS"
| LDFLAGS="-L/home/pivos/xbmc-depends/x86_64-linux-gnu-native/lib $LDFLAGS"
| CPPFLAGS="-I/home/pivos/xbmc-depends/x86_64-linux-gnu-native/include $CPPFLAGS"
| CXXFLAGS="-I/home/pivos/xbmc-depends/x86_64-linux-gnu-native/include $CXXFLAGS"
| 
| PKG_CONFIG=/home/pivos/xbmc-depends/x86_64-linux-gnu-native/bin/pkg-config
| export PKG_CONFIG_LIBDIR=/home/pivos/xbmc-depends/x86_64-linux-gnu-native/lib/pkgconfig
| 
| PATH=/home/pivos/xbmc-depends/x86_64-linux-gnu-native/bin:$PATH
| if test -n ""; then
|   PATH=/usr/bin:/bin:$PATH
| fi
| 
| LD_LIBRARY_PATH=/home/pivos/xbmc-depends/x86_64-linux-gnu-native/lib:$LD_LIBRARY_PATH
| NASM=/home/pivos/xbmc-depends/x86_64-linux-gnu-native/bin/yasm
configure:2243: checking for a BSD-compatible install
configure:2311: result: /usr/bin/install -c
configure:2322: checking whether build environment is sane
configure:2365: result: yes
configure:2390: checking for a thread-safe mkdir -p
configure:2429: result: /bin/mkdir -p
configure:2442: checking for gawk
configure:2458: found /usr/bin/gawk
configure:2469: result: gawk
configure:2480: checking whether make sets $(MAKE)
configure:2502: result: yes
configure:2697: checking whether subdir libobjs are useable
configure:2708: result: yes
configure:2798: checking for gcc
configure:2825: result: /usr/bin/gcc
configure:3063: checking for C compiler version
configure:3071: /usr/bin/gcc --version >&5
gcc (Ubuntu 4.8.4-2ubuntu1~14.04) 4.8.4
Copyright (C) 2013 Free Software Foundation, Inc.
This is free software; see the source for copying conditions.  There is NO
warranty; not even for MERCHANTABILITY or FITNESS FOR A PARTICULAR PURPOSE.

configure:3075: $? = 0
configure:3082: /usr/bin/gcc -v >&5
Using built-in specs.
COLLECT_GCC=/usr/bin/gcc
COLLECT_LTO_WRAPPER=/usr/lib/gcc/x86_64-linux-gnu/4.8/lto-wrapper
Target: x86_64-linux-gnu
Configured with: ../src/configure -v --with-pkgversion='Ubuntu 4.8.4-2ubuntu1~14.04' --with-bugurl=file:///usr/share/doc/gcc-4.8/README.Bugs --enable-languages=c,c++,java,go,d,fortran,objc,obj-c++ --prefix=/usr --program-suffix=-4.8 --enable-shared --enable-linker-build-id --libexecdir=/usr/lib --without-included-gettext --enable-threads=posix --with-gxx-include-dir=/usr/include/c++/4.8 --libdir=/usr/lib --enable-nls --with-sysroot=/ --enable-clocale=gnu --enable-libstdcxx-debug --enable-libstdcxx-time=yes --enable-gnu-unique-object --disable-libmudflap --enable-plugin --with-system-zlib --disable-browser-plugin --enable-java-awt=gtk --enable-gtk-cairo --with-java-home=/usr/lib/jvm/java-1.5.0-gcj-4.8-amd64/jre --enable-java-home --with-jvm-root-dir=/usr/lib/jvm/java-1.5.0-gcj-4.8-amd64 --with-jvm-jar-dir=/usr/lib/jvm-exports/java-1.5.0-gcj-4.8-amd64 --with-arch-directory=amd64 --with-ecj-jar=/usr/share/java/eclipse-ecj.jar --enable-objc-gc --enable-multiarch --disable-werror --with-arch-32=i686 --with-abi=m64 --with-multilib-list=m32,m64,mx32 --with-tune=generic --enable-checking=release --build=x86_64-linux-gnu --host=x86_64-linux-gnu --target=x86_64-linux-gnu
Thread model: posix
gcc version 4.8.4 (Ubuntu 4.8.4-2ubuntu1~14.04) 
configure:3086: $? = 0
configure:3093: /usr/bin/gcc -V >&5
gcc: error: unrecognized command line option '-V'
gcc: fatal error: no input files
compilation terminated.
configure:3097: $? = 4
configure:3120: checking for C compiler default output file name
configure:3142: /usr/bin/gcc -I/home/pivos/xbmc-depends/x86_64-linux-gnu-native/include  -I/home/pivos/xbmc-depends/x86_64-linux-gnu-native/include  -L/home/pivos/xbmc-depends/x86_64-linux-gnu-native/lib  conftest.c  >&5
configure:3146: $? = 0
configure:3184: result: a.out
configure:3201: checking whether the C compiler works
configure:3211: ./a.out
configure:3215: $? = 0
configure:3232: result: yes
configure:3239: checking whether we are cross compiling
configure:3241: result: no
configure:3244: checking for suffix of executables
configure:3251: /usr/bin/gcc -o conftest -I/home/pivos/xbmc-depends/x86_64-linux-gnu-native/include  -I/home/pivos/xbmc-depends/x86_64-linux-gnu-native/include  -L/home/pivos/xbmc-depends/x86_64-linux-gnu-native/lib  conftest.c  >&5
configure:3255: $? = 0
configure:3279: result: 
configure:3285: checking for suffix of object files
configure:3311: /usr/bin/gcc -c -I/home/pivos/xbmc-depends/x86_64-linux-gnu-native/include  -I/home/pivos/xbmc-depends/x86_64-linux-gnu-native/include  conftest.c >&5
configure:3315: $? = 0
configure:3338: result: o
configure:3342: checking whether we are using the GNU C compiler
configure:3371: /usr/bin/gcc -c -I/home/pivos/xbmc-depends/x86_64-linux-gnu-native/include  -I/home/pivos/xbmc-depends/x86_64-linux-gnu-native/include  conftest.c >&5
configure:3378: $? = 0
configure:3395: result: yes
configure:3404: checking whether /usr/bin/gcc accepts -g
configure:3434: /usr/bin/gcc -c -g -I/home/pivos/xbmc-depends/x86_64-linux-gnu-native/include  conftest.c >&5
configure:3441: $? = 0
configure:3542: result: yes
configure:3559: checking for /usr/bin/gcc option to accept ISO C89
configure:3633: /usr/bin/gcc  -c -I/home/pivos/xbmc-depends/x86_64-linux-gnu-native/include  -I/home/pivos/xbmc-depends/x86_64-linux-gnu-native/include  conftest.c >&5
configure:3640: $? = 0
configure:3663: result: none needed
configure:3692: checking for style of include used by make
configure:3720: result: GNU
configure:3745: checking dependency style of /usr/bin/gcc
configure:3836: result: gcc3
configure:3852: checking whether /usr/bin/gcc and cc understand -c and -o together
configure:3887: /usr/bin/gcc -c conftest.c -o conftest2.o >&5
configure:3891: $? = 0
configure:3897: /usr/bin/gcc -c conftest.c -o conftest2.o >&5
configure:3901: $? = 0
configure:3912: cc -c conftest.c >&5
configure:3916: $? = 0
configure:3924: cc -c conftest.c -o conftest2.o >&5
configure:3928: $? = 0
configure:3934: cc -c conftest.c -o conftest2.o >&5
configure:3938: $? = 0
configure:3956: result: yes
configure:3987: checking how to run the C preprocessor
configure:4027: /usr/bin/gcc -E -I/home/pivos/xbmc-depends/x86_64-linux-gnu-native/include  conftest.c
configure:4034: $? = 0
configure:4065: /usr/bin/gcc -E -I/home/pivos/xbmc-depends/x86_64-linux-gnu-native/include  conftest.c
conftest.c:10:28: fatal error: ac_nonexistent.h: No such file or directory
 #include <ac_nonexistent.h>
                            ^
compilation terminated.
configure:4072: $? = 1
configure: failed program was:
| /* confdefs.h.  */
| #define PACKAGE_NAME "libtool"
| #define PACKAGE_TARNAME "libtool"
| #define PACKAGE_VERSION "2.2.6"
| #define PACKAGE_STRING "libtool 2.2.6"
| #define PACKAGE_BUGREPORT "bug-libtool@gnu.org"
| #define PACKAGE "libtool"
| #define VERSION "2.2.6"
| /* end confdefs.h.  */
| #include <ac_nonexistent.h>
configure:4105: result: /usr/bin/gcc -E
configure:4134: /usr/bin/gcc -E -I/home/pivos/xbmc-depends/x86_64-linux-gnu-native/include  conftest.c
configure:4141: $? = 0
configure:4172: /usr/bin/gcc -E -I/home/pivos/xbmc-depends/x86_64-linux-gnu-native/include  conftest.c
conftest.c:10:28: fatal error: ac_nonexistent.h: No such file or directory
 #include <ac_nonexistent.h>
                            ^
compilation terminated.
configure:4179: $? = 1
configure: failed program was:
| /* confdefs.h.  */
| #define PACKAGE_NAME "libtool"
| #define PACKAGE_TARNAME "libtool"
| #define PACKAGE_VERSION "2.2.6"
| #define PACKAGE_STRING "libtool 2.2.6"
| #define PACKAGE_BUGREPORT "bug-libtool@gnu.org"
| #define PACKAGE "libtool"
| #define VERSION "2.2.6"
| /* end confdefs.h.  */
| #include <ac_nonexistent.h>
configure:4251: checking build system type
configure:4269: result: x86_64-unknown-linux-gnu
configure:4291: checking host system type
configure:4306: result: x86_64-unknown-linux-gnu
configure:4328: checking for a sed that does not truncate output
configure:4394: result: /bin/sed
configure:4412: checking for grep that handles long lines and -e
configure:4472: result: /bin/grep
configure:4477: checking for egrep
configure:4541: result: /bin/grep -E
configure:4546: checking for fgrep
configure:4610: result: /bin/grep -F
configure:4645: checking for ld used by /usr/bin/gcc
configure:4712: result: /usr/bin/ld
configure:4721: checking if the linker (/usr/bin/ld) is GNU ld
configure:4736: result: yes
configure:4748: checking for BSD- or MS-compatible name lister (nm)
configure:4797: result: /usr/bin/nm
configure:4919: checking the name lister (/usr/bin/nm) interface
configure:4926: /usr/bin/gcc -c -I/home/pivos/xbmc-depends/x86_64-linux-gnu-native/include  -I/home/pivos/xbmc-depends/x86_64-linux-gnu-native/include  conftest.c >&5
configure:4929: /usr/bin/nm "conftest.o"
configure:4932: output
0000000000000000 B some_variable
configure:4939: result: BSD nm
configure:4942: checking whether ln -s works
configure:4946: result: yes
configure:4954: checking the maximum length of command line arguments
configure:5074: result: 3458764513820540925
configure:5091: checking whether the shell understands some XSI constructs
configure:5101: result: yes
configure:5105: checking whether the shell understands "+="
configure:5111: result: yes
configure:5146: checking for /usr/bin/ld option to reload object files
configure:5153: result: -r
configure:5222: checking for objdump
configure:5249: result: /usr/bin/objdump
configure:5282: checking how to recognize dependent libraries
configure:5478: result: pass_all
configure:5538: checking for ar
configure:5565: result: /usr/bin/ar
configure:5647: checking for strip
configure:5674: result: /usr/bin/strip
configure:5750: checking for ranlib
configure:5777: result: /usr/bin/ranlib
configure:5871: checking command to parse /usr/bin/nm output from /usr/bin/gcc object
configure:5989: /usr/bin/gcc -c -I/home/pivos/xbmc-depends/x86_64-linux-gnu-native/include  -I/home/pivos/xbmc-depends/x86_64-linux-gnu-native/include  conftest.c >&5
configure:5992: $? = 0
configure:5996: /usr/bin/nm conftest.o \| sed -n -e 's/^.*[	 ]\([ABCDGIRSTW][ABCDGIRSTW]*\)[	 ][	 ]*\([_A-Za-z][_A-Za-z0-9]*\)$/\1 \2 \2/p' \> conftest.nm
configure:5999: $? = 0
configure:6053: /usr/bin/gcc -o conftest -I/home/pivos/xbmc-depends/x86_64-linux-gnu-native/include  -I/home/pivos/xbmc-depends/x86_64-linux-gnu-native/include  -L/home/pivos/xbmc-depends/x86_64-linux-gnu-native/lib  conftest.c conftstm.o >&5
configure:6056: $? = 0
configure:6094: result: ok
configure:6190: /usr/bin/gcc -c -I/home/pivos/xbmc-depends/x86_64-linux-gnu-native/include  -I/home/pivos/xbmc-depends/x86_64-linux-gnu-native/include  conftest.c >&5
configure:6193: $? = 0
configure:6977: checking for ANSI C header files
configure:7007: /usr/bin/gcc -c -I/home/pivos/xbmc-depends/x86_64-linux-gnu-native/include  -I/home/pivos/xbmc-depends/x86_64-linux-gnu-native/include  conftest.c >&5
configure:7014: $? = 0
configure:7113: /usr/bin/gcc -o conftest -I/home/pivos/xbmc-depends/x86_64-linux-gnu-native/include  -I/home/pivos/xbmc-depends/x86_64-linux-gnu-native/include  -L/home/pivos/xbmc-depends/x86_64-linux-gnu-native/lib  conftest.c  >&5
configure:7117: $? = 0
configure:7123: ./conftest
configure:7127: $? = 0
configure:7145: result: yes
configure:7169: checking for sys/types.h
configure:7190: /usr/bin/gcc -c -I/home/pivos/xbmc-depends/x86_64-linux-gnu-native/include  -I/home/pivos/xbmc-depends/x86_64-linux-gnu-native/include  conftest.c >&5
configure:7197: $? = 0
configure:7214: result: yes
configure:7169: checking for sys/stat.h
configure:7190: /usr/bin/gcc -c -I/home/pivos/xbmc-depends/x86_64-linux-gnu-native/include  -I/home/pivos/xbmc-depends/x86_64-linux-gnu-native/include  conftest.c >&5
configure:7197: $? = 0
configure:7214: result: yes
configure:7169: checking for stdlib.h
configure:7190: /usr/bin/gcc -c -I/home/pivos/xbmc-depends/x86_64-linux-gnu-native/include  -I/home/pivos/xbmc-depends/x86_64-linux-gnu-native/include  conftest.c >&5
configure:7197: $? = 0
configure:7214: result: yes
configure:7169: checking for string.h
configure:7190: /usr/bin/gcc -c -I/home/pivos/xbmc-depends/x86_64-linux-gnu-native/include  -I/home/pivos/xbmc-depends/x86_64-linux-gnu-native/include  conftest.c >&5
configure:7197: $? = 0
configure:7214: result: yes
configure:7169: checking for memory.h
configure:7190: /usr/bin/gcc -c -I/home/pivos/xbmc-depends/x86_64-linux-gnu-native/include  -I/home/pivos/xbmc-depends/x86_64-linux-gnu-native/include  conftest.c >&5
configure:7197: $? = 0
configure:7214: result: yes
configure:7169: checking for strings.h
configure:7190: /usr/bin/gcc -c -I/home/pivos/xbmc-depends/x86_64-linux-gnu-native/include  -I/home/pivos/xbmc-depends/x86_64-linux-gnu-native/include  conftest.c >&5
configure:7197: $? = 0
configure:7214: result: yes
configure:7169: checking for inttypes.h
configure:7190: /usr/bin/gcc -c -I/home/pivos/xbmc-depends/x86_64-linux-gnu-native/include  -I/home/pivos/xbmc-depends/x86_64-linux-gnu-native/include  conftest.c >&5
configure:7197: $? = 0
configure:7214: result: yes
configure:7169: checking for stdint.h
configure:7190: /usr/bin/gcc -c -I/home/pivos/xbmc-depends/x86_64-linux-gnu-native/include  -I/home/pivos/xbmc-depends/x86_64-linux-gnu-native/include  conftest.c >&5
configure:7197: $? = 0
configure:7214: result: yes
configure:7169: checking for unistd.h
configure:7190: /usr/bin/gcc -c -I/home/pivos/xbmc-depends/x86_64-linux-gnu-native/include  -I/home/pivos/xbmc-depends/x86_64-linux-gnu-native/include  conftest.c >&5
configure:7197: $? = 0
configure:7214: result: yes
configure:7231: checking for dlfcn.h
configure:7252: /usr/bin/gcc -c -I/home/pivos/xbmc-depends/x86_64-linux-gnu-native/include  -I/home/pivos/xbmc-depends/x86_64-linux-gnu-native/include  conftest.c >&5
configure:7259: $? = 0
configure:7276: result: yes
configure:7770: checking for objdir
configure:7785: result: .libs
configure:8081: checking if /usr/bin/gcc supports -fno-rtti -fno-exceptions
configure:8099: /usr/bin/gcc -c -I/home/pivos/xbmc-depends/x86_64-linux-gnu-native/include  -I/home/pivos/xbmc-depends/x86_64-linux-gnu-native/include  -fno-rtti -fno-exceptions conftest.c >&5
cc1: warning: command line option '-fno-rtti' is valid for C++/ObjC++ but not for C [enabled by default]
configure:8103: $? = 0
configure:8116: result: no
configure:8136: checking for /usr/bin/gcc option to produce PIC
configure:8408: result: -fPIC -DPIC
configure:8420: checking if /usr/bin/gcc PIC flag -fPIC -DPIC works
configure:8438: /usr/bin/gcc -c -I/home/pivos/xbmc-depends/x86_64-linux-gnu-native/include  -I/home/pivos/xbmc-depends/x86_64-linux-gnu-native/include  -fPIC -DPIC -DPIC conftest.c >&5
configure:8442: $? = 0
configure:8455: result: yes
configure:8479: checking if /usr/bin/gcc static flag -static works
configure:8507: result: yes
configure:8522: checking if /usr/bin/gcc supports -c -o file.o
configure:8543: /usr/bin/gcc -c -I/home/pivos/xbmc-depends/x86_64-linux-gnu-native/include  -I/home/pivos/xbmc-depends/x86_64-linux-gnu-native/include  -o out/conftest2.o conftest.c >&5
configure:8547: $? = 0
configure:8569: result: yes
configure:8577: checking if /usr/bin/gcc supports -c -o file.o
configure:8624: result: yes
configure:8657: checking whether the /usr/bin/gcc linker (/usr/bin/ld -m elf_x86_64) supports shared libraries
configure:9731: result: yes
configure:9970: checking dynamic linker characteristics
configure:10413: /usr/bin/gcc -o conftest -I/home/pivos/xbmc-depends/x86_64-linux-gnu-native/include  -I/home/pivos/xbmc-depends/x86_64-linux-gnu-native/include  -L/home/pivos/xbmc-depends/x86_64-linux-gnu-native/lib  -Wl,-rpath -Wl,/foo conftest.c  >&5
configure:10420: $? = 0
configure:10653: result: GNU/Linux ld.so
configure:10755: checking how to hardcode library paths into programs
configure:10780: result: immediate
configure:10903: checking for shl_load
configure:10959: /usr/bin/gcc -o conftest -I/home/pivos/xbmc-depends/x86_64-linux-gnu-native/include  -I/home/pivos/xbmc-depends/x86_64-linux-gnu-native/include  -L/home/pivos/xbmc-depends/x86_64-linux-gnu-native/lib  conftest.c  >&5
/tmp/ccXOWpIN.o: In function `main':
conftest.c:(.text+0xa): undefined reference to `shl_load'
collect2: error: ld returned 1 exit status
configure:10966: $? = 1
configure: failed program was:
| /* confdefs.h.  */
| #define PACKAGE_NAME "libtool"
| #define PACKAGE_TARNAME "libtool"
| #define PACKAGE_VERSION "2.2.6"
| #define PACKAGE_STRING "libtool 2.2.6"
| #define PACKAGE_BUGREPORT "bug-libtool@gnu.org"
| #define PACKAGE "libtool"
| #define VERSION "2.2.6"
| #define STDC_HEADERS 1
| #define HAVE_SYS_TYPES_H 1
| #define HAVE_SYS_STAT_H 1
| #define HAVE_STDLIB_H 1
| #define HAVE_STRING_H 1
| #define HAVE_MEMORY_H 1
| #define HAVE_STRINGS_H 1
| #define HAVE_INTTYPES_H 1
| #define HAVE_STDINT_H 1
| #define HAVE_UNISTD_H 1
| #define HAVE_DLFCN_H 1
| #define LT_OBJDIR ".libs/"
| /* end confdefs.h.  */
| /* Define shl_load to an innocuous variant, in case <limits.h> declares shl_load.
|    For example, HP-UX 11i <limits.h> declares gettimeofday.  */
| #define shl_load innocuous_shl_load
| 
| /* System header to define __stub macros and hopefully few prototypes,
|     which can conflict with char shl_load (); below.
|     Prefer <limits.h> to <assert.h> if __STDC__ is defined, since
|     <limits.h> exists even on freestanding compilers.  */
| 
| #ifdef __STDC__
| # include <limits.h>
| #else
| # include <assert.h>
| #endif
| 
| #undef shl_load
| 
| /* Override any GCC internal prototype to avoid an error.
|    Use char because int might match the return type of a GCC
|    builtin and then its argument prototype would still apply.  */
| #ifdef __cplusplus
| extern "C"
| #endif
| char shl_load ();
| /* The GNU C library defines this for functions which it implements
|     to always fail with ENOSYS.  Some functions are actually named
|     something starting with __ and the normal name is an alias.  */
| #if defined __stub_shl_load || defined __stub___shl_load
| choke me
| #endif
| 
| int
| main ()
| {
| return shl_load ();
|   ;
|   return 0;
| }
configure:10986: result: no
configure:10991: checking for shl_load in -ldld
configure:11026: /usr/bin/gcc -o conftest -I/home/pivos/xbmc-depends/x86_64-linux-gnu-native/include  -I/home/pivos/xbmc-depends/x86_64-linux-gnu-native/include  -L/home/pivos/xbmc-depends/x86_64-linux-gnu-native/lib  conftest.c -ldld   >&5
/usr/bin/ld: cannot find -ldld
collect2: error: ld returned 1 exit status
configure:11033: $? = 1
configure: failed program was:
| /* confdefs.h.  */
| #define PACKAGE_NAME "libtool"
| #define PACKAGE_TARNAME "libtool"
| #define PACKAGE_VERSION "2.2.6"
| #define PACKAGE_STRING "libtool 2.2.6"
| #define PACKAGE_BUGREPORT "bug-libtool@gnu.org"
| #define PACKAGE "libtool"
| #define VERSION "2.2.6"
| #define STDC_HEADERS 1
| #define HAVE_SYS_TYPES_H 1
| #define HAVE_SYS_STAT_H 1
| #define HAVE_STDLIB_H 1
| #define HAVE_STRING_H 1
| #define HAVE_MEMORY_H 1
| #define HAVE_STRINGS_H 1
| #define HAVE_INTTYPES_H 1
| #define HAVE_STDINT_H 1
| #define HAVE_UNISTD_H 1
| #define HAVE_DLFCN_H 1
| #define LT_OBJDIR ".libs/"
| /* end confdefs.h.  */
| 
| /* Override any GCC internal prototype to avoid an error.
|    Use char because int might match the return type of a GCC
|    builtin and then its argument prototype would still apply.  */
| #ifdef __cplusplus
| extern "C"
| #endif
| char shl_load ();
| int
| main ()
| {
| return shl_load ();
|   ;
|   return 0;
| }
configure:11054: result: no
configure:11059: checking for dlopen
configure:11115: /usr/bin/gcc -o conftest -I/home/pivos/xbmc-depends/x86_64-linux-gnu-native/include  -I/home/pivos/xbmc-depends/x86_64-linux-gnu-native/include  -L/home/pivos/xbmc-depends/x86_64-linux-gnu-native/lib  conftest.c  >&5
/tmp/ccyvEopi.o: In function `main':
conftest.c:(.text+0xa): undefined reference to `dlopen'
collect2: error: ld returned 1 exit status
configure:11122: $? = 1
configure: failed program was:
| /* confdefs.h.  */
| #define PACKAGE_NAME "libtool"
| #define PACKAGE_TARNAME "libtool"
| #define PACKAGE_VERSION "2.2.6"
| #define PACKAGE_STRING "libtool 2.2.6"
| #define PACKAGE_BUGREPORT "bug-libtool@gnu.org"
| #define PACKAGE "libtool"
| #define VERSION "2.2.6"
| #define STDC_HEADERS 1
| #define HAVE_SYS_TYPES_H 1
| #define HAVE_SYS_STAT_H 1
| #define HAVE_STDLIB_H 1
| #define HAVE_STRING_H 1
| #define HAVE_MEMORY_H 1
| #define HAVE_STRINGS_H 1
| #define HAVE_INTTYPES_H 1
| #define HAVE_STDINT_H 1
| #define HAVE_UNISTD_H 1
| #define HAVE_DLFCN_H 1
| #define LT_OBJDIR ".libs/"
| /* end confdefs.h.  */
| /* Define dlopen to an innocuous variant, in case <limits.h> declares dlopen.
|    For example, HP-UX 11i <limits.h> declares gettimeofday.  */
| #define dlopen innocuous_dlopen
| 
| /* System header to define __stub macros and hopefully few prototypes,
|     which can conflict with char dlopen (); below.
|     Prefer <limits.h> to <assert.h> if __STDC__ is defined, since
|     <limits.h> exists even on freestanding compilers.  */
| 
| #ifdef __STDC__
| # include <limits.h>
| #else
| # include <assert.h>
| #endif
| 
| #undef dlopen
| 
| /* Override any GCC internal prototype to avoid an error.
|    Use char because int might match the return type of a GCC
|    builtin and then its argument prototype would still apply.  */
| #ifdef __cplusplus
| extern "C"
| #endif
| char dlopen ();
| /* The GNU C library defines this for functions which it implements
|     to always fail with ENOSYS.  Some functions are actually named
|     something starting with __ and the normal name is an alias.  */
| #if defined __stub_dlopen || defined __stub___dlopen
| choke me
| #endif
| 
| int
| main ()
| {
| return dlopen ();
|   ;
|   return 0;
| }
configure:11142: result: no
configure:11147: checking for dlopen in -ldl
configure:11182: /usr/bin/gcc -o conftest -I/home/pivos/xbmc-depends/x86_64-linux-gnu-native/include  -I/home/pivos/xbmc-depends/x86_64-linux-gnu-native/include  -L/home/pivos/xbmc-depends/x86_64-linux-gnu-native/lib  conftest.c -ldl   >&5
configure:11189: $? = 0
configure:11210: result: yes
configure:11387: checking whether a program can dlopen itself
configure:11457: /usr/bin/gcc -o conftest -I/home/pivos/xbmc-depends/x86_64-linux-gnu-native/include  -I/home/pivos/xbmc-depends/x86_64-linux-gnu-native/include  -DHAVE_DLFCN_H -L/home/pivos/xbmc-depends/x86_64-linux-gnu-native/lib  -Wl,--export-dynamic conftest.c -ldl  >&5
configure:11460: $? = 0
configure:11478: result: yes
configure:11483: checking whether a statically linked program can dlopen itself
configure:11553: /usr/bin/gcc -o conftest -I/home/pivos/xbmc-depends/x86_64-linux-gnu-native/include  -I/home/pivos/xbmc-depends/x86_64-linux-gnu-native/include  -DHAVE_DLFCN_H -L/home/pivos/xbmc-depends/x86_64-linux-gnu-native/lib  -Wl,--export-dynamic -static conftest.c -ldl  >&5
/tmp/cc6iprP8.o: In function `main':
conftest.c:(.text+0x20): warning: Using 'dlopen' in statically linked applications requires at runtime the shared libraries from the glibc version used for linking
/usr/bin/ld: dynamic STT_GNU_IFUNC symbol `strcmp' with pointer equality in `/usr/lib/gcc/x86_64-linux-gnu/4.8/../../../x86_64-linux-gnu/libc.a(strcmp.o)' can not be used when making an executable; recompile with -fPIE and relink with -pie
collect2: error: ld returned 1 exit status
configure:11556: $? = 1
configure:11574: result: no
configure:11613: checking whether stripping libraries is possible
configure:11618: result: yes
configure:11653: checking if libtool supports shared libraries
configure:11655: result: yes
configure:11658: checking whether to build shared libraries
configure:11679: result: no
configure:11682: checking whether to build static libraries
configure:11686: result: yes
configure:11722: checking which extension is used for runtime loadable modules
configure:11732: result: .so
configure:11742: checking which variable specifies run-time module search path
configure:11749: result: LD_LIBRARY_PATH
configure:11759: checking for the default library search path
configure:11766: result: /lib /usr/lib /usr/lib/x86_64-linux-gnu/libfakeroot /usr/local/lib /lib/x86_64-linux-gnu /usr/lib/x86_64-linux-gnu /usr/lib/x86_64-linux-gnu/mesa-egl /usr/lib/x86_64-linux-gnu/mesa /lib32 /usr/lib32 
configure:11796: checking for library containing dlopen
configure:11837: /usr/bin/gcc -o conftest -I/home/pivos/xbmc-depends/x86_64-linux-gnu-native/include  -I/home/pivos/xbmc-depends/x86_64-linux-gnu-native/include  -L/home/pivos/xbmc-depends/x86_64-linux-gnu-native/lib  conftest.c  >&5
/tmp/ccTFXfAk.o: In function `main':
conftest.c:(.text+0xa): undefined reference to `dlopen'
collect2: error: ld returned 1 exit status
configure:11844: $? = 1
configure: failed program was:
| /* confdefs.h.  */
| #define PACKAGE_NAME "libtool"
| #define PACKAGE_TARNAME "libtool"
| #define PACKAGE_VERSION "2.2.6"
| #define PACKAGE_STRING "libtool 2.2.6"
| #define PACKAGE_BUGREPORT "bug-libtool@gnu.org"
| #define PACKAGE "libtool"
| #define VERSION "2.2.6"
| #define STDC_HEADERS 1
| #define HAVE_SYS_TYPES_H 1
| #define HAVE_SYS_STAT_H 1
| #define HAVE_STDLIB_H 1
| #define HAVE_STRING_H 1
| #define HAVE_MEMORY_H 1
| #define HAVE_STRINGS_H 1
| #define HAVE_INTTYPES_H 1
| #define HAVE_STDINT_H 1
| #define HAVE_UNISTD_H 1
| #define HAVE_DLFCN_H 1
| #define LT_OBJDIR ".libs/"
| #define LT_MODULE_EXT ".so"
| #define LT_MODULE_PATH_VAR "LD_LIBRARY_PATH"
| #define LT_DLSEARCH_PATH "/lib:/usr/lib:/usr/lib/x86_64-linux-gnu/libfakeroot:/usr/local/lib:/lib/x86_64-linux-gnu:/usr/lib/x86_64-linux-gnu:/usr/lib/x86_64-linux-gnu/mesa-egl:/usr/lib/x86_64-linux-gnu/mesa:/lib32:/usr/lib32"
| /* end confdefs.h.  */
| 
| /* Override any GCC internal prototype to avoid an error.
|    Use char because int might match the return type of a GCC
|    builtin and then its argument prototype would still apply.  */
| #ifdef __cplusplus
| extern "C"
| #endif
| char dlopen ();
| int
| main ()
| {
| return dlopen ();
|   ;
|   return 0;
| }
configure:11837: /usr/bin/gcc -o conftest -I/home/pivos/xbmc-depends/x86_64-linux-gnu-native/include  -I/home/pivos/xbmc-depends/x86_64-linux-gnu-native/include  -L/home/pivos/xbmc-depends/x86_64-linux-gnu-native/lib  conftest.c -ldl   >&5
configure:11844: $? = 0
configure:11875: result: -ldl
configure:12031: checking for dlerror
configure:12087: /usr/bin/gcc -o conftest -I/home/pivos/xbmc-depends/x86_64-linux-gnu-native/include  -I/home/pivos/xbmc-depends/x86_64-linux-gnu-native/include  -L/home/pivos/xbmc-depends/x86_64-linux-gnu-native/lib  conftest.c -ldl  -ldl >&5
configure:12094: $? = 0
configure:12116: result: yes
configure:12132: checking for shl_load
configure:12215: result: no
configure:12225: checking for shl_load in -ldld
configure:12288: result: no
configure:12480: checking for dld_link in -ldld
configure:12515: /usr/bin/gcc -o conftest -I/home/pivos/xbmc-depends/x86_64-linux-gnu-native/include  -I/home/pivos/xbmc-depends/x86_64-linux-gnu-native/include  -L/home/pivos/xbmc-depends/x86_64-linux-gnu-native/lib  conftest.c -ldld  -ldl  >&5
/usr/bin/ld: cannot find -ldld
collect2: error: ld returned 1 exit status
configure:12522: $? = 1
configure: failed program was:
| /* confdefs.h.  */
| #define PACKAGE_NAME "libtool"
| #define PACKAGE_TARNAME "libtool"
| #define PACKAGE_VERSION "2.2.6"
| #define PACKAGE_STRING "libtool 2.2.6"
| #define PACKAGE_BUGREPORT "bug-libtool@gnu.org"
| #define PACKAGE "libtool"
| #define VERSION "2.2.6"
| #define STDC_HEADERS 1
| #define HAVE_SYS_TYPES_H 1
| #define HAVE_SYS_STAT_H 1
| #define HAVE_STDLIB_H 1
| #define HAVE_STRING_H 1
| #define HAVE_MEMORY_H 1
| #define HAVE_STRINGS_H 1
| #define HAVE_INTTYPES_H 1
| #define HAVE_STDINT_H 1
| #define HAVE_UNISTD_H 1
| #define HAVE_DLFCN_H 1
| #define LT_OBJDIR ".libs/"
| #define LT_MODULE_EXT ".so"
| #define LT_MODULE_PATH_VAR "LD_LIBRARY_PATH"
| #define LT_DLSEARCH_PATH "/lib:/usr/lib:/usr/lib/x86_64-linux-gnu/libfakeroot:/usr/local/lib:/lib/x86_64-linux-gnu:/usr/lib/x86_64-linux-gnu:/usr/lib/x86_64-linux-gnu/mesa-egl:/usr/lib/x86_64-linux-gnu/mesa:/lib32:/usr/lib32"
| #define HAVE_LIBDL 1
| #define HAVE_DLERROR 1
| /* end confdefs.h.  */
| 
| /* Override any GCC internal prototype to avoid an error.
|    Use char because int might match the return type of a GCC
|    builtin and then its argument prototype would still apply.  */
| #ifdef __cplusplus
| extern "C"
| #endif
| char dld_link ();
| int
| main ()
| {
| return dld_link ();
|   ;
|   return 0;
| }
configure:12543: result: no
configure:12581: checking for _ prefix in compiled symbols
configure:12591: /usr/bin/gcc -c -I/home/pivos/xbmc-depends/x86_64-linux-gnu-native/include  -I/home/pivos/xbmc-depends/x86_64-linux-gnu-native/include  conftest.c >&5
configure:12594: $? = 0
configure:12598: /usr/bin/nm conftest.o \| sed -n -e 's/^.*[	 ]\([ABCDGIRSTW][ABCDGIRSTW]*\)[	 ][	 ]*\([_A-Za-z][_A-Za-z0-9]*\)$/\1 \2 \2/p' \> conftest.nm
configure:12601: $? = 0
configure:12623: result: no
configure:12739: checking whether deplibs are loaded by dlopen
configure:12833: result: yes
configure:12849: checking for argz.h
configure:12870: /usr/bin/gcc -c -I/home/pivos/xbmc-depends/x86_64-linux-gnu-native/include  -I/home/pivos/xbmc-depends/x86_64-linux-gnu-native/include  conftest.c >&5
configure:12877: $? = 0
configure:12894: result: yes
configure:12907: checking for error_t
configure:12938: /usr/bin/gcc -c -I/home/pivos/xbmc-depends/x86_64-linux-gnu-native/include  -I/home/pivos/xbmc-depends/x86_64-linux-gnu-native/include  conftest.c >&5
configure:12945: $? = 0
configure:12975: /usr/bin/gcc -c -I/home/pivos/xbmc-depends/x86_64-linux-gnu-native/include  -I/home/pivos/xbmc-depends/x86_64-linux-gnu-native/include  conftest.c >&5
conftest.c: In function 'main':
conftest.c:36:22: error: expected expression before ')' token
 if (sizeof ((error_t)))
                      ^
configure:12982: $? = 1
configure: failed program was:
| /* confdefs.h.  */
| #define PACKAGE_NAME "libtool"
| #define PACKAGE_TARNAME "libtool"
| #define PACKAGE_VERSION "2.2.6"
| #define PACKAGE_STRING "libtool 2.2.6"
| #define PACKAGE_BUGREPORT "bug-libtool@gnu.org"
| #define PACKAGE "libtool"
| #define VERSION "2.2.6"
| #define STDC_HEADERS 1
| #define HAVE_SYS_TYPES_H 1
| #define HAVE_SYS_STAT_H 1
| #define HAVE_STDLIB_H 1
| #define HAVE_STRING_H 1
| #define HAVE_MEMORY_H 1
| #define HAVE_STRINGS_H 1
| #define HAVE_INTTYPES_H 1
| #define HAVE_STDINT_H 1
| #define HAVE_UNISTD_H 1
| #define HAVE_DLFCN_H 1
| #define LT_OBJDIR ".libs/"
| #define LT_MODULE_EXT ".so"
| #define LT_MODULE_PATH_VAR "LD_LIBRARY_PATH"
| #define LT_DLSEARCH_PATH "/lib:/usr/lib:/usr/lib/x86_64-linux-gnu/libfakeroot:/usr/local/lib:/lib/x86_64-linux-gnu:/usr/lib/x86_64-linux-gnu:/usr/lib/x86_64-linux-gnu/mesa-egl:/usr/lib/x86_64-linux-gnu/mesa:/lib32:/usr/lib32"
| #define HAVE_LIBDL 1
| #define HAVE_DLERROR 1
| #define HAVE_LIBDLLOADER 1
| #define HAVE_ARGZ_H 1
| /* end confdefs.h.  */
| #if defined(HAVE_ARGZ_H)
| #  include <argz.h>
| #endif
| 
| int
| main ()
| {
| if (sizeof ((error_t)))
| 	  return 0;
|   ;
|   return 0;
| }
configure:13005: result: yes
configure:13040: checking for argz_add
configure:13096: /usr/bin/gcc -o conftest -I/home/pivos/xbmc-depends/x86_64-linux-gnu-native/include  -I/home/pivos/xbmc-depends/x86_64-linux-gnu-native/include  -L/home/pivos/xbmc-depends/x86_64-linux-gnu-native/lib  conftest.c -ldl  >&5
configure:13103: $? = 0
configure:13125: result: yes
configure:13040: checking for argz_append
configure:13096: /usr/bin/gcc -o conftest -I/home/pivos/xbmc-depends/x86_64-linux-gnu-native/include  -I/home/pivos/xbmc-depends/x86_64-linux-gnu-native/include  -L/home/pivos/xbmc-depends/x86_64-linux-gnu-native/lib  conftest.c -ldl  >&5
configure:13103: $? = 0
configure:13125: result: yes
configure:13040: checking for argz_count
configure:13096: /usr/bin/gcc -o conftest -I/home/pivos/xbmc-depends/x86_64-linux-gnu-native/include  -I/home/pivos/xbmc-depends/x86_64-linux-gnu-native/include  -L/home/pivos/xbmc-depends/x86_64-linux-gnu-native/lib  conftest.c -ldl  >&5
configure:13103: $? = 0
configure:13125: result: yes
configure:13040: checking for argz_create_sep
configure:13096: /usr/bin/gcc -o conftest -I/home/pivos/xbmc-depends/x86_64-linux-gnu-native/include  -I/home/pivos/xbmc-depends/x86_64-linux-gnu-native/include  -L/home/pivos/xbmc-depends/x86_64-linux-gnu-native/lib  conftest.c -ldl  >&5
configure:13103: $? = 0
configure:13125: result: yes
configure:13040: checking for argz_insert
configure:13096: /usr/bin/gcc -o conftest -I/home/pivos/xbmc-depends/x86_64-linux-gnu-native/include  -I/home/pivos/xbmc-depends/x86_64-linux-gnu-native/include  -L/home/pivos/xbmc-depends/x86_64-linux-gnu-native/lib  conftest.c -ldl  >&5
configure:13103: $? = 0
configure:13125: result: yes
configure:13040: checking for argz_next
configure:13096: /usr/bin/gcc -o conftest -I/home/pivos/xbmc-depends/x86_64-linux-gnu-native/include  -I/home/pivos/xbmc-depends/x86_64-linux-gnu-native/include  -L/home/pivos/xbmc-depends/x86_64-linux-gnu-native/lib  conftest.c -ldl  >&5
configure:13103: $? = 0
configure:13125: result: yes
configure:13040: checking for argz_stringify
configure:13096: /usr/bin/gcc -o conftest -I/home/pivos/xbmc-depends/x86_64-linux-gnu-native/include  -I/home/pivos/xbmc-depends/x86_64-linux-gnu-native/include  -L/home/pivos/xbmc-depends/x86_64-linux-gnu-native/lib  conftest.c -ldl  >&5
configure:13103: $? = 0
configure:13125: result: yes
configure:13145: checking if argz actually works
configure:13176: result: yes
configure:13199: checking whether libtool supports -dlopen/-dlpreopen
configure:13211: result: yes
configure:13273: checking for unistd.h
configure:13318: result: yes
configure:13273: checking for dl.h
configure:13294: /usr/bin/gcc -c -I/home/pivos/xbmc-depends/x86_64-linux-gnu-native/include  -I/home/pivos/xbmc-depends/x86_64-linux-gnu-native/include  conftest.c >&5
conftest.c:74:16: fatal error: dl.h: No such file or directory
 #include <dl.h>
                ^
compilation terminated.
configure:13301: $? = 1
configure: failed program was:
| /* confdefs.h.  */
| #define PACKAGE_NAME "libtool"
| #define PACKAGE_TARNAME "libtool"
| #define PACKAGE_VERSION "2.2.6"
| #define PACKAGE_STRING "libtool 2.2.6"
| #define PACKAGE_BUGREPORT "bug-libtool@gnu.org"
| #define PACKAGE "libtool"
| #define VERSION "2.2.6"
| #define STDC_HEADERS 1
| #define HAVE_SYS_TYPES_H 1
| #define HAVE_SYS_STAT_H 1
| #define HAVE_STDLIB_H 1
| #define HAVE_STRING_H 1
| #define HAVE_MEMORY_H 1
| #define HAVE_STRINGS_H 1
| #define HAVE_INTTYPES_H 1
| #define HAVE_STDINT_H 1
| #define HAVE_UNISTD_H 1
| #define HAVE_DLFCN_H 1
| #define LT_OBJDIR ".libs/"
| #define LT_MODULE_EXT ".so"
| #define LT_MODULE_PATH_VAR "LD_LIBRARY_PATH"
| #define LT_DLSEARCH_PATH "/lib:/usr/lib:/usr/lib/x86_64-linux-gnu/libfakeroot:/usr/local/lib:/lib/x86_64-linux-gnu:/usr/lib/x86_64-linux-gnu:/usr/lib/x86_64-linux-gnu/mesa-egl:/usr/lib/x86_64-linux-gnu/mesa:/lib32:/usr/lib32"
| #define HAVE_LIBDL 1
| #define HAVE_DLERROR 1
| #define HAVE_LIBDLLOADER 1
| #define HAVE_ARGZ_H 1
| #define HAVE_ERROR_T 1
| #define HAVE_ARGZ_ADD 1
| #define HAVE_ARGZ_APPEND 1
| #define HAVE_ARGZ_COUNT 1
| #define HAVE_ARGZ_CREATE_SEP 1
| #define HAVE_ARGZ_INSERT 1
| #define HAVE_ARGZ_NEXT 1
| #define HAVE_ARGZ_STRINGIFY 1
| #define HAVE_WORKING_ARGZ 1
| #define HAVE_PRELOADED_SYMBOLS 1
| #define HAVE_UNISTD_H 1
| /* end confdefs.h.  */
| #include <stdio.h>
| #ifdef HAVE_SYS_TYPES_H
| # include <sys/types.h>
| #endif
| #ifdef HAVE_SYS_STAT_H
| # include <sys/stat.h>
| #endif
| #ifdef STDC_HEADERS
| # include <stdlib.h>
| # include <stddef.h>
| #else
| # ifdef HAVE_STDLIB_H
| #  include <stdlib.h>
| # endif
| #endif
| #ifdef HAVE_STRING_H
| # if !defined STDC_HEADERS && defined HAVE_MEMORY_H
| #  include <memory.h>
| # endif
| # include <string.h>
| #endif
| #ifdef HAVE_STRINGS_H
| # include <strings.h>
| #endif
| #ifdef HAVE_INTTYPES_H
| # include <inttypes.h>
| #endif
| #ifdef HAVE_STDINT_H
| # include <stdint.h>
| #endif
| #ifdef HAVE_UNISTD_H
| # include <unistd.h>
| #endif
| 
| #include <dl.h>
configure:13318: result: no
configure:13273: checking for sys/dl.h
configure:13294: /usr/bin/gcc -c -I/home/pivos/xbmc-depends/x86_64-linux-gnu-native/include  -I/home/pivos/xbmc-depends/x86_64-linux-gnu-native/include  conftest.c >&5
conftest.c:74:20: fatal error: sys/dl.h: No such file or directory
 #include <sys/dl.h>
                    ^
compilation terminated.
configure:13301: $? = 1
configure: failed program was:
| /* confdefs.h.  */
| #define PACKAGE_NAME "libtool"
| #define PACKAGE_TARNAME "libtool"
| #define PACKAGE_VERSION "2.2.6"
| #define PACKAGE_STRING "libtool 2.2.6"
| #define PACKAGE_BUGREPORT "bug-libtool@gnu.org"
| #define PACKAGE "libtool"
| #define VERSION "2.2.6"
| #define STDC_HEADERS 1
| #define HAVE_SYS_TYPES_H 1
| #define HAVE_SYS_STAT_H 1
| #define HAVE_STDLIB_H 1
| #define HAVE_STRING_H 1
| #define HAVE_MEMORY_H 1
| #define HAVE_STRINGS_H 1
| #define HAVE_INTTYPES_H 1
| #define HAVE_STDINT_H 1
| #define HAVE_UNISTD_H 1
| #define HAVE_DLFCN_H 1
| #define LT_OBJDIR ".libs/"
| #define LT_MODULE_EXT ".so"
| #define LT_MODULE_PATH_VAR "LD_LIBRARY_PATH"
| #define LT_DLSEARCH_PATH "/lib:/usr/lib:/usr/lib/x86_64-linux-gnu/libfakeroot:/usr/local/lib:/lib/x86_64-linux-gnu:/usr/lib/x86_64-linux-gnu:/usr/lib/x86_64-linux-gnu/mesa-egl:/usr/lib/x86_64-linux-gnu/mesa:/lib32:/usr/lib32"
| #define HAVE_LIBDL 1
| #define HAVE_DLERROR 1
| #define HAVE_LIBDLLOADER 1
| #define HAVE_ARGZ_H 1
| #define HAVE_ERROR_T 1
| #define HAVE_ARGZ_ADD 1
| #define HAVE_ARGZ_APPEND 1
| #define HAVE_ARGZ_COUNT 1
| #define HAVE_ARGZ_CREATE_SEP 1
| #define HAVE_ARGZ_INSERT 1
| #define HAVE_ARGZ_NEXT 1
| #define HAVE_ARGZ_STRINGIFY 1
| #define HAVE_WORKING_ARGZ 1
| #define HAVE_PRELOADED_SYMBOLS 1
| #define HAVE_UNISTD_H 1
| /* end confdefs.h.  */
| #include <stdio.h>
| #ifdef HAVE_SYS_TYPES_H
| # include <sys/types.h>
| #endif
| #ifdef HAVE_SYS_STAT_H
| # include <sys/stat.h>
| #endif
| #ifdef STDC_HEADERS
| # include <stdlib.h>
| # include <stddef.h>
| #else
| # ifdef HAVE_STDLIB_H
| #  include <stdlib.h>
| # endif
| #endif
| #ifdef HAVE_STRING_H
| # if !defined STDC_HEADERS && defined HAVE_MEMORY_H
| #  include <memory.h>
| # endif
| # include <string.h>
| #endif
| #ifdef HAVE_STRINGS_H
| # include <strings.h>
| #endif
| #ifdef HAVE_INTTYPES_H
| # include <inttypes.h>
| #endif
| #ifdef HAVE_STDINT_H
| # include <stdint.h>
| #endif
| #ifdef HAVE_UNISTD_H
| # include <unistd.h>
| #endif
| 
| #include <sys/dl.h>
configure:13318: result: no
configure:13273: checking for dld.h
configure:13294: /usr/bin/gcc -c -I/home/pivos/xbmc-depends/x86_64-linux-gnu-native/include  -I/home/pivos/xbmc-depends/x86_64-linux-gnu-native/include  conftest.c >&5
conftest.c:74:17: fatal error: dld.h: No such file or directory
 #include <dld.h>
                 ^
compilation terminated.
configure:13301: $? = 1
configure: failed program was:
| /* confdefs.h.  */
| #define PACKAGE_NAME "libtool"
| #define PACKAGE_TARNAME "libtool"
| #define PACKAGE_VERSION "2.2.6"
| #define PACKAGE_STRING "libtool 2.2.6"
| #define PACKAGE_BUGREPORT "bug-libtool@gnu.org"
| #define PACKAGE "libtool"
| #define VERSION "2.2.6"
| #define STDC_HEADERS 1
| #define HAVE_SYS_TYPES_H 1
| #define HAVE_SYS_STAT_H 1
| #define HAVE_STDLIB_H 1
| #define HAVE_STRING_H 1
| #define HAVE_MEMORY_H 1
| #define HAVE_STRINGS_H 1
| #define HAVE_INTTYPES_H 1
| #define HAVE_STDINT_H 1
| #define HAVE_UNISTD_H 1
| #define HAVE_DLFCN_H 1
| #define LT_OBJDIR ".libs/"
| #define LT_MODULE_EXT ".so"
| #define LT_MODULE_PATH_VAR "LD_LIBRARY_PATH"
| #define LT_DLSEARCH_PATH "/lib:/usr/lib:/usr/lib/x86_64-linux-gnu/libfakeroot:/usr/local/lib:/lib/x86_64-linux-gnu:/usr/lib/x86_64-linux-gnu:/usr/lib/x86_64-linux-gnu/mesa-egl:/usr/lib/x86_64-linux-gnu/mesa:/lib32:/usr/lib32"
| #define HAVE_LIBDL 1
| #define HAVE_DLERROR 1
| #define HAVE_LIBDLLOADER 1
| #define HAVE_ARGZ_H 1
| #define HAVE_ERROR_T 1
| #define HAVE_ARGZ_ADD 1
| #define HAVE_ARGZ_APPEND 1
| #define HAVE_ARGZ_COUNT 1
| #define HAVE_ARGZ_CREATE_SEP 1
| #define HAVE_ARGZ_INSERT 1
| #define HAVE_ARGZ_NEXT 1
| #define HAVE_ARGZ_STRINGIFY 1
| #define HAVE_WORKING_ARGZ 1
| #define HAVE_PRELOADED_SYMBOLS 1
| #define HAVE_UNISTD_H 1
| /* end confdefs.h.  */
| #include <stdio.h>
| #ifdef HAVE_SYS_TYPES_H
| # include <sys/types.h>
| #endif
| #ifdef HAVE_SYS_STAT_H
| # include <sys/stat.h>
| #endif
| #ifdef STDC_HEADERS
| # include <stdlib.h>
| # include <stddef.h>
| #else
| # ifdef HAVE_STDLIB_H
| #  include <stdlib.h>
| # endif
| #endif
| #ifdef HAVE_STRING_H
| # if !defined STDC_HEADERS && defined HAVE_MEMORY_H
| #  include <memory.h>
| # endif
| # include <string.h>
| #endif
| #ifdef HAVE_STRINGS_H
| # include <strings.h>
| #endif
| #ifdef HAVE_INTTYPES_H
| # include <inttypes.h>
| #endif
| #ifdef HAVE_STDINT_H
| # include <stdint.h>
| #endif
| #ifdef HAVE_UNISTD_H
| # include <unistd.h>
| #endif
| 
| #include <dld.h>
configure:13318: result: no
configure:13273: checking for mach-o/dyld.h
configure:13294: /usr/bin/gcc -c -I/home/pivos/xbmc-depends/x86_64-linux-gnu-native/include  -I/home/pivos/xbmc-depends/x86_64-linux-gnu-native/include  conftest.c >&5
conftest.c:74:25: fatal error: mach-o/dyld.h: No such file or directory
 #include <mach-o/dyld.h>
                         ^
compilation terminated.
configure:13301: $? = 1
configure: failed program was:
| /* confdefs.h.  */
| #define PACKAGE_NAME "libtool"
| #define PACKAGE_TARNAME "libtool"
| #define PACKAGE_VERSION "2.2.6"
| #define PACKAGE_STRING "libtool 2.2.6"
| #define PACKAGE_BUGREPORT "bug-libtool@gnu.org"
| #define PACKAGE "libtool"
| #define VERSION "2.2.6"
| #define STDC_HEADERS 1
| #define HAVE_SYS_TYPES_H 1
| #define HAVE_SYS_STAT_H 1
| #define HAVE_STDLIB_H 1
| #define HAVE_STRING_H 1
| #define HAVE_MEMORY_H 1
| #define HAVE_STRINGS_H 1
| #define HAVE_INTTYPES_H 1
| #define HAVE_STDINT_H 1
| #define HAVE_UNISTD_H 1
| #define HAVE_DLFCN_H 1
| #define LT_OBJDIR ".libs/"
| #define LT_MODULE_EXT ".so"
| #define LT_MODULE_PATH_VAR "LD_LIBRARY_PATH"
| #define LT_DLSEARCH_PATH "/lib:/usr/lib:/usr/lib/x86_64-linux-gnu/libfakeroot:/usr/local/lib:/lib/x86_64-linux-gnu:/usr/lib/x86_64-linux-gnu:/usr/lib/x86_64-linux-gnu/mesa-egl:/usr/lib/x86_64-linux-gnu/mesa:/lib32:/usr/lib32"
| #define HAVE_LIBDL 1
| #define HAVE_DLERROR 1
| #define HAVE_LIBDLLOADER 1
| #define HAVE_ARGZ_H 1
| #define HAVE_ERROR_T 1
| #define HAVE_ARGZ_ADD 1
| #define HAVE_ARGZ_APPEND 1
| #define HAVE_ARGZ_COUNT 1
| #define HAVE_ARGZ_CREATE_SEP 1
| #define HAVE_ARGZ_INSERT 1
| #define HAVE_ARGZ_NEXT 1
| #define HAVE_ARGZ_STRINGIFY 1
| #define HAVE_WORKING_ARGZ 1
| #define HAVE_PRELOADED_SYMBOLS 1
| #define HAVE_UNISTD_H 1
| /* end confdefs.h.  */
| #include <stdio.h>
| #ifdef HAVE_SYS_TYPES_H
| # include <sys/types.h>
| #endif
| #ifdef HAVE_SYS_STAT_H
| # include <sys/stat.h>
| #endif
| #ifdef STDC_HEADERS
| # include <stdlib.h>
| # include <stddef.h>
| #else
| # ifdef HAVE_STDLIB_H
| #  include <stdlib.h>
| # endif
| #endif
| #ifdef HAVE_STRING_H
| # if !defined STDC_HEADERS && defined HAVE_MEMORY_H
| #  include <memory.h>
| # endif
| # include <string.h>
| #endif
| #ifdef HAVE_STRINGS_H
| # include <strings.h>
| #endif
| #ifdef HAVE_INTTYPES_H
| # include <inttypes.h>
| #endif
| #ifdef HAVE_STDINT_H
| # include <stdint.h>
| #endif
| #ifdef HAVE_UNISTD_H
| # include <unistd.h>
| #endif
| 
| #include <mach-o/dyld.h>
configure:13318: result: no
configure:13273: checking for dirent.h
configure:13294: /usr/bin/gcc -c -I/home/pivos/xbmc-depends/x86_64-linux-gnu-native/include  -I/home/pivos/xbmc-depends/x86_64-linux-gnu-native/include  conftest.c >&5
configure:13301: $? = 0
configure:13318: result: yes
configure:13337: checking for closedir
configure:13393: /usr/bin/gcc -o conftest -I/home/pivos/xbmc-depends/x86_64-linux-gnu-native/include  -I/home/pivos/xbmc-depends/x86_64-linux-gnu-native/include  -L/home/pivos/xbmc-depends/x86_64-linux-gnu-native/lib  conftest.c -ldl  >&5
configure:13400: $? = 0
configure:13422: result: yes
configure:13337: checking for opendir
configure:13393: /usr/bin/gcc -o conftest -I/home/pivos/xbmc-depends/x86_64-linux-gnu-native/include  -I/home/pivos/xbmc-depends/x86_64-linux-gnu-native/include  -L/home/pivos/xbmc-depends/x86_64-linux-gnu-native/lib  conftest.c -ldl  >&5
configure:13400: $? = 0
configure:13422: result: yes
configure:13337: checking for readdir
configure:13393: /usr/bin/gcc -o conftest -I/home/pivos/xbmc-depends/x86_64-linux-gnu-native/include  -I/home/pivos/xbmc-depends/x86_64-linux-gnu-native/include  -L/home/pivos/xbmc-depends/x86_64-linux-gnu-native/lib  conftest.c -ldl  >&5
configure:13400: $? = 0
configure:13422: result: yes
configure:13445: checking for strlcat
configure:13501: /usr/bin/gcc -o conftest -I/home/pivos/xbmc-depends/x86_64-linux-gnu-native/include  -I/home/pivos/xbmc-depends/x86_64-linux-gnu-native/include  -L/home/pivos/xbmc-depends/x86_64-linux-gnu-native/lib  conftest.c -ldl  >&5
/tmp/ccm94Zww.o: In function `main':
conftest.c:(.text+0xa): undefined reference to `strlcat'
collect2: error: ld returned 1 exit status
configure:13508: $? = 1
configure: failed program was:
| /* confdefs.h.  */
| #define PACKAGE_NAME "libtool"
| #define PACKAGE_TARNAME "libtool"
| #define PACKAGE_VERSION "2.2.6"
| #define PACKAGE_STRING "libtool 2.2.6"
| #define PACKAGE_BUGREPORT "bug-libtool@gnu.org"
| #define PACKAGE "libtool"
| #define VERSION "2.2.6"
| #define STDC_HEADERS 1
| #define HAVE_SYS_TYPES_H 1
| #define HAVE_SYS_STAT_H 1
| #define HAVE_STDLIB_H 1
| #define HAVE_STRING_H 1
| #define HAVE_MEMORY_H 1
| #define HAVE_STRINGS_H 1
| #define HAVE_INTTYPES_H 1
| #define HAVE_STDINT_H 1
| #define HAVE_UNISTD_H 1
| #define HAVE_DLFCN_H 1
| #define LT_OBJDIR ".libs/"
| #define LT_MODULE_EXT ".so"
| #define LT_MODULE_PATH_VAR "LD_LIBRARY_PATH"
| #define LT_DLSEARCH_PATH "/lib:/usr/lib:/usr/lib/x86_64-linux-gnu/libfakeroot:/usr/local/lib:/lib/x86_64-linux-gnu:/usr/lib/x86_64-linux-gnu:/usr/lib/x86_64-linux-gnu/mesa-egl:/usr/lib/x86_64-linux-gnu/mesa:/lib32:/usr/lib32"
| #define HAVE_LIBDL 1
| #define HAVE_DLERROR 1
| #define HAVE_LIBDLLOADER 1
| #define HAVE_ARGZ_H 1
| #define HAVE_ERROR_T 1
| #define HAVE_ARGZ_ADD 1
| #define HAVE_ARGZ_APPEND 1
| #define HAVE_ARGZ_COUNT 1
| #define HAVE_ARGZ_CREATE_SEP 1
| #define HAVE_ARGZ_INSERT 1
| #define HAVE_ARGZ_NEXT 1
| #define HAVE_ARGZ_STRINGIFY 1
| #define HAVE_WORKING_ARGZ 1
| #define HAVE_PRELOADED_SYMBOLS 1
| #define HAVE_UNISTD_H 1
| #define HAVE_DIRENT_H 1
| #define HAVE_CLOSEDIR 1
| #define HAVE_OPENDIR 1
| #define HAVE_READDIR 1
| /* end confdefs.h.  */
| /* Define strlcat to an innocuous variant, in case <limits.h> declares strlcat.
|    For example, HP-UX 11i <limits.h> declares gettimeofday.  */
| #define strlcat innocuous_strlcat
| 
| /* System header to define __stub macros and hopefully few prototypes,
|     which can conflict with char strlcat (); below.
|     Prefer <limits.h> to <assert.h> if __STDC__ is defined, since
|     <limits.h> exists even on freestanding compilers.  */
| 
| #ifdef __STDC__
| # include <limits.h>
| #else
| # include <assert.h>
| #endif
| 
| #undef strlcat
| 
| /* Override any GCC internal prototype to avoid an error.
|    Use char because int might match the return type of a GCC
|    builtin and then its argument prototype would still apply.  */
| #ifdef __cplusplus
| extern "C"
| #endif
| char strlcat ();
| /* The GNU C library defines this for functions which it implements
|     to always fail with ENOSYS.  Some functions are actually named
|     something starting with __ and the normal name is an alias.  */
| #if defined __stub_strlcat || defined __stub___strlcat
| choke me
| #endif
| 
| int
| main ()
| {
| return strlcat ();
|   ;
|   return 0;
| }
configure:13530: result: no
configure:13445: checking for strlcpy
configure:13501: /usr/bin/gcc -o conftest -I/home/pivos/xbmc-depends/x86_64-linux-gnu-native/include  -I/home/pivos/xbmc-depends/x86_64-linux-gnu-native/include  -L/home/pivos/xbmc-depends/x86_64-linux-gnu-native/lib  conftest.c -ldl  >&5
/tmp/cceDTCmK.o: In function `main':
conftest.c:(.text+0xa): undefined reference to `strlcpy'
collect2: error: ld returned 1 exit status
configure:13508: $? = 1
configure: failed program was:
| /* confdefs.h.  */
| #define PACKAGE_NAME "libtool"
| #define PACKAGE_TARNAME "libtool"
| #define PACKAGE_VERSION "2.2.6"
| #define PACKAGE_STRING "libtool 2.2.6"
| #define PACKAGE_BUGREPORT "bug-libtool@gnu.org"
| #define PACKAGE "libtool"
| #define VERSION "2.2.6"
| #define STDC_HEADERS 1
| #define HAVE_SYS_TYPES_H 1
| #define HAVE_SYS_STAT_H 1
| #define HAVE_STDLIB_H 1
| #define HAVE_STRING_H 1
| #define HAVE_MEMORY_H 1
| #define HAVE_STRINGS_H 1
| #define HAVE_INTTYPES_H 1
| #define HAVE_STDINT_H 1
| #define HAVE_UNISTD_H 1
| #define HAVE_DLFCN_H 1
| #define LT_OBJDIR ".libs/"
| #define LT_MODULE_EXT ".so"
| #define LT_MODULE_PATH_VAR "LD_LIBRARY_PATH"
| #define LT_DLSEARCH_PATH "/lib:/usr/lib:/usr/lib/x86_64-linux-gnu/libfakeroot:/usr/local/lib:/lib/x86_64-linux-gnu:/usr/lib/x86_64-linux-gnu:/usr/lib/x86_64-linux-gnu/mesa-egl:/usr/lib/x86_64-linux-gnu/mesa:/lib32:/usr/lib32"
| #define HAVE_LIBDL 1
| #define HAVE_DLERROR 1
| #define HAVE_LIBDLLOADER 1
| #define HAVE_ARGZ_H 1
| #define HAVE_ERROR_T 1
| #define HAVE_ARGZ_ADD 1
| #define HAVE_ARGZ_APPEND 1
| #define HAVE_ARGZ_COUNT 1
| #define HAVE_ARGZ_CREATE_SEP 1
| #define HAVE_ARGZ_INSERT 1
| #define HAVE_ARGZ_NEXT 1
| #define HAVE_ARGZ_STRINGIFY 1
| #define HAVE_WORKING_ARGZ 1
| #define HAVE_PRELOADED_SYMBOLS 1
| #define HAVE_UNISTD_H 1
| #define HAVE_DIRENT_H 1
| #define HAVE_CLOSEDIR 1
| #define HAVE_OPENDIR 1
| #define HAVE_READDIR 1
| /* end confdefs.h.  */
| /* Define strlcpy to an innocuous variant, in case <limits.h> declares strlcpy.
|    For example, HP-UX 11i <limits.h> declares gettimeofday.  */
| #define strlcpy innocuous_strlcpy
| 
| /* System header to define __stub macros and hopefully few prototypes,
|     which can conflict with char strlcpy (); below.
|     Prefer <limits.h> to <assert.h> if __STDC__ is defined, since
|     <limits.h> exists even on freestanding compilers.  */
| 
| #ifdef __STDC__
| # include <limits.h>
| #else
| # include <assert.h>
| #endif
| 
| #undef strlcpy
| 
| /* Override any GCC internal prototype to avoid an error.
|    Use char because int might match the return type of a GCC
|    builtin and then its argument prototype would still apply.  */
| #ifdef __cplusplus
| extern "C"
| #endif
| char strlcpy ();
| /* The GNU C library defines this for functions which it implements
|     to always fail with ENOSYS.  Some functions are actually named
|     something starting with __ and the normal name is an alias.  */
| #if defined __stub_strlcpy || defined __stub___strlcpy
| choke me
| #endif
| 
| int
| main ()
| {
| return strlcpy ();
|   ;
|   return 0;
| }
configure:13530: result: no
configure:13679: checking for C++ compiler version
configure:13687: /usr/bin/g++ --version >&5
g++ (Ubuntu 4.8.4-2ubuntu1~14.04) 4.8.4
Copyright (C) 2013 Free Software Foundation, Inc.
This is free software; see the source for copying conditions.  There is NO
warranty; not even for MERCHANTABILITY or FITNESS FOR A PARTICULAR PURPOSE.

configure:13691: $? = 0
configure:13698: /usr/bin/g++ -v >&5
Using built-in specs.
COLLECT_GCC=/usr/bin/g++
COLLECT_LTO_WRAPPER=/usr/lib/gcc/x86_64-linux-gnu/4.8/lto-wrapper
Target: x86_64-linux-gnu
Configured with: ../src/configure -v --with-pkgversion='Ubuntu 4.8.4-2ubuntu1~14.04' --with-bugurl=file:///usr/share/doc/gcc-4.8/README.Bugs --enable-languages=c,c++,java,go,d,fortran,objc,obj-c++ --prefix=/usr --program-suffix=-4.8 --enable-shared --enable-linker-build-id --libexecdir=/usr/lib --without-included-gettext --enable-threads=posix --with-gxx-include-dir=/usr/include/c++/4.8 --libdir=/usr/lib --enable-nls --with-sysroot=/ --enable-clocale=gnu --enable-libstdcxx-debug --enable-libstdcxx-time=yes --enable-gnu-unique-object --disable-libmudflap --enable-plugin --with-system-zlib --disable-browser-plugin --enable-java-awt=gtk --enable-gtk-cairo --with-java-home=/usr/lib/jvm/java-1.5.0-gcj-4.8-amd64/jre --enable-java-home --with-jvm-root-dir=/usr/lib/jvm/java-1.5.0-gcj-4.8-amd64 --with-jvm-jar-dir=/usr/lib/jvm-exports/java-1.5.0-gcj-4.8-amd64 --with-arch-directory=amd64 --with-ecj-jar=/usr/share/java/eclipse-ecj.jar --enable-objc-gc --enable-multiarch --disable-werror --with-arch-32=i686 --with-abi=m64 --with-multilib-list=m32,m64,mx32 --with-tune=generic --enable-checking=release --build=x86_64-linux-gnu --host=x86_64-linux-gnu --target=x86_64-linux-gnu
Thread model: posix
gcc version 4.8.4 (Ubuntu 4.8.4-2ubuntu1~14.04) 
configure:13702: $? = 0
configure:13709: /usr/bin/g++ -V >&5
g++: error: unrecognized command line option '-V'
g++: fatal error: no input files
compilation terminated.
configure:13713: $? = 4
configure:13716: checking whether we are using the GNU C++ compiler
configure:13745: /usr/bin/g++ -c -I/home/pivos/xbmc-depends/x86_64-linux-gnu-native/include  -I/home/pivos/xbmc-depends/x86_64-linux-gnu-native/include  conftest.cpp >&5
configure:13752: $? = 0
configure:13769: result: yes
configure:13778: checking whether /usr/bin/g++ accepts -g
configure:13808: /usr/bin/g++ -c -g -I/home/pivos/xbmc-depends/x86_64-linux-gnu-native/include  conftest.cpp >&5
configure:13815: $? = 0
configure:13916: result: yes
configure:13941: checking dependency style of /usr/bin/g++
configure:14032: result: gcc3
configure:14055: checking how to run the C++ preprocessor
configure:14091: /usr/bin/g++ -E -I/home/pivos/xbmc-depends/x86_64-linux-gnu-native/include  conftest.cpp
configure:14098: $? = 0
configure:14129: /usr/bin/g++ -E -I/home/pivos/xbmc-depends/x86_64-linux-gnu-native/include  conftest.cpp
conftest.cpp:45:28: fatal error: ac_nonexistent.h: No such file or directory
 #include <ac_nonexistent.h>
                            ^
compilation terminated.
configure:14136: $? = 1
configure: failed program was:
| /* confdefs.h.  */
| #define PACKAGE_NAME "libtool"
| #define PACKAGE_TARNAME "libtool"
| #define PACKAGE_VERSION "2.2.6"
| #define PACKAGE_STRING "libtool 2.2.6"
| #define PACKAGE_BUGREPORT "bug-libtool@gnu.org"
| #define PACKAGE "libtool"
| #define VERSION "2.2.6"
| #define STDC_HEADERS 1
| #define HAVE_SYS_TYPES_H 1
| #define HAVE_SYS_STAT_H 1
| #define HAVE_STDLIB_H 1
| #define HAVE_STRING_H 1
| #define HAVE_MEMORY_H 1
| #define HAVE_STRINGS_H 1
| #define HAVE_INTTYPES_H 1
| #define HAVE_STDINT_H 1
| #define HAVE_UNISTD_H 1
| #define HAVE_DLFCN_H 1
| #define LT_OBJDIR ".libs/"
| #define LT_MODULE_EXT ".so"
| #define LT_MODULE_PATH_VAR "LD_LIBRARY_PATH"
| #define LT_DLSEARCH_PATH "/lib:/usr/lib:/usr/lib/x86_64-linux-gnu/libfakeroot:/usr/local/lib:/lib/x86_64-linux-gnu:/usr/lib/x86_64-linux-gnu:/usr/lib/x86_64-linux-gnu/mesa-egl:/usr/lib/x86_64-linux-gnu/mesa:/lib32:/usr/lib32"
| #define HAVE_LIBDL 1
| #define HAVE_DLERROR 1
| #define HAVE_LIBDLLOADER 1
| #define HAVE_ARGZ_H 1
| #define HAVE_ERROR_T 1
| #define HAVE_ARGZ_ADD 1
| #define HAVE_ARGZ_APPEND 1
| #define HAVE_ARGZ_COUNT 1
| #define HAVE_ARGZ_CREATE_SEP 1
| #define HAVE_ARGZ_INSERT 1
| #define HAVE_ARGZ_NEXT 1
| #define HAVE_ARGZ_STRINGIFY 1
| #define HAVE_WORKING_ARGZ 1
| #define HAVE_PRELOADED_SYMBOLS 1
| #define HAVE_UNISTD_H 1
| #define HAVE_DIRENT_H 1
| #define HAVE_CLOSEDIR 1
| #define HAVE_OPENDIR 1
| #define HAVE_READDIR 1
| #define LT_LIBEXT "a"
| /* end confdefs.h.  */
| #include <ac_nonexistent.h>
configure:14169: result: /usr/bin/g++ -E
configure:14198: /usr/bin/g++ -E -I/home/pivos/xbmc-depends/x86_64-linux-gnu-native/include  conftest.cpp
configure:14205: $? = 0
configure:14236: /usr/bin/g++ -E -I/home/pivos/xbmc-depends/x86_64-linux-gnu-native/include  conftest.cpp
conftest.cpp:45:28: fatal error: ac_nonexistent.h: No such file or directory
 #include <ac_nonexistent.h>
                            ^
compilation terminated.
configure:14243: $? = 1
configure: failed program was:
| /* confdefs.h.  */
| #define PACKAGE_NAME "libtool"
| #define PACKAGE_TARNAME "libtool"
| #define PACKAGE_VERSION "2.2.6"
| #define PACKAGE_STRING "libtool 2.2.6"
| #define PACKAGE_BUGREPORT "bug-libtool@gnu.org"
| #define PACKAGE "libtool"
| #define VERSION "2.2.6"
| #define STDC_HEADERS 1
| #define HAVE_SYS_TYPES_H 1
| #define HAVE_SYS_STAT_H 1
| #define HAVE_STDLIB_H 1
| #define HAVE_STRING_H 1
| #define HAVE_MEMORY_H 1
| #define HAVE_STRINGS_H 1
| #define HAVE_INTTYPES_H 1
| #define HAVE_STDINT_H 1
| #define HAVE_UNISTD_H 1
| #define HAVE_DLFCN_H 1
| #define LT_OBJDIR ".libs/"
| #define LT_MODULE_EXT ".so"
| #define LT_MODULE_PATH_VAR "LD_LIBRARY_PATH"
| #define LT_DLSEARCH_PATH "/lib:/usr/lib:/usr/lib/x86_64-linux-gnu/libfakeroot:/usr/local/lib:/lib/x86_64-linux-gnu:/usr/lib/x86_64-linux-gnu:/usr/lib/x86_64-linux-gnu/mesa-egl:/usr/lib/x86_64-linux-gnu/mesa:/lib32:/usr/lib32"
| #define HAVE_LIBDL 1
| #define HAVE_DLERROR 1
| #define HAVE_LIBDLLOADER 1
| #define HAVE_ARGZ_H 1
| #define HAVE_ERROR_T 1
| #define HAVE_ARGZ_ADD 1
| #define HAVE_ARGZ_APPEND 1
| #define HAVE_ARGZ_COUNT 1
| #define HAVE_ARGZ_CREATE_SEP 1
| #define HAVE_ARGZ_INSERT 1
| #define HAVE_ARGZ_NEXT 1
| #define HAVE_ARGZ_STRINGIFY 1
| #define HAVE_WORKING_ARGZ 1
| #define HAVE_PRELOADED_SYMBOLS 1
| #define HAVE_UNISTD_H 1
| #define HAVE_DIRENT_H 1
| #define HAVE_CLOSEDIR 1
| #define HAVE_OPENDIR 1
| #define HAVE_READDIR 1
| #define LT_LIBEXT "a"
| /* end confdefs.h.  */
| #include <ac_nonexistent.h>
configure:14417: checking for ld used by /usr/bin/g++
configure:14484: result: /usr/bin/ld -m elf_x86_64
configure:14493: checking if the linker (/usr/bin/ld -m elf_x86_64) is GNU ld
configure:14508: result: yes
configure:14563: checking whether the /usr/bin/g++ linker (/usr/bin/ld -m elf_x86_64) supports shared libraries
configure:15538: result: yes
configure:15566: /usr/bin/g++ -c -I/home/pivos/xbmc-depends/x86_64-linux-gnu-native/include  -I/home/pivos/xbmc-depends/x86_64-linux-gnu-native/include  conftest.cpp >&5
configure:15569: $? = 0
configure:15751: checking for /usr/bin/g++ option to produce PIC
configure:16068: result: -fPIC -DPIC
configure:16077: checking if /usr/bin/g++ PIC flag -fPIC -DPIC works
configure:16095: /usr/bin/g++ -c -I/home/pivos/xbmc-depends/x86_64-linux-gnu-native/include  -I/home/pivos/xbmc-depends/x86_64-linux-gnu-native/include  -fPIC -DPIC -DPIC conftest.cpp >&5
configure:16099: $? = 0
configure:16112: result: yes
configure:16133: checking if /usr/bin/g++ static flag -static works
configure:16161: result: yes
configure:16173: checking if /usr/bin/g++ supports -c -o file.o
configure:16194: /usr/bin/g++ -c -I/home/pivos/xbmc-depends/x86_64-linux-gnu-native/include  -I/home/pivos/xbmc-depends/x86_64-linux-gnu-native/include  -o out/conftest2.o conftest.cpp >&5
configure:16198: $? = 0
configure:16220: result: yes
configure:16225: checking if /usr/bin/g++ supports -c -o file.o
configure:16272: result: yes
configure:16302: checking whether the /usr/bin/g++ linker (/usr/bin/ld -m elf_x86_64) supports shared libraries
configure:16328: result: yes
configure:16465: checking dynamic linker characteristics
configure:16856: /usr/bin/g++ -o conftest -I/home/pivos/xbmc-depends/x86_64-linux-gnu-native/include  -I/home/pivos/xbmc-depends/x86_64-linux-gnu-native/include  -L/home/pivos/xbmc-depends/x86_64-linux-gnu-native/lib  -Wl,-rpath -Wl,/foo conftest.cpp -ldl  >&5
configure:16863: $? = 0
configure:17096: result: GNU/Linux ld.so
configure:17147: checking how to hardcode library paths into programs
configure:17172: result: immediate
configure:17266: checking for g77
configure:17296: result: no
configure:17266: checking for xlf
configure:17296: result: no
configure:17266: checking for f77
configure:17296: result: no
configure:17266: checking for frt
configure:17296: result: no
configure:17266: checking for pgf77
configure:17296: result: no
configure:17266: checking for cf77
configure:17296: result: no
configure:17266: checking for fort77
configure:17296: result: no
configure:17266: checking for fl32
configure:17296: result: no
configure:17266: checking for af77
configure:17296: result: no
configure:17266: checking for xlf90
configure:17296: result: no
configure:17266: checking for f90
configure:17296: result: no
configure:17266: checking for pgf90
configure:17296: result: no
configure:17266: checking for pghpf
configure:17296: result: no
configure:17266: checking for epcf90
configure:17296: result: no
configure:17266: checking for gfortran
configure:17296: result: no
configure:17266: checking for g95
configure:17296: result: no
configure:17266: checking for xlf95
configure:17296: result: no
configure:17266: checking for f95
configure:17296: result: no
configure:17266: checking for fort
configure:17296: result: no
configure:17266: checking for ifort
configure:17296: result: no
configure:17266: checking for ifc
configure:17296: result: no
configure:17266: checking for efc
configure:17296: result: no
configure:17266: checking for pgf95
configure:17296: result: no
configure:17266: checking for lf95
configure:17296: result: no
configure:17266: checking for ftn
configure:17296: result: no
configure:17323: checking for Fortran 77 compiler version
configure:17331:  --version >&5
./configure: line 17333: --version: command not found
configure:17335: $? = 127
configure:17342:  -v >&5
./configure: line 17344: -v: command not found
configure:17346: $? = 127
configure:17353:  -V >&5
./configure: line 17355: -V: command not found
configure:17357: $? = 127
configure:17365: checking whether we are using the GNU Fortran 77 compiler
configure:17384:  -c  conftest.F >&5
./configure: line 17386: -c: command not found
configure:17391: $? = 127
configure: failed program was:
|       program main
| #ifndef __GNUC__
|        choke me
| #endif
| 
|       end
configure:17408: result: no
configure:17414: checking whether  accepts -g
configure:17431:  -c -g conftest.f >&5
./configure: line 17433: -c: command not found
configure:17438: $? = 127
configure: failed program was:
|       program main
| 
|       end
configure:17454: result: no
configure:20117: checking for gfortran
configure:20147: result: no
configure:20117: checking for g95
configure:20147: result: no
configure:20117: checking for xlf95
configure:20147: result: no
configure:20117: checking for f95
configure:20147: result: no
configure:20117: checking for fort
configure:20147: result: no
configure:20117: checking for ifort
configure:20147: result: no
configure:20117: checking for ifc
configure:20147: result: no
configure:20117: checking for efc
configure:20147: result: no
configure:20117: checking for pgf95
configure:20147: result: no
configure:20117: checking for lf95
configure:20147: result: no
configure:20117: checking for ftn
configure:20147: result: no
configure:20117: checking for xlf90
configure:20147: result: no
configure:20117: checking for f90
configure:20147: result: no
configure:20117: checking for pgf90
configure:20147: result: no
configure:20117: checking for pghpf
configure:20147: result: no
configure:20117: checking for epcf90
configure:20147: result: no
configure:20117: checking for g77
configure:20147: result: no
configure:20117: checking for xlf
configure:20147: result: no
configure:20117: checking for f77
configure:20147: result: no
configure:20117: checking for frt
configure:20147: result: no
configure:20117: checking for pgf77
configure:20147: result: no
configure:20117: checking for cf77
configure:20147: result: no
configure:20117: checking for fort77
configure:20147: result: no
configure:20117: checking for fl32
configure:20147: result: no
configure:20117: checking for af77
configure:20147: result: no
configure:20174: checking for Fortran compiler version
configure:20182:  --version >&5
./configure: line 20184: --version: command not found
configure:20186: $? = 127
configure:20193:  -v >&5
./configure: line 20195: -v: command not found
configure:20197: $? = 127
configure:20204:  -V >&5
./configure: line 20206: -V: command not found
configure:20208: $? = 127
configure:20216: checking whether we are using the GNU Fortran compiler
configure:20235:  -c   conftest.F >&5
./configure: line 20237: -c: command not found
configure:20242: $? = 127
configure: failed program was:
|       program main
| #ifndef __GNUC__
|        choke me
| #endif
| 
|       end
configure:20259: result: no
configure:20265: checking whether  accepts -g
configure:20282:  -c -g  conftest.f >&5
./configure: line 20284: -c: command not found
configure:20289: $? = 127
configure: failed program was:
|       program main
| 
|       end
configure:20305: result: no
configure:23078: checking for gcj
configure:23108: result: no
configure:25082: checking for windres
configure:25112: result: no
configure:25449: creating ./config.status

## ---------------------- ##
## Running config.status. ##
## ---------------------- ##

This file was extended by libtool config.status 2.2.6, which was
generated by GNU Autoconf 2.62.  Invocation command line was

  CONFIG_FILES    = 
  CONFIG_HEADERS  = 
  CONFIG_LINKS    = 
  CONFIG_COMMANDS = 
  $ ./config.status 

on pivos-VirtualBox

config.status:1314: creating Makefile
config.status:1314: creating config.h
config.status:1588: executing tests/atconfig commands
config.status:1588: executing depfiles commands
config.status:1588: executing libtool commands

## ---------------- ##
## Cache variables. ##
## ---------------- ##

ac_cv_build=x86_64-unknown-linux-gnu
ac_cv_c_compiler_gnu=yes
ac_cv_cxx_compiler_gnu=yes
ac_cv_env_CCC_set=
ac_cv_env_CCC_value=
ac_cv_env_CC_set=
ac_cv_env_CC_value=
ac_cv_env_CFLAGS_set=
ac_cv_env_CFLAGS_value=
ac_cv_env_CPPFLAGS_set=
ac_cv_env_CPPFLAGS_value=
ac_cv_env_CPP_set=
ac_cv_env_CPP_value=
ac_cv_env_CXXCPP_set=
ac_cv_env_CXXCPP_value=
ac_cv_env_CXXFLAGS_set=
ac_cv_env_CXXFLAGS_value=
ac_cv_env_CXX_set=
ac_cv_env_CXX_value=
ac_cv_env_F77_set=
ac_cv_env_F77_value=
ac_cv_env_FCFLAGS_set=
ac_cv_env_FCFLAGS_value=
ac_cv_env_FC_set=
ac_cv_env_FC_value=
ac_cv_env_FFLAGS_set=
ac_cv_env_FFLAGS_value=
ac_cv_env_LDFLAGS_set=
ac_cv_env_LDFLAGS_value=
ac_cv_env_LIBS_set=
ac_cv_env_LIBS_value=
ac_cv_env_build_alias_set=
ac_cv_env_build_alias_value=
ac_cv_env_host_alias_set=
ac_cv_env_host_alias_value=
ac_cv_env_target_alias_set=
ac_cv_env_target_alias_value=
ac_cv_f77_compiler_gnu=no
ac_cv_fc_compiler_gnu=no
ac_cv_func_argz_add=yes
ac_cv_func_argz_append=yes
ac_cv_func_argz_count=yes
ac_cv_func_argz_create_sep=yes
ac_cv_func_argz_insert=yes
ac_cv_func_argz_next=yes
ac_cv_func_argz_stringify=yes
ac_cv_func_closedir=yes
ac_cv_func_dlerror=yes
ac_cv_func_dlopen=no
ac_cv_func_opendir=yes
ac_cv_func_readdir=yes
ac_cv_func_shl_load=no
ac_cv_func_strlcat=no
ac_cv_func_strlcpy=no
ac_cv_header_argz_h=yes
ac_cv_header_dirent_h=yes
ac_cv_header_dl_h=no
ac_cv_header_dld_h=no
ac_cv_header_dlfcn_h=yes
ac_cv_header_inttypes_h=yes
ac_cv_header_mach_o_dyld_h=no
ac_cv_header_memory_h=yes
ac_cv_header_stdc=yes
ac_cv_header_stdint_h=yes
ac_cv_header_stdlib_h=yes
ac_cv_header_string_h=yes
ac_cv_header_strings_h=yes
ac_cv_header_sys_dl_h=no
ac_cv_header_sys_stat_h=yes
ac_cv_header_sys_types_h=yes
ac_cv_header_unistd_h=yes
ac_cv_host=x86_64-unknown-linux-gnu
ac_cv_lib_dl_dlopen=yes
ac_cv_lib_dld_dld_link=no
ac_cv_lib_dld_shl_load=no
ac_cv_objext=o
ac_cv_path_EGREP='/bin/grep -E'
ac_cv_path_FGREP='/bin/grep -F'
ac_cv_path_GREP=/bin/grep
ac_cv_path_SED=/bin/sed
ac_cv_path_install='/usr/bin/install -c'
ac_cv_path_mkdir=/bin/mkdir
ac_cv_prog_AWK=gawk
ac_cv_prog_CPP='/usr/bin/gcc -E'
ac_cv_prog_CXXCPP='/usr/bin/g++ -E'
ac_cv_prog_ac_ct_AR=/usr/bin/ar
ac_cv_prog_ac_ct_CC=/usr/bin/gcc
ac_cv_prog_ac_ct_OBJDUMP=/usr/bin/objdump
ac_cv_prog_ac_ct_RANLIB=/usr/bin/ranlib
ac_cv_prog_ac_ct_STRIP=/usr/bin/strip
ac_cv_prog_cc__usr_bin_gcc_c_o=yes
ac_cv_prog_cc_c89=
ac_cv_prog_cc_g=yes
ac_cv_prog_cxx_g=yes
ac_cv_prog_f77_g=no
ac_cv_prog_fc_g=no
ac_cv_prog_make_make_set=yes
ac_cv_search_dlopen=-ldl
ac_cv_type_error_t=yes
am_cv_CC_dependencies_compiler_type=gcc3
am_cv_CXX_dependencies_compiler_type=gcc3
libltdl_cv_lib_dl_dlopen=yes
libltdl_cv_preloaded_symbols=yes
libltdl_cv_shlibext=.so
lt_cv_deplibs_check_method=pass_all
lt_cv_dlopen=dlopen
lt_cv_dlopen_libs=-ldl
lt_cv_dlopen_self=yes
lt_cv_dlopen_self_static=no
lt_cv_file_magic_cmd='$MAGIC_CMD'
lt_cv_file_magic_test_file=
lt_cv_ld_reload_flag=-r
lt_cv_module_path_var=LD_LIBRARY_PATH
lt_cv_nm_interface='BSD nm'
lt_cv_objdir=.libs
lt_cv_path_LD=/usr/bin/ld
lt_cv_path_LDCXX='/usr/bin/ld -m elf_x86_64'
lt_cv_path_NM=/usr/bin/nm
lt_cv_prog_compiler_c_o=yes
lt_cv_prog_compiler_c_o_CXX=yes
lt_cv_prog_compiler_c_o_RC=yes
lt_cv_prog_compiler_pic_works=yes
lt_cv_prog_compiler_pic_works_CXX=yes
lt_cv_prog_compiler_rtti_exceptions=no
lt_cv_prog_compiler_static_works=yes
lt_cv_prog_compiler_static_works_CXX=yes
lt_cv_prog_gnu_ld=yes
lt_cv_prog_gnu_ldcxx=yes
lt_cv_sys_argz_works=yes
lt_cv_sys_dlopen_deplibs=yes
lt_cv_sys_dlsearch_path='/lib /usr/lib /usr/lib/x86_64-linux-gnu/libfakeroot /usr/local/lib /lib/x86_64-linux-gnu /usr/lib/x86_64-linux-gnu /usr/lib/x86_64-linux-gnu/mesa-egl /usr/lib/x86_64-linux-gnu/mesa /lib32 /usr/lib32 '
lt_cv_sys_global_symbol_pipe='sed -n -e '\''s/^.*[	 ]\([ABCDGIRSTW][ABCDGIRSTW]*\)[	 ][	 ]*\([_A-Za-z][_A-Za-z0-9]*\)$/\1 \2 \2/p'\'''
lt_cv_sys_global_symbol_to_c_name_address='sed -n -e '\''s/^: \([^ ]*\) $/  {\"\1\", (void *) 0},/p'\'' -e '\''s/^[ABCDGIRSTW]* \([^ ]*\) \([^ ]*\)$/  {"\2", (void *) \&\2},/p'\'''
lt_cv_sys_global_symbol_to_c_name_address_lib_prefix='sed -n -e '\''s/^: \([^ ]*\) $/  {\"\1\", (void *) 0},/p'\'' -e '\''s/^[ABCDGIRSTW]* \([^ ]*\) \(lib[^ ]*\)$/  {"\2", (void *) \&\2},/p'\'' -e '\''s/^[ABCDGIRSTW]* \([^ ]*\) \([^ ]*\)$/  {"lib\2", (void *) \&\2},/p'\'''
lt_cv_sys_global_symbol_to_cdecl='sed -n -e '\''s/^T .* \(.*\)$/extern int \1();/p'\'' -e '\''s/^[ABCDGIRSTW]* .* \(.*\)$/extern char \1;/p'\'''
lt_cv_sys_max_cmd_len=3458764513820540925
lt_cv_sys_symbol_underscore=no

## ----------------- ##
## Output variables. ##
## ----------------- ##

ACLOCAL='/home/pivos/xbmc-depends/x86_64-linux-gnu-native/bin/aclocal'
AMDEPBACKSLASH='\'
AMDEP_FALSE='#'
AMDEP_TRUE=''
AMTAR='${SHELL} /home/pivos/proj/xbmc-16.1-Jarvis/tools/depends/native/libtool-native/x86_64-linux-native/libltdl/config/missing --run tar'
AR='/usr/bin/ar'
ARGZ_H=''
AS='/usr/bin/as'
AUTOCONF='/home/pivos/xbmc-depends/x86_64-linux-gnu-native/bin/autoconf'
AUTOHEADER='/home/pivos/xbmc-depends/x86_64-linux-gnu-native/bin/autoheader'
AUTOM4TE='/home/pivos/xbmc-depends/x86_64-linux-gnu-native/bin/autom4te'
AUTOMAKE='/home/pivos/xbmc-depends/x86_64-linux-gnu-native/bin/automake'
AUTOTEST='$(AUTOM4TE) --language=autotest'
AWK='gawk'
CC='/usr/bin/gcc'
CCDEPMODE='depmode=gcc3'
CFLAGS='-I/home/pivos/xbmc-depends/x86_64-linux-gnu-native/include '
CONFIG_STATUS_DEPENDENCIES='$(top_srcdir)/ChangeLog'
CONF_SUBDIRS='tests/cdemo tests/demo tests/depdemo tests/f77demo tests/fcdemo 	tests/mdemo tests/mdemo2 tests/pdemo tests/tagdemo'
CONVENIENCE_LTDL_FALSE='#'
CONVENIENCE_LTDL_TRUE=''
CPP='/usr/bin/gcc -E'
CPPFLAGS='-I/home/pivos/xbmc-depends/x86_64-linux-gnu-native/include '
CXX='/usr/bin/g++'
CXXCPP='/usr/bin/g++ -E'
CXXDEPMODE='depmode=gcc3'
CXXFLAGS='-I/home/pivos/xbmc-depends/x86_64-linux-gnu-native/include '
CYGPATH_W='echo'
DEFS='-DHAVE_CONFIG_H'
DEPDIR='.deps'
DIST_MAKEFILE_LIST='tests/cdemo/Makefile tests/demo/Makefile tests/depdemo/Makefile tests/f77demo/Makefile tests/fcdemo/Makefile tests/mdemo/Makefile tests/mdemo2/Makefile tests/pdemo/Makefile tests/tagdemo/Makefile '
DLLTOOL='dlltool'
DSYMUTIL=''
DUMPBIN=''
ECHO_C=''
ECHO_N='-n'
ECHO_T=''
EGREP='/bin/grep -E'
EXEEXT=''
F77=''
FC=''
FCFLAGS=''
FFLAGS=''
FGREP='/bin/grep -F'
GCJ=''
GCJFLAGS='-g -O2'
GREP='/bin/grep'
HAVE_CXX_FALSE='#'
HAVE_CXX_TRUE=''
HAVE_F77_FALSE=''
HAVE_F77_TRUE='#'
HAVE_FC_FALSE=''
HAVE_FC_TRUE='#'
HAVE_GCJ_FALSE=''
HAVE_GCJ_TRUE='#'
HAVE_RC_FALSE=''
HAVE_RC_TRUE='#'
INSTALL_DATA='${INSTALL} -m 644'
INSTALL_LTDL_FALSE=''
INSTALL_LTDL_TRUE='#'
INSTALL_PROGRAM='${INSTALL}'
INSTALL_SCRIPT='${INSTALL}'
INSTALL_STRIP_PROGRAM='$(install_sh) -c -s'
LASTRELEASE='2.2.5'
LD='/usr/bin/ld -m elf_x86_64'
LDFLAGS='-L/home/pivos/xbmc-depends/x86_64-linux-gnu-native/lib '
LIBADD_DL='-ldl '
LIBADD_DLD_LINK=''
LIBADD_DLOPEN='-ldl'
LIBADD_SHL_LOAD=''
LIBOBJS=' ${LIBOBJDIR}lt__strl$U.o'
LIBS='-ldl '
LIBTOOL='$(SHELL) $(top_builddir)/libtool'
LIPO=''
LN_S='ln -s'
LTDLOPEN='libltdl'
LTDL_SUBDIR_LIBOBJS_FALSE='#'
LTDL_SUBDIR_LIBOBJS_TRUE=''
LTLIBOBJS=' ${LIBOBJDIR}lt__strl$U.lo'
LT_CONFIG_H='config.h'
LT_DLLOADERS=' libltdl/dlopen.la'
LT_DLPREOPEN='-dlpreopen libltdl/dlopen.la '
M4SH='$(AUTOM4TE) --language=m4sh'
MAKEINFO='${SHELL} /home/pivos/proj/xbmc-16.1-Jarvis/tools/depends/native/libtool-native/x86_64-linux-native/libltdl/config/missing --run makeinfo'
MKDIR_P='/bin/mkdir -p'
NM='/usr/bin/nm'
NMEDIT=''
OBJDUMP='/usr/bin/objdump'
OBJEXT='o'
OTOOL64=''
OTOOL=''
PACKAGE='libtool'
PACKAGE_BUGREPORT='bug-libtool@gnu.org'
PACKAGE_NAME='libtool'
PACKAGE_STRING='libtool 2.2.6'
PACKAGE_TARNAME='libtool'
PACKAGE_VERSION='2.2.6'
PATH_SEPARATOR=':'
RANLIB='/usr/bin/ranlib'
RC=''
SED='/bin/sed'
SET_MAKE=''
SHELL='/bin/bash'
STRIP='/usr/bin/strip'
TIMESTAMP=''
VERSION='2.2.6'
ac_ct_CC='/usr/bin/gcc'
ac_ct_CXX=''
ac_ct_DUMPBIN=''
ac_ct_F77=''
ac_ct_FC=''
aclocaldir='${datadir}/aclocal'
am__fastdepCC_FALSE='#'
am__fastdepCC_TRUE=''
am__fastdepCXX_FALSE='#'
am__fastdepCXX_TRUE=''
am__include='include'
am__isrc=''
am__leading_dot='.'
am__quote=''
am__tar='${AMTAR} chof - "$$tardir"'
am__untar='${AMTAR} xf -'
bindir='${exec_prefix}/bin'
build='x86_64-unknown-linux-gnu'
build_alias=''
build_cpu='x86_64'
build_os='linux-gnu'
build_vendor='unknown'
datadir='${datarootdir}'
datarootdir='${prefix}/share'
docdir='${datarootdir}/doc/${PACKAGE_TARNAME}'
dvidir='${docdir}'
exec_prefix='${prefix}'
host='x86_64-unknown-linux-gnu'
host_alias=''
host_cpu='x86_64'
host_os='linux-gnu'
host_vendor='unknown'
htmldir='${docdir}'
includedir='${prefix}/include'
infodir='${datarootdir}/info'
install_sh='$(SHELL) /home/pivos/proj/xbmc-16.1-Jarvis/tools/depends/native/libtool-native/x86_64-linux-native/libltdl/config/install-sh'
libdir='${exec_prefix}/lib'
libexecdir='${exec_prefix}/libexec'
localedir='${datarootdir}/locale'
localstatedir='${prefix}/var'
lt_ECHO='echo'
mandir='${datarootdir}/man'
mkdir_p='/bin/mkdir -p'
oldincludedir='/usr/include'
package_revision='1.3012'
pdfdir='${docdir}'
pkgdatadir='${datadir}/libtool'
prefix='/home/pivos/xbmc-depends/x86_64-linux-gnu-native'
program_transform_name='s,x,x,'
psdir='${docdir}'
sbindir='${exec_prefix}/sbin'
sharedstatedir='${prefix}/com'
sys_symbol_underscore='no'
sysconfdir='${prefix}/etc'
target_alias=''

## ----------- ##
## confdefs.h. ##
## ----------- ##

#define PACKAGE_NAME "libtool"
#define PACKAGE_TARNAME "libtool"
#define PACKAGE_VERSION "2.2.6"
#define PACKAGE_STRING "libtool 2.2.6"
#define PACKAGE_BUGREPORT "bug-libtool@gnu.org"
#define PACKAGE "libtool"
#define VERSION "2.2.6"
#define STDC_HEADERS 1
#define HAVE_SYS_TYPES_H 1
#define HAVE_SYS_STAT_H 1
#define HAVE_STDLIB_H 1
#define HAVE_STRING_H 1
#define HAVE_MEMORY_H 1
#define HAVE_STRINGS_H 1
#define HAVE_INTTYPES_H 1
#define HAVE_STDINT_H 1
#define HAVE_UNISTD_H 1
#define HAVE_DLFCN_H 1
#define LT_OBJDIR ".libs/"
#define LT_MODULE_EXT ".so"
#define LT_MODULE_PATH_VAR "LD_LIBRARY_PATH"
#define LT_DLSEARCH_PATH "/lib:/usr/lib:/usr/lib/x86_64-linux-gnu/libfakeroot:/usr/local/lib:/lib/x86_64-linux-gnu:/usr/lib/x86_64-linux-gnu:/usr/lib/x86_64-linux-gnu/mesa-egl:/usr/lib/x86_64-linux-gnu/mesa:/lib32:/usr/lib32"
#define HAVE_LIBDL 1
#define HAVE_DLERROR 1
#define HAVE_LIBDLLOADER 1
#define HAVE_ARGZ_H 1
#define HAVE_ERROR_T 1
#define HAVE_ARGZ_ADD 1
#define HAVE_ARGZ_APPEND 1
#define HAVE_ARGZ_COUNT 1
#define HAVE_ARGZ_CREATE_SEP 1
#define HAVE_ARGZ_INSERT 1
#define HAVE_ARGZ_NEXT 1
#define HAVE_ARGZ_STRINGIFY 1
#define HAVE_WORKING_ARGZ 1
#define HAVE_PRELOADED_SYMBOLS 1
#define HAVE_UNISTD_H 1
#define HAVE_DIRENT_H 1
#define HAVE_CLOSEDIR 1
#define HAVE_OPENDIR 1
#define HAVE_READDIR 1
#define LT_LIBEXT "a"

configure: exit 0
