This file contains any messages produced by compilers while
running configure, to aid debugging if configure makes a mistake.

It was created by configure, which was
generated by GNU Autoconf 2.69.  Invocation command line was

  $ ./configure --disable-option-checking --prefix=/home/pivos/xbmc-depends/x86_64-linux-gnu-native --disable-csharp --disable-native-java --disable-java --without-emacs --disable-libasprintf --disable-openmp --with-included-gettext --with-included-glib --with-included-libcroco --with-included-libxml --without-git --without-cvs --disable-shared --disable-curses --disable-acl --disable-c++ --disable-nls --cache-file=/dev/null --srcdir=.

## --------- ##
## Platform. ##
## --------- ##

hostname = pivos-VirtualBox
uname -m = x86_64
uname -r = 3.13.0-24-generic
uname -s = Linux
uname -v = #46-Ubuntu SMP Thu Apr 10 19:11:08 UTC 2014

/usr/bin/uname -p = unknown
/bin/uname -X     = unknown

/bin/arch              = unknown
/usr/bin/arch -k       = unknown
/usr/convex/getsysinfo = unknown
/usr/bin/hostinfo      = unknown
/bin/machine           = unknown
/usr/bin/oslevel       = unknown
/bin/universe          = unknown

PATH: /home/pivos/xbmc-depends/x86_64-linux-gnu-native/bin
PATH: /home/pivos/xbmc-depends/x86_64-linux-gnu-native/bin
PATH: /home/pivos/xbmc-depends/x86_64-linux-gnu-native/bin
PATH: /home/pivos/xbmc-depends/x86_64-linux-gnu-native/bin
PATH: /home/pivos/xbmc-depends/x86_64-linux-gnu-native/bin
PATH: /usr/local/sbin
PATH: /usr/local/bin
PATH: /usr/sbin
PATH: /usr/bin
PATH: /sbin
PATH: /bin
PATH: /usr/games
PATH: /usr/local/games


## ----------- ##
## Core tests. ##
## ----------- ##

configure:1620: loading site script /home/pivos/xbmc-depends/x86_64-linux-gnu-native/share/config.site
| LD="${LD:-/usr/bin/ld}"
| CC="${CC:-/usr/bin/gcc}"
| CXX="${CXX:-/usr/bin/g++}"
| AR="${AR:-/usr/bin/ar}"
| RANLIB="${RANLIB:-/usr/bin/ranlib}"
| AS="${AS:-/usr/bin/as}"
| NM="${NM:-/usr/bin/nm}"
| STRIP="${STRIP:-/usr/bin/strip}"
| READELF="${READELF:-/usr/bin/readelf}"
| OBJDUMP="${OBJDUMP:-/usr/bin/objdump}"
| 
| CFLAGS="-I/home/pivos/xbmc-depends/x86_64-linux-gnu-native/include $CFLAGS"
| LDFLAGS="-L/home/pivos/xbmc-depends/x86_64-linux-gnu-native/lib $LDFLAGS"
| CPPFLAGS="-I/home/pivos/xbmc-depends/x86_64-linux-gnu-native/include $CPPFLAGS"
| CXXFLAGS="-I/home/pivos/xbmc-depends/x86_64-linux-gnu-native/include $CXXFLAGS"
| 
| PKG_CONFIG=/home/pivos/xbmc-depends/x86_64-linux-gnu-native/bin/pkg-config
| export PKG_CONFIG_LIBDIR=/home/pivos/xbmc-depends/x86_64-linux-gnu-native/lib/pkgconfig
| 
| PATH=/home/pivos/xbmc-depends/x86_64-linux-gnu-native/bin:$PATH
| if test -n ""; then
|   PATH=/usr/bin:/bin:$PATH
| fi
| 
| LD_LIBRARY_PATH=/home/pivos/xbmc-depends/x86_64-linux-gnu-native/lib:$LD_LIBRARY_PATH
| NASM=/home/pivos/xbmc-depends/x86_64-linux-gnu-native/bin/yasm
configure:1769: checking for a BSD-compatible install
configure:1837: result: /usr/bin/install -c
configure:1848: checking whether build environment is sane
configure:1903: result: yes
configure:2054: checking for a thread-safe mkdir -p
configure:2093: result: /bin/mkdir -p
configure:2100: checking for gawk
configure:2116: found /usr/bin/gawk
configure:2127: result: gawk
configure:2138: checking whether make sets $(MAKE)
configure:2160: result: yes
configure:2189: checking whether make supports nested variables
configure:2206: result: yes
configure:2299: checking whether NLS is requested
configure:2308: result: no
configure:2348: checking for msgfmt
configure: trying /home/pivos/xbmc-depends/x86_64-linux-gnu-native/bin/msgfmt...
0 translated messages.
configure:2380: result: /home/pivos/xbmc-depends/x86_64-linux-gnu-native/bin/msgfmt
configure:2389: checking for gmsgfmt
configure:2420: result: /home/pivos/xbmc-depends/x86_64-linux-gnu-native/bin/msgfmt
configure:2470: checking for xgettext
configure: trying /home/pivos/xbmc-depends/x86_64-linux-gnu-native/bin/xgettext...
/home/pivos/xbmc-depends/x86_64-linux-gnu-native/bin/xgettext: warning: file '/dev/null' extension '' is unknown; will try C
configure:2502: result: /home/pivos/xbmc-depends/x86_64-linux-gnu-native/bin/xgettext
configure:2547: checking for msgmerge
configure: trying /home/pivos/xbmc-depends/x86_64-linux-gnu-native/bin/msgmerge...
configure:2578: result: /home/pivos/xbmc-depends/x86_64-linux-gnu-native/bin/msgmerge
configure:2751: checking that generated files are newer than configure
configure:2757: result: done
configure:2765: creating ./config.status

## ---------------------- ##
## Running config.status. ##
## ---------------------- ##

This file was extended by gettext-examples config.status, which was
generated by GNU Autoconf 2.69.  Invocation command line was

  CONFIG_FILES    = 
  CONFIG_HEADERS  = 
  CONFIG_LINKS    = 
  CONFIG_COMMANDS = 
  $ ./config.status 

on pivos-VirtualBox

config.status:772: creating Makefile
config.status:772: creating installpaths
config.status:772: creating po/Makefile
config.status:944: executing po-directories commands

## ---------------- ##
## Cache variables. ##
## ---------------- ##

ac_cv_env_build_alias_set=
ac_cv_env_build_alias_value=
ac_cv_env_host_alias_set=
ac_cv_env_host_alias_value=
ac_cv_env_target_alias_set=
ac_cv_env_target_alias_value=
ac_cv_path_GMSGFMT=/home/pivos/xbmc-depends/x86_64-linux-gnu-native/bin/msgfmt
ac_cv_path_MSGFMT=/home/pivos/xbmc-depends/x86_64-linux-gnu-native/bin/msgfmt
ac_cv_path_MSGMERGE=/home/pivos/xbmc-depends/x86_64-linux-gnu-native/bin/msgmerge
ac_cv_path_XGETTEXT=/home/pivos/xbmc-depends/x86_64-linux-gnu-native/bin/xgettext
ac_cv_path_install='/usr/bin/install -c'
ac_cv_path_mkdir=/bin/mkdir
ac_cv_prog_AWK=gawk
ac_cv_prog_make_make_set=yes
am_cv_make_support_nested_variables=yes

## ----------------- ##
## Output variables. ##
## ----------------- ##

ACLOCAL='/home/pivos/xbmc-depends/x86_64-linux-gnu-native/bin/aclocal'
AMTAR='$${TAR-tar}'
AM_BACKSLASH='\'
AM_DEFAULT_V='$(AM_DEFAULT_VERBOSITY)'
AM_DEFAULT_VERBOSITY='1'
AM_V='$(V)'
AUTOCONF='/home/pivos/xbmc-depends/x86_64-linux-gnu-native/bin/autoconf'
AUTOHEADER='/home/pivos/xbmc-depends/x86_64-linux-gnu-native/bin/autoheader'
AUTOMAKE='/home/pivos/xbmc-depends/x86_64-linux-gnu-native/bin/automake'
AWK='gawk'
CYGPATH_W='echo'
DEFS='-DPACKAGE_NAME=\"\" -DPACKAGE_TARNAME=\"\" -DPACKAGE_VERSION=\"\" -DPACKAGE_STRING=\"\" -DPACKAGE_BUGREPORT=\"\" -DPACKAGE_URL=\"\" -DPACKAGE=\"gettext-examples\" -DVERSION=\"0.18.2\"'
ECHO_C=''
ECHO_N='-n'
ECHO_T=''
GETTEXT_MACRO_VERSION='0.18'
GMSGFMT='/home/pivos/xbmc-depends/x86_64-linux-gnu-native/bin/msgfmt'
GMSGFMT_015='/home/pivos/xbmc-depends/x86_64-linux-gnu-native/bin/msgfmt'
INSTALL_DATA='${INSTALL} -m 644'
INSTALL_PROGRAM='${INSTALL}'
INSTALL_SCRIPT='${INSTALL}'
INSTALL_STRIP_PROGRAM='$(install_sh) -c -s'
LIBOBJS=''
LIBS=''
LTLIBOBJS=''
MAKEINFO='${SHELL} /home/pivos/proj/xbmc-16.1-Jarvis/tools/depends/native/gettext-native/x86_64-linux-native/build-aux/missing --run makeinfo'
MKDIR_P='/bin/mkdir -p'
MSGFMT='/home/pivos/xbmc-depends/x86_64-linux-gnu-native/bin/msgfmt'
MSGFMT_015='/home/pivos/xbmc-depends/x86_64-linux-gnu-native/bin/msgfmt'
MSGMERGE='/home/pivos/xbmc-depends/x86_64-linux-gnu-native/bin/msgmerge'
PACKAGE='gettext-examples'
PACKAGE_BUGREPORT=''
PACKAGE_NAME=''
PACKAGE_STRING=''
PACKAGE_TARNAME=''
PACKAGE_URL=''
PACKAGE_VERSION=''
PATH_SEPARATOR=':'
SET_MAKE=''
SHELL='/bin/bash'
STRIP='/usr/bin/strip'
USE_NLS='no'
VERSION='0.18.2'
XGETTEXT='/home/pivos/xbmc-depends/x86_64-linux-gnu-native/bin/xgettext'
XGETTEXT_015='/home/pivos/xbmc-depends/x86_64-linux-gnu-native/bin/xgettext'
XGETTEXT_EXTRA_OPTIONS=''
aclocaldir='${datadir}/aclocal'
am__isrc=''
am__leading_dot='.'
am__tar='$${TAR-tar} chof - "$$tardir"'
am__untar='$${TAR-tar} xf -'
bindir='${exec_prefix}/bin'
build_alias=''
datadir='${datarootdir}'
datarootdir='${prefix}/share'
docdir='${datarootdir}/doc/gettext'
dvidir='${docdir}'
exec_prefix='${prefix}'
host_alias=''
htmldir='${docdir}'
includedir='${prefix}/include'
infodir='${datarootdir}/info'
install_sh='${SHELL} /home/pivos/proj/xbmc-16.1-Jarvis/tools/depends/native/gettext-native/x86_64-linux-native/build-aux/install-sh'
libdir='${exec_prefix}/lib'
libexecdir='${exec_prefix}/libexec'
localedir='${datarootdir}/locale'
localstatedir='${prefix}/var'
mandir='${datarootdir}/man'
mkdir_p='$(MKDIR_P)'
oldincludedir='/usr/include'
pdfdir='${docdir}'
prefix='/home/pivos/xbmc-depends/x86_64-linux-gnu-native'
program_transform_name='s,x,x,'
psdir='${docdir}'
sbindir='${exec_prefix}/sbin'
sharedstatedir='${prefix}/com'
sysconfdir='${prefix}/etc'
target_alias=''

## ----------- ##
## confdefs.h. ##
## ----------- ##

/* confdefs.h */
#define PACKAGE_NAME ""
#define PACKAGE_TARNAME ""
#define PACKAGE_VERSION ""
#define PACKAGE_STRING ""
#define PACKAGE_BUGREPORT ""
#define PACKAGE_URL ""
#define PACKAGE "gettext-examples"
#define VERSION "0.18.2"

configure: exit 0
