This file contains any messages produced by compilers while
running configure, to aid debugging if configure makes a mistake.

It was created by giflib configure 5.1.0, which was
generated by GNU Autoconf 2.69.  Invocation command line was

  $ ./configure --prefix=/home/pivos/xbmc-depends/x86_64-linux-gnu-native

## --------- ##
## Platform. ##
## --------- ##

hostname = pivos-VirtualBox
uname -m = x86_64
uname -r = 3.13.0-24-generic
uname -s = Linux
uname -v = #46-Ubuntu SMP Thu Apr 10 19:11:08 UTC 2014

/usr/bin/uname -p = unknown
/bin/uname -X     = unknown

/bin/arch              = unknown
/usr/bin/arch -k       = unknown
/usr/convex/getsysinfo = unknown
/usr/bin/hostinfo      = unknown
/bin/machine           = unknown
/usr/bin/oslevel       = unknown
/bin/universe          = unknown

PATH: /home/pivos/xbmc-depends/x86_64-linux-gnu-native/bin
PATH: /home/pivos/xbmc-depends/x86_64-linux-gnu-native/bin
PATH: /home/pivos/xbmc-depends/x86_64-linux-gnu-native/bin
PATH: /usr/local/sbin
PATH: /usr/local/bin
PATH: /usr/sbin
PATH: /usr/bin
PATH: /sbin
PATH: /bin
PATH: /usr/games
PATH: /usr/local/games


## ----------- ##
## Core tests. ##
## ----------- ##

configure:2113: loading site script /home/pivos/xbmc-depends/x86_64-linux-gnu-native/share/config.site
| LD="${LD:-/usr/bin/ld}"
| CC="${CC:-/usr/bin/gcc}"
| CXX="${CXX:-/usr/bin/g++}"
| AR="${AR:-/usr/bin/ar}"
| RANLIB="${RANLIB:-/usr/bin/ranlib}"
| AS="${AS:-/usr/bin/as}"
| NM="${NM:-/usr/bin/nm}"
| STRIP="${STRIP:-/usr/bin/strip}"
| READELF="${READELF:-/usr/bin/readelf}"
| OBJDUMP="${OBJDUMP:-/usr/bin/objdump}"
| 
| CFLAGS="-I/home/pivos/xbmc-depends/x86_64-linux-gnu-native/include $CFLAGS"
| LDFLAGS="-L/home/pivos/xbmc-depends/x86_64-linux-gnu-native/lib $LDFLAGS"
| CPPFLAGS="-I/home/pivos/xbmc-depends/x86_64-linux-gnu-native/include $CPPFLAGS"
| CXXFLAGS="-I/home/pivos/xbmc-depends/x86_64-linux-gnu-native/include $CXXFLAGS"
| 
| PKG_CONFIG=/home/pivos/xbmc-depends/x86_64-linux-gnu-native/bin/pkg-config
| export PKG_CONFIG_LIBDIR=/home/pivos/xbmc-depends/x86_64-linux-gnu-native/lib/pkgconfig
| 
| PATH=/home/pivos/xbmc-depends/x86_64-linux-gnu-native/bin:$PATH
| if test -n ""; then
|   PATH=/usr/bin:/bin:$PATH
| fi
| 
| LD_LIBRARY_PATH=/home/pivos/xbmc-depends/x86_64-linux-gnu-native/lib:$LD_LIBRARY_PATH
| NASM=/home/pivos/xbmc-depends/x86_64-linux-gnu-native/bin/yasm
configure:2256: checking for a BSD-compatible install
configure:2324: result: /usr/bin/install -c
configure:2335: checking whether build environment is sane
configure:2390: result: yes
configure:2541: checking for a thread-safe mkdir -p
configure:2580: result: /bin/mkdir -p
configure:2587: checking for gawk
configure:2603: found /usr/bin/gawk
configure:2614: result: gawk
configure:2625: checking whether make sets $(MAKE)
configure:2647: result: yes
configure:2676: checking whether make supports nested variables
configure:2693: result: yes
configure:2829: checking whether make supports nested variables
configure:2846: result: yes
configure:2890: checking build system type
configure:2904: result: x86_64-unknown-linux-gnu
configure:2924: checking host system type
configure:2937: result: x86_64-unknown-linux-gnu
configure:2978: checking how to print strings
configure:3005: result: printf
configure:3038: checking for style of include used by make
configure:3066: result: GNU
configure:3137: checking for gcc
configure:3164: result: /usr/bin/gcc
configure:3393: checking for C compiler version
configure:3402: /usr/bin/gcc --version >&5
gcc (Ubuntu 4.8.4-2ubuntu1~14.04) 4.8.4
Copyright (C) 2013 Free Software Foundation, Inc.
This is free software; see the source for copying conditions.  There is NO
warranty; not even for MERCHANTABILITY or FITNESS FOR A PARTICULAR PURPOSE.

configure:3413: $? = 0
configure:3402: /usr/bin/gcc -v >&5
Using built-in specs.
COLLECT_GCC=/usr/bin/gcc
COLLECT_LTO_WRAPPER=/usr/lib/gcc/x86_64-linux-gnu/4.8/lto-wrapper
Target: x86_64-linux-gnu
Configured with: ../src/configure -v --with-pkgversion='Ubuntu 4.8.4-2ubuntu1~14.04' --with-bugurl=file:///usr/share/doc/gcc-4.8/README.Bugs --enable-languages=c,c++,java,go,d,fortran,objc,obj-c++ --prefix=/usr --program-suffix=-4.8 --enable-shared --enable-linker-build-id --libexecdir=/usr/lib --without-included-gettext --enable-threads=posix --with-gxx-include-dir=/usr/include/c++/4.8 --libdir=/usr/lib --enable-nls --with-sysroot=/ --enable-clocale=gnu --enable-libstdcxx-debug --enable-libstdcxx-time=yes --enable-gnu-unique-object --disable-libmudflap --enable-plugin --with-system-zlib --disable-browser-plugin --enable-java-awt=gtk --enable-gtk-cairo --with-java-home=/usr/lib/jvm/java-1.5.0-gcj-4.8-amd64/jre --enable-java-home --with-jvm-root-dir=/usr/lib/jvm/java-1.5.0-gcj-4.8-amd64 --with-jvm-jar-dir=/usr/lib/jvm-exports/java-1.5.0-gcj-4.8-amd64 --with-arch-directory=amd64 --with-ecj-jar=/usr/share/java/eclipse-ecj.jar --enable-objc-gc --enable-multiarch --disable-werror --with-arch-32=i686 --with-abi=m64 --with-multilib-list=m32,m64,mx32 --with-tune=generic --enable-checking=release --build=x86_64-linux-gnu --host=x86_64-linux-gnu --target=x86_64-linux-gnu
Thread model: posix
gcc version 4.8.4 (Ubuntu 4.8.4-2ubuntu1~14.04) 
configure:3413: $? = 0
configure:3402: /usr/bin/gcc -V >&5
gcc: error: unrecognized command line option '-V'
gcc: fatal error: no input files
compilation terminated.
configure:3413: $? = 4
configure:3402: /usr/bin/gcc -qversion >&5
gcc: error: unrecognized command line option '-qversion'
gcc: fatal error: no input files
compilation terminated.
configure:3413: $? = 4
configure:3433: checking whether the C compiler works
configure:3455: /usr/bin/gcc -I/home/pivos/xbmc-depends/x86_64-linux-gnu-native/include  -I/home/pivos/xbmc-depends/x86_64-linux-gnu-native/include  -L/home/pivos/xbmc-depends/x86_64-linux-gnu-native/lib  conftest.c  >&5
configure:3459: $? = 0
configure:3507: result: yes
configure:3510: checking for C compiler default output file name
configure:3512: result: a.out
configure:3518: checking for suffix of executables
configure:3525: /usr/bin/gcc -o conftest -I/home/pivos/xbmc-depends/x86_64-linux-gnu-native/include  -I/home/pivos/xbmc-depends/x86_64-linux-gnu-native/include  -L/home/pivos/xbmc-depends/x86_64-linux-gnu-native/lib  conftest.c  >&5
configure:3529: $? = 0
configure:3551: result: 
configure:3573: checking whether we are cross compiling
configure:3581: /usr/bin/gcc -o conftest -I/home/pivos/xbmc-depends/x86_64-linux-gnu-native/include  -I/home/pivos/xbmc-depends/x86_64-linux-gnu-native/include  -L/home/pivos/xbmc-depends/x86_64-linux-gnu-native/lib  conftest.c  >&5
configure:3585: $? = 0
configure:3592: ./conftest
configure:3596: $? = 0
configure:3611: result: no
configure:3616: checking for suffix of object files
configure:3638: /usr/bin/gcc -c -I/home/pivos/xbmc-depends/x86_64-linux-gnu-native/include  -I/home/pivos/xbmc-depends/x86_64-linux-gnu-native/include  conftest.c >&5
configure:3642: $? = 0
configure:3663: result: o
configure:3667: checking whether we are using the GNU C compiler
configure:3686: /usr/bin/gcc -c -I/home/pivos/xbmc-depends/x86_64-linux-gnu-native/include  -I/home/pivos/xbmc-depends/x86_64-linux-gnu-native/include  conftest.c >&5
configure:3686: $? = 0
configure:3695: result: yes
configure:3704: checking whether /usr/bin/gcc accepts -g
configure:3724: /usr/bin/gcc -c -g -I/home/pivos/xbmc-depends/x86_64-linux-gnu-native/include  conftest.c >&5
configure:3724: $? = 0
configure:3765: result: yes
configure:3782: checking for /usr/bin/gcc option to accept ISO C89
configure:3845: /usr/bin/gcc  -c -I/home/pivos/xbmc-depends/x86_64-linux-gnu-native/include  -I/home/pivos/xbmc-depends/x86_64-linux-gnu-native/include  conftest.c >&5
configure:3845: $? = 0
configure:3858: result: none needed
configure:3883: checking whether /usr/bin/gcc understands -c and -o together
configure:3905: /usr/bin/gcc -c conftest.c -o conftest2.o
configure:3908: $? = 0
configure:3905: /usr/bin/gcc -c conftest.c -o conftest2.o
configure:3908: $? = 0
configure:3920: result: yes
configure:3939: checking dependency style of /usr/bin/gcc
configure:4050: result: gcc3
configure:4065: checking for a sed that does not truncate output
configure:4129: result: /bin/sed
configure:4147: checking for grep that handles long lines and -e
configure:4205: result: /bin/grep
configure:4210: checking for egrep
configure:4272: result: /bin/grep -E
configure:4277: checking for fgrep
configure:4339: result: /bin/grep -F
configure:4374: checking for ld used by /usr/bin/gcc
configure:4441: result: /usr/bin/ld
configure:4448: checking if the linker (/usr/bin/ld) is GNU ld
configure:4463: result: yes
configure:4475: checking for BSD- or MS-compatible name lister (nm)
configure:4524: result: /usr/bin/nm
configure:4654: checking the name lister (/usr/bin/nm) interface
configure:4661: /usr/bin/gcc -c -I/home/pivos/xbmc-depends/x86_64-linux-gnu-native/include  -I/home/pivos/xbmc-depends/x86_64-linux-gnu-native/include  conftest.c >&5
configure:4664: /usr/bin/nm "conftest.o"
configure:4667: output
0000000000000000 B some_variable
configure:4674: result: BSD nm
configure:4677: checking whether ln -s works
configure:4681: result: yes
configure:4689: checking the maximum length of command line arguments
configure:4820: result: 3458764513820540925
configure:4837: checking whether the shell understands some XSI constructs
configure:4847: result: yes
configure:4851: checking whether the shell understands "+="
configure:4857: result: yes
configure:4892: checking how to convert x86_64-unknown-linux-gnu file names to x86_64-unknown-linux-gnu format
configure:4932: result: func_convert_file_noop
configure:4939: checking how to convert x86_64-unknown-linux-gnu file names to toolchain format
configure:4959: result: func_convert_file_noop
configure:4966: checking for /usr/bin/ld option to reload object files
configure:4973: result: -r
configure:5047: checking for objdump
configure:5074: result: /usr/bin/objdump
configure:5106: checking how to recognize dependent libraries
configure:5304: result: pass_all
configure:5389: checking for dlltool
configure:5419: result: no
configure:5449: checking how to associate runtime and link libraries
configure:5476: result: printf %s\n
configure:5601: checking for archiver @FILE support
configure:5618: /usr/bin/gcc -c -I/home/pivos/xbmc-depends/x86_64-linux-gnu-native/include  -I/home/pivos/xbmc-depends/x86_64-linux-gnu-native/include  conftest.c >&5
configure:5618: $? = 0
configure:5621: /usr/bin/ar cru libconftest.a @conftest.lst >&5
configure:5624: $? = 0
configure:5629: /usr/bin/ar cru libconftest.a @conftest.lst >&5
/usr/bin/ar: conftest.o: No such file or directory
configure:5632: $? = 1
configure:5644: result: @
configure:5702: checking for strip
configure:5729: result: /usr/bin/strip
configure:5801: checking for ranlib
configure:5828: result: /usr/bin/ranlib
configure:5930: checking command to parse /usr/bin/nm output from /usr/bin/gcc object
configure:6050: /usr/bin/gcc -c -I/home/pivos/xbmc-depends/x86_64-linux-gnu-native/include  -I/home/pivos/xbmc-depends/x86_64-linux-gnu-native/include  conftest.c >&5
configure:6053: $? = 0
configure:6057: /usr/bin/nm conftest.o \| sed -n -e 's/^.*[ ]\([ABCDGIRSTW][ABCDGIRSTW]*\)[ ][ ]*\([_A-Za-z][_A-Za-z0-9]*\)$/\1 \2 \2/p' | sed '/ __gnu_lto/d' \> conftest.nm
configure:6060: $? = 0
configure:6126: /usr/bin/gcc -o conftest -I/home/pivos/xbmc-depends/x86_64-linux-gnu-native/include  -I/home/pivos/xbmc-depends/x86_64-linux-gnu-native/include  -L/home/pivos/xbmc-depends/x86_64-linux-gnu-native/lib  conftest.c conftstm.o >&5
configure:6129: $? = 0
configure:6167: result: ok
configure:6204: checking for sysroot
configure:6234: result: no
configure:6311: /usr/bin/gcc -c -I/home/pivos/xbmc-depends/x86_64-linux-gnu-native/include  -I/home/pivos/xbmc-depends/x86_64-linux-gnu-native/include  conftest.c >&5
configure:6314: $? = 0
configure:6497: checking for mt
configure:6513: found /bin/mt
configure:6524: result: mt
configure:6547: checking if mt is a manifest tool
configure:6553: mt '-?'
configure:6561: result: no
configure:7203: checking how to run the C preprocessor
configure:7234: /usr/bin/gcc -E -I/home/pivos/xbmc-depends/x86_64-linux-gnu-native/include  conftest.c
configure:7234: $? = 0
configure:7248: /usr/bin/gcc -E -I/home/pivos/xbmc-depends/x86_64-linux-gnu-native/include  conftest.c
conftest.c:11:28: fatal error: ac_nonexistent.h: No such file or directory
 #include <ac_nonexistent.h>
                            ^
compilation terminated.
configure:7248: $? = 1
configure: failed program was:
| /* confdefs.h */
| #define PACKAGE_NAME "giflib"
| #define PACKAGE_TARNAME "giflib"
| #define PACKAGE_VERSION "5.1.0"
| #define PACKAGE_STRING "giflib 5.1.0"
| #define PACKAGE_BUGREPORT "esr@thyrsus.com"
| #define PACKAGE_URL ""
| #define PACKAGE "giflib"
| #define VERSION "5.1.0"
| /* end confdefs.h.  */
| #include <ac_nonexistent.h>
configure:7273: result: /usr/bin/gcc -E
configure:7293: /usr/bin/gcc -E -I/home/pivos/xbmc-depends/x86_64-linux-gnu-native/include  conftest.c
configure:7293: $? = 0
configure:7307: /usr/bin/gcc -E -I/home/pivos/xbmc-depends/x86_64-linux-gnu-native/include  conftest.c
conftest.c:11:28: fatal error: ac_nonexistent.h: No such file or directory
 #include <ac_nonexistent.h>
                            ^
compilation terminated.
configure:7307: $? = 1
configure: failed program was:
| /* confdefs.h */
| #define PACKAGE_NAME "giflib"
| #define PACKAGE_TARNAME "giflib"
| #define PACKAGE_VERSION "5.1.0"
| #define PACKAGE_STRING "giflib 5.1.0"
| #define PACKAGE_BUGREPORT "esr@thyrsus.com"
| #define PACKAGE_URL ""
| #define PACKAGE "giflib"
| #define VERSION "5.1.0"
| /* end confdefs.h.  */
| #include <ac_nonexistent.h>
configure:7336: checking for ANSI C header files
configure:7356: /usr/bin/gcc -c -I/home/pivos/xbmc-depends/x86_64-linux-gnu-native/include  -I/home/pivos/xbmc-depends/x86_64-linux-gnu-native/include  conftest.c >&5
configure:7356: $? = 0
configure:7429: /usr/bin/gcc -o conftest -I/home/pivos/xbmc-depends/x86_64-linux-gnu-native/include  -I/home/pivos/xbmc-depends/x86_64-linux-gnu-native/include  -L/home/pivos/xbmc-depends/x86_64-linux-gnu-native/lib  conftest.c  >&5
configure:7429: $? = 0
configure:7429: ./conftest
configure:7429: $? = 0
configure:7440: result: yes
configure:7453: checking for sys/types.h
configure:7453: /usr/bin/gcc -c -I/home/pivos/xbmc-depends/x86_64-linux-gnu-native/include  -I/home/pivos/xbmc-depends/x86_64-linux-gnu-native/include  conftest.c >&5
configure:7453: $? = 0
configure:7453: result: yes
configure:7453: checking for sys/stat.h
configure:7453: /usr/bin/gcc -c -I/home/pivos/xbmc-depends/x86_64-linux-gnu-native/include  -I/home/pivos/xbmc-depends/x86_64-linux-gnu-native/include  conftest.c >&5
configure:7453: $? = 0
configure:7453: result: yes
configure:7453: checking for stdlib.h
configure:7453: /usr/bin/gcc -c -I/home/pivos/xbmc-depends/x86_64-linux-gnu-native/include  -I/home/pivos/xbmc-depends/x86_64-linux-gnu-native/include  conftest.c >&5
configure:7453: $? = 0
configure:7453: result: yes
configure:7453: checking for string.h
configure:7453: /usr/bin/gcc -c -I/home/pivos/xbmc-depends/x86_64-linux-gnu-native/include  -I/home/pivos/xbmc-depends/x86_64-linux-gnu-native/include  conftest.c >&5
configure:7453: $? = 0
configure:7453: result: yes
configure:7453: checking for memory.h
configure:7453: /usr/bin/gcc -c -I/home/pivos/xbmc-depends/x86_64-linux-gnu-native/include  -I/home/pivos/xbmc-depends/x86_64-linux-gnu-native/include  conftest.c >&5
configure:7453: $? = 0
configure:7453: result: yes
configure:7453: checking for strings.h
configure:7453: /usr/bin/gcc -c -I/home/pivos/xbmc-depends/x86_64-linux-gnu-native/include  -I/home/pivos/xbmc-depends/x86_64-linux-gnu-native/include  conftest.c >&5
configure:7453: $? = 0
configure:7453: result: yes
configure:7453: checking for inttypes.h
configure:7453: /usr/bin/gcc -c -I/home/pivos/xbmc-depends/x86_64-linux-gnu-native/include  -I/home/pivos/xbmc-depends/x86_64-linux-gnu-native/include  conftest.c >&5
configure:7453: $? = 0
configure:7453: result: yes
configure:7453: checking for stdint.h
configure:7453: /usr/bin/gcc -c -I/home/pivos/xbmc-depends/x86_64-linux-gnu-native/include  -I/home/pivos/xbmc-depends/x86_64-linux-gnu-native/include  conftest.c >&5
configure:7453: $? = 0
configure:7453: result: yes
configure:7453: checking for unistd.h
configure:7453: /usr/bin/gcc -c -I/home/pivos/xbmc-depends/x86_64-linux-gnu-native/include  -I/home/pivos/xbmc-depends/x86_64-linux-gnu-native/include  conftest.c >&5
configure:7453: $? = 0
configure:7453: result: yes
configure:7467: checking for dlfcn.h
configure:7467: /usr/bin/gcc -c -I/home/pivos/xbmc-depends/x86_64-linux-gnu-native/include  -I/home/pivos/xbmc-depends/x86_64-linux-gnu-native/include  conftest.c >&5
configure:7467: $? = 0
configure:7467: result: yes
configure:7673: checking for objdir
configure:7688: result: .libs
configure:7959: checking if /usr/bin/gcc supports -fno-rtti -fno-exceptions
configure:7977: /usr/bin/gcc -c -I/home/pivos/xbmc-depends/x86_64-linux-gnu-native/include  -I/home/pivos/xbmc-depends/x86_64-linux-gnu-native/include  -fno-rtti -fno-exceptions conftest.c >&5
cc1: warning: command line option '-fno-rtti' is valid for C++/ObjC++ but not for C [enabled by default]
configure:7981: $? = 0
configure:7994: result: no
configure:8321: checking for /usr/bin/gcc option to produce PIC
configure:8328: result: -fPIC -DPIC
configure:8336: checking if /usr/bin/gcc PIC flag -fPIC -DPIC works
configure:8354: /usr/bin/gcc -c -I/home/pivos/xbmc-depends/x86_64-linux-gnu-native/include  -I/home/pivos/xbmc-depends/x86_64-linux-gnu-native/include  -fPIC -DPIC -DPIC conftest.c >&5
configure:8358: $? = 0
configure:8371: result: yes
configure:8400: checking if /usr/bin/gcc static flag -static works
configure:8428: result: yes
configure:8443: checking if /usr/bin/gcc supports -c -o file.o
configure:8464: /usr/bin/gcc -c -I/home/pivos/xbmc-depends/x86_64-linux-gnu-native/include  -I/home/pivos/xbmc-depends/x86_64-linux-gnu-native/include  -o out/conftest2.o conftest.c >&5
configure:8468: $? = 0
configure:8490: result: yes
configure:8498: checking if /usr/bin/gcc supports -c -o file.o
configure:8545: result: yes
configure:8578: checking whether the /usr/bin/gcc linker (/usr/bin/ld -m elf_x86_64) supports shared libraries
configure:9735: result: yes
configure:9772: checking whether -lc should be explicitly linked in
configure:9780: /usr/bin/gcc -c -I/home/pivos/xbmc-depends/x86_64-linux-gnu-native/include  -I/home/pivos/xbmc-depends/x86_64-linux-gnu-native/include  conftest.c >&5
configure:9783: $? = 0
configure:9798: /usr/bin/gcc -shared  -fPIC -DPIC conftest.o  -v -Wl,-soname -Wl,conftest -o conftest 2\>\&1 \| /bin/grep  -lc  \>/dev/null 2\>\&1
configure:9801: $? = 0
configure:9815: result: no
configure:9975: checking dynamic linker characteristics
configure:10475: /usr/bin/gcc -o conftest -I/home/pivos/xbmc-depends/x86_64-linux-gnu-native/include  -I/home/pivos/xbmc-depends/x86_64-linux-gnu-native/include  -L/home/pivos/xbmc-depends/x86_64-linux-gnu-native/lib  -Wl,-rpath -Wl,/foo conftest.c  >&5
configure:10475: $? = 0
configure:10709: result: GNU/Linux ld.so
configure:10816: checking how to hardcode library paths into programs
configure:10841: result: immediate
configure:11381: checking whether stripping libraries is possible
configure:11386: result: yes
configure:11421: checking if libtool supports shared libraries
configure:11423: result: yes
configure:11426: checking whether to build shared libraries
configure:11447: result: yes
configure:11450: checking whether to build static libraries
configure:11454: result: yes
configure:11539: checking for gcc
configure:11566: result: /usr/bin/gcc
configure:11795: checking for C compiler version
configure:11804: /usr/bin/gcc --version >&5
gcc (Ubuntu 4.8.4-2ubuntu1~14.04) 4.8.4
Copyright (C) 2013 Free Software Foundation, Inc.
This is free software; see the source for copying conditions.  There is NO
warranty; not even for MERCHANTABILITY or FITNESS FOR A PARTICULAR PURPOSE.

configure:11815: $? = 0
configure:11804: /usr/bin/gcc -v >&5
Using built-in specs.
COLLECT_GCC=/usr/bin/gcc
COLLECT_LTO_WRAPPER=/usr/lib/gcc/x86_64-linux-gnu/4.8/lto-wrapper
Target: x86_64-linux-gnu
Configured with: ../src/configure -v --with-pkgversion='Ubuntu 4.8.4-2ubuntu1~14.04' --with-bugurl=file:///usr/share/doc/gcc-4.8/README.Bugs --enable-languages=c,c++,java,go,d,fortran,objc,obj-c++ --prefix=/usr --program-suffix=-4.8 --enable-shared --enable-linker-build-id --libexecdir=/usr/lib --without-included-gettext --enable-threads=posix --with-gxx-include-dir=/usr/include/c++/4.8 --libdir=/usr/lib --enable-nls --with-sysroot=/ --enable-clocale=gnu --enable-libstdcxx-debug --enable-libstdcxx-time=yes --enable-gnu-unique-object --disable-libmudflap --enable-plugin --with-system-zlib --disable-browser-plugin --enable-java-awt=gtk --enable-gtk-cairo --with-java-home=/usr/lib/jvm/java-1.5.0-gcj-4.8-amd64/jre --enable-java-home --with-jvm-root-dir=/usr/lib/jvm/java-1.5.0-gcj-4.8-amd64 --with-jvm-jar-dir=/usr/lib/jvm-exports/java-1.5.0-gcj-4.8-amd64 --with-arch-directory=amd64 --with-ecj-jar=/usr/share/java/eclipse-ecj.jar --enable-objc-gc --enable-multiarch --disable-werror --with-arch-32=i686 --with-abi=m64 --with-multilib-list=m32,m64,mx32 --with-tune=generic --enable-checking=release --build=x86_64-linux-gnu --host=x86_64-linux-gnu --target=x86_64-linux-gnu
Thread model: posix
gcc version 4.8.4 (Ubuntu 4.8.4-2ubuntu1~14.04) 
configure:11815: $? = 0
configure:11804: /usr/bin/gcc -V >&5
gcc: error: unrecognized command line option '-V'
gcc: fatal error: no input files
compilation terminated.
configure:11815: $? = 4
configure:11804: /usr/bin/gcc -qversion >&5
gcc: error: unrecognized command line option '-qversion'
gcc: fatal error: no input files
compilation terminated.
configure:11815: $? = 4
configure:11819: checking whether we are using the GNU C compiler
configure:11847: result: yes
configure:11856: checking whether /usr/bin/gcc accepts -g
configure:11917: result: yes
configure:11934: checking for /usr/bin/gcc option to accept ISO C89
configure:12010: result: none needed
configure:12035: checking whether /usr/bin/gcc understands -c and -o together
configure:12072: result: yes
configure:12091: checking dependency style of /usr/bin/gcc
configure:12202: result: gcc3
configure:12222: checking how to run the C preprocessor
configure:12292: result: /usr/bin/gcc -E
configure:12312: /usr/bin/gcc -E -I/home/pivos/xbmc-depends/x86_64-linux-gnu-native/include  conftest.c
configure:12312: $? = 0
configure:12326: /usr/bin/gcc -E -I/home/pivos/xbmc-depends/x86_64-linux-gnu-native/include  conftest.c
conftest.c:23:28: fatal error: ac_nonexistent.h: No such file or directory
 #include <ac_nonexistent.h>
                            ^
compilation terminated.
configure:12326: $? = 1
configure: failed program was:
| /* confdefs.h */
| #define PACKAGE_NAME "giflib"
| #define PACKAGE_TARNAME "giflib"
| #define PACKAGE_VERSION "5.1.0"
| #define PACKAGE_STRING "giflib 5.1.0"
| #define PACKAGE_BUGREPORT "esr@thyrsus.com"
| #define PACKAGE_URL ""
| #define PACKAGE "giflib"
| #define VERSION "5.1.0"
| #define STDC_HEADERS 1
| #define HAVE_SYS_TYPES_H 1
| #define HAVE_SYS_STAT_H 1
| #define HAVE_STDLIB_H 1
| #define HAVE_STRING_H 1
| #define HAVE_MEMORY_H 1
| #define HAVE_STRINGS_H 1
| #define HAVE_INTTYPES_H 1
| #define HAVE_STDINT_H 1
| #define HAVE_UNISTD_H 1
| #define HAVE_DLFCN_H 1
| #define LT_OBJDIR ".libs/"
| /* end confdefs.h.  */
| #include <ac_nonexistent.h>
configure:12355: checking whether ln -s works
configure:12359: result: yes
configure:12366: checking whether make sets $(MAKE)
configure:12388: result: yes
configure:12401: checking for xmlto
configure:12429: result: no
configure:12455: checking limits.h usability
configure:12455: /usr/bin/gcc -c -I/home/pivos/xbmc-depends/x86_64-linux-gnu-native/include  -Wall -I/home/pivos/xbmc-depends/x86_64-linux-gnu-native/include  conftest.c >&5
configure:12455: $? = 0
configure:12455: result: yes
configure:12455: checking limits.h presence
configure:12455: /usr/bin/gcc -E -I/home/pivos/xbmc-depends/x86_64-linux-gnu-native/include  conftest.c
configure:12455: $? = 0
configure:12455: result: yes
configure:12455: checking for limits.h
configure:12455: result: yes
configure:12469: checking fcntl.h usability
configure:12469: /usr/bin/gcc -c -I/home/pivos/xbmc-depends/x86_64-linux-gnu-native/include  -Wall -I/home/pivos/xbmc-depends/x86_64-linux-gnu-native/include  conftest.c >&5
configure:12469: $? = 0
configure:12469: result: yes
configure:12469: checking fcntl.h presence
configure:12469: /usr/bin/gcc -E -I/home/pivos/xbmc-depends/x86_64-linux-gnu-native/include  conftest.c
configure:12469: $? = 0
configure:12469: result: yes
configure:12469: checking for fcntl.h
configure:12469: result: yes
configure:12483: checking for stdint.h
configure:12483: result: yes
configure:12497: checking stdarg.h usability
configure:12497: /usr/bin/gcc -c -I/home/pivos/xbmc-depends/x86_64-linux-gnu-native/include  -Wall -I/home/pivos/xbmc-depends/x86_64-linux-gnu-native/include  conftest.c >&5
configure:12497: $? = 0
configure:12497: result: yes
configure:12497: checking stdarg.h presence
configure:12497: /usr/bin/gcc -E -I/home/pivos/xbmc-depends/x86_64-linux-gnu-native/include  conftest.c
configure:12497: $? = 0
configure:12497: result: yes
configure:12497: checking for stdarg.h
configure:12497: result: yes
configure:12620: checking that generated files are newer than configure
configure:12626: result: done
configure:12657: creating ./config.status

## ---------------------- ##
## Running config.status. ##
## ---------------------- ##

This file was extended by giflib config.status 5.1.0, which was
generated by GNU Autoconf 2.69.  Invocation command line was

  CONFIG_FILES    = 
  CONFIG_HEADERS  = 
  CONFIG_LINKS    = 
  CONFIG_COMMANDS = 
  $ ./config.status 

on pivos-VirtualBox

config.status:1092: creating util/Makefile
config.status:1092: creating lib/Makefile
config.status:1092: creating Makefile
config.status:1092: creating doc/Makefile
config.status:1092: creating pic/Makefile
config.status:1092: creating config.h
config.status:1321: executing depfiles commands
config.status:1321: executing libtool commands

## ---------------- ##
## Cache variables. ##
## ---------------- ##

ac_cv_build=x86_64-unknown-linux-gnu
ac_cv_c_compiler_gnu=yes
ac_cv_env_CC_set=
ac_cv_env_CC_value=
ac_cv_env_CFLAGS_set=
ac_cv_env_CFLAGS_value=
ac_cv_env_CPPFLAGS_set=
ac_cv_env_CPPFLAGS_value=
ac_cv_env_CPP_set=
ac_cv_env_CPP_value=
ac_cv_env_LDFLAGS_set=
ac_cv_env_LDFLAGS_value=
ac_cv_env_LIBS_set=
ac_cv_env_LIBS_value=
ac_cv_env_build_alias_set=
ac_cv_env_build_alias_value=
ac_cv_env_host_alias_set=
ac_cv_env_host_alias_value=
ac_cv_env_target_alias_set=
ac_cv_env_target_alias_value=
ac_cv_header_dlfcn_h=yes
ac_cv_header_fcntl_h=yes
ac_cv_header_inttypes_h=yes
ac_cv_header_limits_h=yes
ac_cv_header_memory_h=yes
ac_cv_header_stdarg_h=yes
ac_cv_header_stdc=yes
ac_cv_header_stdint_h=yes
ac_cv_header_stdlib_h=yes
ac_cv_header_string_h=yes
ac_cv_header_strings_h=yes
ac_cv_header_sys_stat_h=yes
ac_cv_header_sys_types_h=yes
ac_cv_header_unistd_h=yes
ac_cv_host=x86_64-unknown-linux-gnu
ac_cv_objext=o
ac_cv_path_EGREP='/bin/grep -E'
ac_cv_path_FGREP='/bin/grep -F'
ac_cv_path_GREP=/bin/grep
ac_cv_path_SED=/bin/sed
ac_cv_path_install='/usr/bin/install -c'
ac_cv_path_mkdir=/bin/mkdir
ac_cv_prog_AWK=gawk
ac_cv_prog_CPP='/usr/bin/gcc -E'
ac_cv_prog_ac_ct_CC=/usr/bin/gcc
ac_cv_prog_ac_ct_MANIFEST_TOOL=mt
ac_cv_prog_ac_ct_OBJDUMP=/usr/bin/objdump
ac_cv_prog_ac_ct_RANLIB=/usr/bin/ranlib
ac_cv_prog_ac_ct_STRIP=/usr/bin/strip
ac_cv_prog_cc_c89=
ac_cv_prog_cc_g=yes
ac_cv_prog_have_xmlto=no
ac_cv_prog_make_make_set=yes
am_cv_CC_dependencies_compiler_type=gcc3
am_cv_make_support_nested_variables=yes
am_cv_prog_cc_c_o=yes
lt_cv_ar_at_file=@
lt_cv_archive_cmds_need_lc=no
lt_cv_deplibs_check_method=pass_all
lt_cv_file_magic_cmd='$MAGIC_CMD'
lt_cv_file_magic_test_file=
lt_cv_ld_reload_flag=-r
lt_cv_nm_interface='BSD nm'
lt_cv_objdir=.libs
lt_cv_path_LD=/usr/bin/ld
lt_cv_path_NM=/usr/bin/nm
lt_cv_path_mainfest_tool=no
lt_cv_prog_compiler_c_o=yes
lt_cv_prog_compiler_pic='-fPIC -DPIC'
lt_cv_prog_compiler_pic_works=yes
lt_cv_prog_compiler_rtti_exceptions=no
lt_cv_prog_compiler_static_works=yes
lt_cv_prog_gnu_ld=yes
lt_cv_sharedlib_from_linklib_cmd='printf %s\n'
lt_cv_shlibpath_overrides_runpath=no
lt_cv_sys_global_symbol_pipe='sed -n -e '\''s/^.*[	 ]\([ABCDGIRSTW][ABCDGIRSTW]*\)[	 ][	 ]*\([_A-Za-z][_A-Za-z0-9]*\)$/\1 \2 \2/p'\'' | sed '\''/ __gnu_lto/d'\'''
lt_cv_sys_global_symbol_to_c_name_address='sed -n -e '\''s/^: \([^ ]*\)[ ]*$/  {\"\1\", (void *) 0},/p'\'' -e '\''s/^[ABCDGIRSTW]* \([^ ]*\) \([^ ]*\)$/  {"\2", (void *) \&\2},/p'\'''
lt_cv_sys_global_symbol_to_c_name_address_lib_prefix='sed -n -e '\''s/^: \([^ ]*\)[ ]*$/  {\"\1\", (void *) 0},/p'\'' -e '\''s/^[ABCDGIRSTW]* \([^ ]*\) \(lib[^ ]*\)$/  {"\2", (void *) \&\2},/p'\'' -e '\''s/^[ABCDGIRSTW]* \([^ ]*\) \([^ ]*\)$/  {"lib\2", (void *) \&\2},/p'\'''
lt_cv_sys_global_symbol_to_cdecl='sed -n -e '\''s/^T .* \(.*\)$/extern int \1();/p'\'' -e '\''s/^[ABCDGIRSTW]* .* \(.*\)$/extern char \1;/p'\'''
lt_cv_sys_max_cmd_len=3458764513820540925
lt_cv_to_host_file_cmd=func_convert_file_noop
lt_cv_to_tool_file_cmd=func_convert_file_noop

## ----------------- ##
## Output variables. ##
## ----------------- ##

ACLOCAL='/home/pivos/xbmc-depends/x86_64-linux-gnu-native/bin/aclocal'
AMDEPBACKSLASH='\'
AMDEP_FALSE='#'
AMDEP_TRUE=''
AMTAR='$${TAR-tar}'
AM_BACKSLASH='\'
AM_DEFAULT_V='$(AM_DEFAULT_VERBOSITY)'
AM_DEFAULT_VERBOSITY='0'
AM_V='$(V)'
AR='/usr/bin/ar'
AUTOCONF='/home/pivos/xbmc-depends/x86_64-linux-gnu-native/bin/autoconf'
AUTOHEADER='/home/pivos/xbmc-depends/x86_64-linux-gnu-native/bin/autoheader'
AUTOMAKE='/home/pivos/xbmc-depends/x86_64-linux-gnu-native/bin/automake'
AWK='gawk'
BUILD_DOC_FALSE=''
BUILD_DOC_TRUE='#'
CC='/usr/bin/gcc'
CCDEPMODE='depmode=gcc3'
CFLAGS='-I/home/pivos/xbmc-depends/x86_64-linux-gnu-native/include  -Wall'
CPP='/usr/bin/gcc -E'
CPPFLAGS='-I/home/pivos/xbmc-depends/x86_64-linux-gnu-native/include '
CYGPATH_W='echo'
DEFS='-DHAVE_CONFIG_H'
DEPDIR='.deps'
DLLTOOL='false'
DSYMUTIL=''
DUMPBIN=''
ECHO_C=''
ECHO_N='-n'
ECHO_T=''
EGREP='/bin/grep -E'
EXEEXT=''
FGREP='/bin/grep -F'
GREP='/bin/grep'
INSTALL_DATA='${INSTALL} -m 644'
INSTALL_PROGRAM='${INSTALL}'
INSTALL_SCRIPT='${INSTALL}'
INSTALL_STRIP_PROGRAM='$(install_sh) -c -s'
LD='/usr/bin/ld -m elf_x86_64'
LDFLAGS='-L/home/pivos/xbmc-depends/x86_64-linux-gnu-native/lib '
LIBOBJS=''
LIBS=''
LIBTOOL='$(SHELL) $(top_builddir)/libtool'
LIPO=''
LN_S='ln -s'
LTLIBOBJS=''
MAKEINFO='${SHELL} /home/pivos/proj/xbmc-16.1-Jarvis/tools/depends/native/giflib-native/x86_64-linux-native/missing makeinfo'
MANIFEST_TOOL=':'
MKDIR_P='/bin/mkdir -p'
NM='/usr/bin/nm'
NMEDIT=''
OBJDUMP='/usr/bin/objdump'
OBJEXT='o'
OTOOL64=''
OTOOL=''
PACKAGE='giflib'
PACKAGE_BUGREPORT='esr@thyrsus.com'
PACKAGE_NAME='giflib'
PACKAGE_STRING='giflib 5.1.0'
PACKAGE_TARNAME='giflib'
PACKAGE_URL=''
PACKAGE_VERSION='5.1.0'
PATH_SEPARATOR=':'
RANLIB='/usr/bin/ranlib'
SED='/bin/sed'
SET_MAKE=''
SHELL='/bin/bash'
SHLIBVERSION='7:0:0'
STRIP='/usr/bin/strip'
VERSION='5.1.0'
ac_ct_AR=''
ac_ct_CC='/usr/bin/gcc'
ac_ct_DUMPBIN=''
am__EXEEXT_FALSE=''
am__EXEEXT_TRUE='#'
am__fastdepCC_FALSE='#'
am__fastdepCC_TRUE=''
am__include='include'
am__isrc=''
am__leading_dot='.'
am__nodep='_no'
am__quote=''
am__tar='$${TAR-tar} chof - "$$tardir"'
am__untar='$${TAR-tar} xf -'
bindir='${exec_prefix}/bin'
build='x86_64-unknown-linux-gnu'
build_alias=''
build_cpu='x86_64'
build_os='linux-gnu'
build_vendor='unknown'
datadir='${datarootdir}'
datarootdir='${prefix}/share'
docdir='${datarootdir}/doc/${PACKAGE_TARNAME}'
dvidir='${docdir}'
exec_prefix='${prefix}'
have_xmlto='no'
host='x86_64-unknown-linux-gnu'
host_alias=''
host_cpu='x86_64'
host_os='linux-gnu'
host_vendor='unknown'
htmldir='${docdir}'
includedir='${prefix}/include'
infodir='${datarootdir}/info'
install_sh='${SHELL} /home/pivos/proj/xbmc-16.1-Jarvis/tools/depends/native/giflib-native/x86_64-linux-native/install-sh'
libdir='${exec_prefix}/lib'
libexecdir='${exec_prefix}/libexec'
localedir='${datarootdir}/locale'
localstatedir='${prefix}/var'
mandir='${datarootdir}/man'
mkdir_p='$(MKDIR_P)'
oldincludedir='/usr/include'
pdfdir='${docdir}'
prefix='/home/pivos/xbmc-depends/x86_64-linux-gnu-native'
program_transform_name='s,x,x,'
psdir='${docdir}'
sbindir='${exec_prefix}/sbin'
sharedstatedir='${prefix}/com'
sysconfdir='${prefix}/etc'
target_alias=''

## ----------- ##
## confdefs.h. ##
## ----------- ##

/* confdefs.h */
#define PACKAGE_NAME "giflib"
#define PACKAGE_TARNAME "giflib"
#define PACKAGE_VERSION "5.1.0"
#define PACKAGE_STRING "giflib 5.1.0"
#define PACKAGE_BUGREPORT "esr@thyrsus.com"
#define PACKAGE_URL ""
#define PACKAGE "giflib"
#define VERSION "5.1.0"
#define STDC_HEADERS 1
#define HAVE_SYS_TYPES_H 1
#define HAVE_SYS_STAT_H 1
#define HAVE_STDLIB_H 1
#define HAVE_STRING_H 1
#define HAVE_MEMORY_H 1
#define HAVE_STRINGS_H 1
#define HAVE_INTTYPES_H 1
#define HAVE_STDINT_H 1
#define HAVE_UNISTD_H 1
#define HAVE_DLFCN_H 1
#define LT_OBJDIR ".libs/"
#define HAVE_LIMITS_H 1
#define HAVE_FCNTL_H 1
#define HAVE_STDINT_H 1
#define HAVE_STDARG_H 1

configure: exit 0
