This file contains any messages produced by compilers while
running configure, to aid debugging if configure makes a mistake.

It was created by libpng configure 1.2.38, which was
generated by GNU Autoconf 2.63.  Invocation command line was

  $ ./configure --prefix=/home/pivos/xbmc-depends/x86_64-linux-gnu-native

## --------- ##
## Platform. ##
## --------- ##

hostname = pivos-VirtualBox
uname -m = x86_64
uname -r = 3.13.0-24-generic
uname -s = Linux
uname -v = #46-Ubuntu SMP Thu Apr 10 19:11:08 UTC 2014

/usr/bin/uname -p = unknown
/bin/uname -X     = unknown

/bin/arch              = unknown
/usr/bin/arch -k       = unknown
/usr/convex/getsysinfo = unknown
/usr/bin/hostinfo      = unknown
/bin/machine           = unknown
/usr/bin/oslevel       = unknown
/bin/universe          = unknown

PATH: /home/pivos/xbmc-depends/x86_64-linux-gnu-native/bin
PATH: /home/pivos/xbmc-depends/x86_64-linux-gnu-native/bin
PATH: /home/pivos/xbmc-depends/x86_64-linux-gnu-native/bin
PATH: /usr/local/sbin
PATH: /usr/local/bin
PATH: /usr/sbin
PATH: /usr/bin
PATH: /sbin
PATH: /bin
PATH: /usr/games
PATH: /usr/local/games


## ----------- ##
## Core tests. ##
## ----------- ##

configure:1935: loading site script /home/pivos/xbmc-depends/x86_64-linux-gnu-native/share/config.site
| LD="${LD:-/usr/bin/ld}"
| CC="${CC:-/usr/bin/gcc}"
| CXX="${CXX:-/usr/bin/g++}"
| AR="${AR:-/usr/bin/ar}"
| RANLIB="${RANLIB:-/usr/bin/ranlib}"
| AS="${AS:-/usr/bin/as}"
| NM="${NM:-/usr/bin/nm}"
| STRIP="${STRIP:-/usr/bin/strip}"
| READELF="${READELF:-/usr/bin/readelf}"
| OBJDUMP="${OBJDUMP:-/usr/bin/objdump}"
| 
| CFLAGS="-I/home/pivos/xbmc-depends/x86_64-linux-gnu-native/include $CFLAGS"
| LDFLAGS="-L/home/pivos/xbmc-depends/x86_64-linux-gnu-native/lib $LDFLAGS"
| CPPFLAGS="-I/home/pivos/xbmc-depends/x86_64-linux-gnu-native/include $CPPFLAGS"
| CXXFLAGS="-I/home/pivos/xbmc-depends/x86_64-linux-gnu-native/include $CXXFLAGS"
| 
| PKG_CONFIG=/home/pivos/xbmc-depends/x86_64-linux-gnu-native/bin/pkg-config
| export PKG_CONFIG_LIBDIR=/home/pivos/xbmc-depends/x86_64-linux-gnu-native/lib/pkgconfig
| 
| PATH=/home/pivos/xbmc-depends/x86_64-linux-gnu-native/bin:$PATH
| if test -n ""; then
|   PATH=/usr/bin:/bin:$PATH
| fi
| 
| LD_LIBRARY_PATH=/home/pivos/xbmc-depends/x86_64-linux-gnu-native/lib:$LD_LIBRARY_PATH
| NASM=/home/pivos/xbmc-depends/x86_64-linux-gnu-native/bin/yasm
configure:2097: checking for a BSD-compatible install
configure:2165: result: /usr/bin/install -c
configure:2176: checking whether build environment is sane
configure:2236: result: yes
configure:2377: checking for a thread-safe mkdir -p
configure:2416: result: /bin/mkdir -p
configure:2429: checking for gawk
configure:2445: found /usr/bin/gawk
configure:2456: result: gawk
configure:2467: checking whether make sets $(MAKE)
configure:2489: result: yes
configure:2572: checking whether to enable maintainer-specific portions of Makefiles
configure:2581: result: no
configure:2654: checking for gcc
configure:2681: result: /usr/bin/gcc
configure:2913: checking for C compiler version
configure:2921: /usr/bin/gcc --version >&5
gcc (Ubuntu 4.8.4-2ubuntu1~14.04) 4.8.4
Copyright (C) 2013 Free Software Foundation, Inc.
This is free software; see the source for copying conditions.  There is NO
warranty; not even for MERCHANTABILITY or FITNESS FOR A PARTICULAR PURPOSE.

configure:2925: $? = 0
configure:2932: /usr/bin/gcc -v >&5
Using built-in specs.
COLLECT_GCC=/usr/bin/gcc
COLLECT_LTO_WRAPPER=/usr/lib/gcc/x86_64-linux-gnu/4.8/lto-wrapper
Target: x86_64-linux-gnu
Configured with: ../src/configure -v --with-pkgversion='Ubuntu 4.8.4-2ubuntu1~14.04' --with-bugurl=file:///usr/share/doc/gcc-4.8/README.Bugs --enable-languages=c,c++,java,go,d,fortran,objc,obj-c++ --prefix=/usr --program-suffix=-4.8 --enable-shared --enable-linker-build-id --libexecdir=/usr/lib --without-included-gettext --enable-threads=posix --with-gxx-include-dir=/usr/include/c++/4.8 --libdir=/usr/lib --enable-nls --with-sysroot=/ --enable-clocale=gnu --enable-libstdcxx-debug --enable-libstdcxx-time=yes --enable-gnu-unique-object --disable-libmudflap --enable-plugin --with-system-zlib --disable-browser-plugin --enable-java-awt=gtk --enable-gtk-cairo --with-java-home=/usr/lib/jvm/java-1.5.0-gcj-4.8-amd64/jre --enable-java-home --with-jvm-root-dir=/usr/lib/jvm/java-1.5.0-gcj-4.8-amd64 --with-jvm-jar-dir=/usr/lib/jvm-exports/java-1.5.0-gcj-4.8-amd64 --with-arch-directory=amd64 --with-ecj-jar=/usr/share/java/eclipse-ecj.jar --enable-objc-gc --enable-multiarch --disable-werror --with-arch-32=i686 --with-abi=m64 --with-multilib-list=m32,m64,mx32 --with-tune=generic --enable-checking=release --build=x86_64-linux-gnu --host=x86_64-linux-gnu --target=x86_64-linux-gnu
Thread model: posix
gcc version 4.8.4 (Ubuntu 4.8.4-2ubuntu1~14.04) 
configure:2936: $? = 0
configure:2943: /usr/bin/gcc -V >&5
gcc: error: unrecognized command line option '-V'
gcc: fatal error: no input files
compilation terminated.
configure:2947: $? = 4
configure:2970: checking for C compiler default output file name
configure:2992: /usr/bin/gcc -I/home/pivos/xbmc-depends/x86_64-linux-gnu-native/include  -I/home/pivos/xbmc-depends/x86_64-linux-gnu-native/include  -L/home/pivos/xbmc-depends/x86_64-linux-gnu-native/lib  conftest.c  >&5
configure:2996: $? = 0
configure:3034: result: a.out
configure:3053: checking whether the C compiler works
configure:3063: ./a.out
configure:3067: $? = 0
configure:3086: result: yes
configure:3093: checking whether we are cross compiling
configure:3095: result: no
configure:3098: checking for suffix of executables
configure:3105: /usr/bin/gcc -o conftest -I/home/pivos/xbmc-depends/x86_64-linux-gnu-native/include  -I/home/pivos/xbmc-depends/x86_64-linux-gnu-native/include  -L/home/pivos/xbmc-depends/x86_64-linux-gnu-native/lib  conftest.c  >&5
configure:3109: $? = 0
configure:3135: result: 
configure:3141: checking for suffix of object files
configure:3167: /usr/bin/gcc -c -I/home/pivos/xbmc-depends/x86_64-linux-gnu-native/include  -I/home/pivos/xbmc-depends/x86_64-linux-gnu-native/include  conftest.c >&5
configure:3171: $? = 0
configure:3196: result: o
configure:3200: checking whether we are using the GNU C compiler
configure:3229: /usr/bin/gcc -c -I/home/pivos/xbmc-depends/x86_64-linux-gnu-native/include  -I/home/pivos/xbmc-depends/x86_64-linux-gnu-native/include  conftest.c >&5
configure:3236: $? = 0
configure:3253: result: yes
configure:3262: checking whether /usr/bin/gcc accepts -g
configure:3292: /usr/bin/gcc -c -g -I/home/pivos/xbmc-depends/x86_64-linux-gnu-native/include  conftest.c >&5
configure:3299: $? = 0
configure:3400: result: yes
configure:3417: checking for /usr/bin/gcc option to accept ISO C89
configure:3491: /usr/bin/gcc  -c -I/home/pivos/xbmc-depends/x86_64-linux-gnu-native/include  -I/home/pivos/xbmc-depends/x86_64-linux-gnu-native/include  conftest.c >&5
configure:3498: $? = 0
configure:3521: result: none needed
configure:3550: checking for style of include used by make
configure:3578: result: GNU
configure:3603: checking dependency style of /usr/bin/gcc
configure:3713: result: gcc3
configure:3734: checking build system type
configure:3752: result: x86_64-unknown-linux-gnu
configure:3774: checking host system type
configure:3789: result: x86_64-unknown-linux-gnu
configure:3811: checking for a sed that does not truncate output
configure:3877: result: /bin/sed
configure:3895: checking for grep that handles long lines and -e
configure:3955: result: /bin/grep
configure:3960: checking for egrep
configure:4024: result: /bin/grep -E
configure:4029: checking for fgrep
configure:4093: result: /bin/grep -F
configure:4128: checking for ld used by /usr/bin/gcc
configure:4195: result: /usr/bin/ld
configure:4204: checking if the linker (/usr/bin/ld) is GNU ld
configure:4219: result: yes
configure:4236: checking how to run the C preprocessor
configure:4276: /usr/bin/gcc -E -I/home/pivos/xbmc-depends/x86_64-linux-gnu-native/include  conftest.c
configure:4283: $? = 0
configure:4314: /usr/bin/gcc -E -I/home/pivos/xbmc-depends/x86_64-linux-gnu-native/include  conftest.c
conftest.c:10:28: fatal error: ac_nonexistent.h: No such file or directory
 #include <ac_nonexistent.h>
                            ^
compilation terminated.
configure:4321: $? = 1
configure: failed program was:
| /* confdefs.h.  */
| #define PACKAGE_NAME "libpng"
| #define PACKAGE_TARNAME "libpng"
| #define PACKAGE_VERSION "1.2.38"
| #define PACKAGE_STRING "libpng 1.2.38"
| #define PACKAGE_BUGREPORT "png-mng-implement@lists.sourceforge.net"
| #define PACKAGE "libpng"
| #define VERSION "1.2.38"
| /* end confdefs.h.  */
| #include <ac_nonexistent.h>
configure:4354: result: /usr/bin/gcc -E
configure:4383: /usr/bin/gcc -E -I/home/pivos/xbmc-depends/x86_64-linux-gnu-native/include  conftest.c
configure:4390: $? = 0
configure:4421: /usr/bin/gcc -E -I/home/pivos/xbmc-depends/x86_64-linux-gnu-native/include  conftest.c
conftest.c:10:28: fatal error: ac_nonexistent.h: No such file or directory
 #include <ac_nonexistent.h>
                            ^
compilation terminated.
configure:4428: $? = 1
configure: failed program was:
| /* confdefs.h.  */
| #define PACKAGE_NAME "libpng"
| #define PACKAGE_TARNAME "libpng"
| #define PACKAGE_VERSION "1.2.38"
| #define PACKAGE_STRING "libpng 1.2.38"
| #define PACKAGE_BUGREPORT "png-mng-implement@lists.sourceforge.net"
| #define PACKAGE "libpng"
| #define VERSION "1.2.38"
| /* end confdefs.h.  */
| #include <ac_nonexistent.h>
configure:4510: checking for sed
configure:4537: result: /bin/sed
configure:4876: checking for a BSD-compatible install
configure:4944: result: /usr/bin/install -c
configure:4955: checking whether ln -s works
configure:4959: result: yes
configure:4966: checking whether make sets $(MAKE)
configure:4988: result: yes
configure:5022: checking for BSD- or MS-compatible name lister (nm)
configure:5071: result: /usr/bin/nm
configure:5189: checking the name lister (/usr/bin/nm) interface
configure:5196: /usr/bin/gcc -c -I/home/pivos/xbmc-depends/x86_64-linux-gnu-native/include  -I/home/pivos/xbmc-depends/x86_64-linux-gnu-native/include  conftest.c >&5
configure:5199: /usr/bin/nm "conftest.o"
configure:5202: output
0000000000000000 B some_variable
configure:5209: result: BSD nm
configure:5213: checking the maximum length of command line arguments
configure:5333: result: 3458764513820540925
configure:5350: checking whether the shell understands some XSI constructs
configure:5360: result: yes
configure:5364: checking whether the shell understands "+="
configure:5370: result: yes
configure:5405: checking for /usr/bin/ld option to reload object files
configure:5412: result: -r
configure:5481: checking for objdump
configure:5508: result: /usr/bin/objdump
configure:5537: checking how to recognize dependent libraries
configure:5733: result: pass_all
configure:5793: checking for ar
configure:5820: result: /usr/bin/ar
configure:5898: checking for strip
configure:5925: result: /usr/bin/strip
configure:5997: checking for ranlib
configure:6024: result: /usr/bin/ranlib
configure:6114: checking command to parse /usr/bin/nm output from /usr/bin/gcc object
configure:6232: /usr/bin/gcc -c -I/home/pivos/xbmc-depends/x86_64-linux-gnu-native/include  -I/home/pivos/xbmc-depends/x86_64-linux-gnu-native/include  conftest.c >&5
configure:6235: $? = 0
configure:6239: /usr/bin/nm conftest.o \| sed -n -e 's/^.*[	 ]\([ABCDGIRSTW][ABCDGIRSTW]*\)[	 ][	 ]*\([_A-Za-z][_A-Za-z0-9]*\)$/\1 \2 \2/p' \> conftest.nm
configure:6242: $? = 0
configure:6296: /usr/bin/gcc -o conftest -I/home/pivos/xbmc-depends/x86_64-linux-gnu-native/include  -I/home/pivos/xbmc-depends/x86_64-linux-gnu-native/include  -L/home/pivos/xbmc-depends/x86_64-linux-gnu-native/lib  conftest.c conftstm.o >&5
configure:6299: $? = 0
configure:6337: result: ok
configure:6433: /usr/bin/gcc -c -I/home/pivos/xbmc-depends/x86_64-linux-gnu-native/include  -I/home/pivos/xbmc-depends/x86_64-linux-gnu-native/include  conftest.c >&5
configure:6436: $? = 0
configure:7200: checking for ANSI C header files
configure:7230: /usr/bin/gcc -c -I/home/pivos/xbmc-depends/x86_64-linux-gnu-native/include  -I/home/pivos/xbmc-depends/x86_64-linux-gnu-native/include  conftest.c >&5
configure:7237: $? = 0
configure:7336: /usr/bin/gcc -o conftest -I/home/pivos/xbmc-depends/x86_64-linux-gnu-native/include  -I/home/pivos/xbmc-depends/x86_64-linux-gnu-native/include  -L/home/pivos/xbmc-depends/x86_64-linux-gnu-native/lib  conftest.c  >&5
configure:7340: $? = 0
configure:7346: ./conftest
configure:7350: $? = 0
configure:7368: result: yes
configure:7392: checking for sys/types.h
configure:7413: /usr/bin/gcc -c -I/home/pivos/xbmc-depends/x86_64-linux-gnu-native/include  -I/home/pivos/xbmc-depends/x86_64-linux-gnu-native/include  conftest.c >&5
configure:7420: $? = 0
configure:7437: result: yes
configure:7392: checking for sys/stat.h
configure:7413: /usr/bin/gcc -c -I/home/pivos/xbmc-depends/x86_64-linux-gnu-native/include  -I/home/pivos/xbmc-depends/x86_64-linux-gnu-native/include  conftest.c >&5
configure:7420: $? = 0
configure:7437: result: yes
configure:7392: checking for stdlib.h
configure:7413: /usr/bin/gcc -c -I/home/pivos/xbmc-depends/x86_64-linux-gnu-native/include  -I/home/pivos/xbmc-depends/x86_64-linux-gnu-native/include  conftest.c >&5
configure:7420: $? = 0
configure:7437: result: yes
configure:7392: checking for string.h
configure:7413: /usr/bin/gcc -c -I/home/pivos/xbmc-depends/x86_64-linux-gnu-native/include  -I/home/pivos/xbmc-depends/x86_64-linux-gnu-native/include  conftest.c >&5
configure:7420: $? = 0
configure:7437: result: yes
configure:7392: checking for memory.h
configure:7413: /usr/bin/gcc -c -I/home/pivos/xbmc-depends/x86_64-linux-gnu-native/include  -I/home/pivos/xbmc-depends/x86_64-linux-gnu-native/include  conftest.c >&5
configure:7420: $? = 0
configure:7437: result: yes
configure:7392: checking for strings.h
configure:7413: /usr/bin/gcc -c -I/home/pivos/xbmc-depends/x86_64-linux-gnu-native/include  -I/home/pivos/xbmc-depends/x86_64-linux-gnu-native/include  conftest.c >&5
configure:7420: $? = 0
configure:7437: result: yes
configure:7392: checking for inttypes.h
configure:7413: /usr/bin/gcc -c -I/home/pivos/xbmc-depends/x86_64-linux-gnu-native/include  -I/home/pivos/xbmc-depends/x86_64-linux-gnu-native/include  conftest.c >&5
configure:7420: $? = 0
configure:7437: result: yes
configure:7392: checking for stdint.h
configure:7413: /usr/bin/gcc -c -I/home/pivos/xbmc-depends/x86_64-linux-gnu-native/include  -I/home/pivos/xbmc-depends/x86_64-linux-gnu-native/include  conftest.c >&5
configure:7420: $? = 0
configure:7437: result: yes
configure:7392: checking for unistd.h
configure:7413: /usr/bin/gcc -c -I/home/pivos/xbmc-depends/x86_64-linux-gnu-native/include  -I/home/pivos/xbmc-depends/x86_64-linux-gnu-native/include  conftest.c >&5
configure:7420: $? = 0
configure:7437: result: yes
configure:7455: checking for dlfcn.h
configure:7476: /usr/bin/gcc -c -I/home/pivos/xbmc-depends/x86_64-linux-gnu-native/include  -I/home/pivos/xbmc-depends/x86_64-linux-gnu-native/include  conftest.c >&5
configure:7483: $? = 0
configure:7500: result: yes
configure:7684: checking for objdir
configure:7699: result: .libs
configure:7991: checking if /usr/bin/gcc supports -fno-rtti -fno-exceptions
configure:8009: /usr/bin/gcc -c -I/home/pivos/xbmc-depends/x86_64-linux-gnu-native/include  -I/home/pivos/xbmc-depends/x86_64-linux-gnu-native/include  -fno-rtti -fno-exceptions conftest.c >&5
cc1: warning: command line option '-fno-rtti' is valid for C++/ObjC++ but not for C [enabled by default]
configure:8013: $? = 0
configure:8026: result: no
configure:8046: checking for /usr/bin/gcc option to produce PIC
configure:8318: result: -fPIC -DPIC
configure:8330: checking if /usr/bin/gcc PIC flag -fPIC -DPIC works
configure:8348: /usr/bin/gcc -c -I/home/pivos/xbmc-depends/x86_64-linux-gnu-native/include  -I/home/pivos/xbmc-depends/x86_64-linux-gnu-native/include  -fPIC -DPIC -DPIC conftest.c >&5
configure:8352: $? = 0
configure:8365: result: yes
configure:8389: checking if /usr/bin/gcc static flag -static works
configure:8417: result: yes
configure:8432: checking if /usr/bin/gcc supports -c -o file.o
configure:8453: /usr/bin/gcc -c -I/home/pivos/xbmc-depends/x86_64-linux-gnu-native/include  -I/home/pivos/xbmc-depends/x86_64-linux-gnu-native/include  -o out/conftest2.o conftest.c >&5
configure:8457: $? = 0
configure:8479: result: yes
configure:8487: checking if /usr/bin/gcc supports -c -o file.o
configure:8534: result: yes
configure:8567: checking whether the /usr/bin/gcc linker (/usr/bin/ld -m elf_x86_64) supports shared libraries
configure:9641: result: yes
configure:9678: checking whether -lc should be explicitly linked in
configure:9683: /usr/bin/gcc -c -I/home/pivos/xbmc-depends/x86_64-linux-gnu-native/include  -I/home/pivos/xbmc-depends/x86_64-linux-gnu-native/include  conftest.c >&5
configure:9686: $? = 0
configure:9701: /usr/bin/gcc -shared conftest.o  -v -Wl,-soname -Wl,conftest -o conftest 2\>\&1 \| /bin/grep  -lc  \>/dev/null 2\>\&1
configure:9704: $? = 0
configure:9716: result: no
configure:9880: checking dynamic linker characteristics
configure:10323: /usr/bin/gcc -o conftest -I/home/pivos/xbmc-depends/x86_64-linux-gnu-native/include  -I/home/pivos/xbmc-depends/x86_64-linux-gnu-native/include  -L/home/pivos/xbmc-depends/x86_64-linux-gnu-native/lib  -Wl,-rpath -Wl,/foo conftest.c  >&5
configure:10330: $? = 0
configure:10563: result: GNU/Linux ld.so
configure:10665: checking how to hardcode library paths into programs
configure:10690: result: immediate
configure:11523: checking whether stripping libraries is possible
configure:11528: result: yes
configure:11563: checking if libtool supports shared libraries
configure:11565: result: yes
configure:11568: checking whether to build shared libraries
configure:11589: result: yes
configure:11592: checking whether to build static libraries
configure:11596: result: yes
configure:11633: checking for ANSI C header files
configure:11801: result: yes
configure:11830: checking malloc.h usability
configure:11847: /usr/bin/gcc -c -I/home/pivos/xbmc-depends/x86_64-linux-gnu-native/include  -I/home/pivos/xbmc-depends/x86_64-linux-gnu-native/include  conftest.c >&5
configure:11854: $? = 0
configure:11868: result: yes
configure:11872: checking malloc.h presence
configure:11887: /usr/bin/gcc -E -I/home/pivos/xbmc-depends/x86_64-linux-gnu-native/include  conftest.c
configure:11894: $? = 0
configure:11908: result: yes
configure:11941: checking for malloc.h
configure:11950: result: yes
configure:11819: checking for stdlib.h
configure:11826: result: yes
configure:11819: checking for string.h
configure:11826: result: yes
configure:11819: checking for strings.h
configure:11826: result: yes
configure:11967: checking for an ANSI C-conforming const
configure:12042: /usr/bin/gcc -c -I/home/pivos/xbmc-depends/x86_64-linux-gnu-native/include  -I/home/pivos/xbmc-depends/x86_64-linux-gnu-native/include  conftest.c >&5
configure:12049: $? = 0
configure:12064: result: yes
configure:12074: checking for size_t
configure:12102: /usr/bin/gcc -c -I/home/pivos/xbmc-depends/x86_64-linux-gnu-native/include  -I/home/pivos/xbmc-depends/x86_64-linux-gnu-native/include  conftest.c >&5
configure:12109: $? = 0
configure:12136: /usr/bin/gcc -c -I/home/pivos/xbmc-depends/x86_64-linux-gnu-native/include  -I/home/pivos/xbmc-depends/x86_64-linux-gnu-native/include  conftest.c >&5
conftest.c: In function 'main':
conftest.c:63:21: error: expected expression before ')' token
 if (sizeof ((size_t)))
                     ^
configure:12143: $? = 1
configure: failed program was:
| /* confdefs.h.  */
| #define PACKAGE_NAME "libpng"
| #define PACKAGE_TARNAME "libpng"
| #define PACKAGE_VERSION "1.2.38"
| #define PACKAGE_STRING "libpng 1.2.38"
| #define PACKAGE_BUGREPORT "png-mng-implement@lists.sourceforge.net"
| #define PACKAGE "libpng"
| #define VERSION "1.2.38"
| #define STDC_HEADERS 1
| #define HAVE_SYS_TYPES_H 1
| #define HAVE_SYS_STAT_H 1
| #define HAVE_STDLIB_H 1
| #define HAVE_STRING_H 1
| #define HAVE_MEMORY_H 1
| #define HAVE_STRINGS_H 1
| #define HAVE_INTTYPES_H 1
| #define HAVE_STDINT_H 1
| #define HAVE_UNISTD_H 1
| #define HAVE_DLFCN_H 1
| #define LT_OBJDIR ".libs/"
| #define STDC_HEADERS 1
| #define HAVE_MALLOC_H 1
| #define HAVE_STDLIB_H 1
| #define HAVE_STRING_H 1
| #define HAVE_STRINGS_H 1
| /* end confdefs.h.  */
| #include <stdio.h>
| #ifdef HAVE_SYS_TYPES_H
| # include <sys/types.h>
| #endif
| #ifdef HAVE_SYS_STAT_H
| # include <sys/stat.h>
| #endif
| #ifdef STDC_HEADERS
| # include <stdlib.h>
| # include <stddef.h>
| #else
| # ifdef HAVE_STDLIB_H
| #  include <stdlib.h>
| # endif
| #endif
| #ifdef HAVE_STRING_H
| # if !defined STDC_HEADERS && defined HAVE_MEMORY_H
| #  include <memory.h>
| # endif
| # include <string.h>
| #endif
| #ifdef HAVE_STRINGS_H
| # include <strings.h>
| #endif
| #ifdef HAVE_INTTYPES_H
| # include <inttypes.h>
| #endif
| #ifdef HAVE_STDINT_H
| # include <stdint.h>
| #endif
| #ifdef HAVE_UNISTD_H
| # include <unistd.h>
| #endif
| int
| main ()
| {
| if (sizeof ((size_t)))
| 	  return 0;
|   ;
|   return 0;
| }
configure:12166: result: yes
configure:12178: checking whether struct tm is in sys/time.h or time.h
configure:12208: /usr/bin/gcc -c -I/home/pivos/xbmc-depends/x86_64-linux-gnu-native/include  -I/home/pivos/xbmc-depends/x86_64-linux-gnu-native/include  conftest.c >&5
configure:12215: $? = 0
configure:12230: result: time.h
configure:12242: checking for working strtod
configure:12293: /usr/bin/gcc -o conftest -I/home/pivos/xbmc-depends/x86_64-linux-gnu-native/include  -I/home/pivos/xbmc-depends/x86_64-linux-gnu-native/include  -L/home/pivos/xbmc-depends/x86_64-linux-gnu-native/lib  conftest.c  >&5
configure:12297: $? = 0
configure:12303: ./conftest
configure:12307: $? = 0
configure:12324: result: yes
configure:12500: checking for memset
configure:12556: /usr/bin/gcc -o conftest -I/home/pivos/xbmc-depends/x86_64-linux-gnu-native/include  -I/home/pivos/xbmc-depends/x86_64-linux-gnu-native/include  -L/home/pivos/xbmc-depends/x86_64-linux-gnu-native/lib  conftest.c  >&5
conftest.c:50:6: warning: conflicting types for built-in function 'memset' [enabled by default]
 char memset ();
      ^
configure:12563: $? = 0
configure:12585: result: yes
configure:12605: checking for pow
configure:12661: /usr/bin/gcc -o conftest -I/home/pivos/xbmc-depends/x86_64-linux-gnu-native/include  -I/home/pivos/xbmc-depends/x86_64-linux-gnu-native/include  -L/home/pivos/xbmc-depends/x86_64-linux-gnu-native/lib  conftest.c  >&5
conftest.c:51:6: warning: conflicting types for built-in function 'pow' [enabled by default]
 char pow ();
      ^
/tmp/ccTqXrX6.o: In function `main':
conftest.c:(.text+0xa): undefined reference to `pow'
collect2: error: ld returned 1 exit status
configure:12668: $? = 1
configure: failed program was:
| /* confdefs.h.  */
| #define PACKAGE_NAME "libpng"
| #define PACKAGE_TARNAME "libpng"
| #define PACKAGE_VERSION "1.2.38"
| #define PACKAGE_STRING "libpng 1.2.38"
| #define PACKAGE_BUGREPORT "png-mng-implement@lists.sourceforge.net"
| #define PACKAGE "libpng"
| #define VERSION "1.2.38"
| #define STDC_HEADERS 1
| #define HAVE_SYS_TYPES_H 1
| #define HAVE_SYS_STAT_H 1
| #define HAVE_STDLIB_H 1
| #define HAVE_STRING_H 1
| #define HAVE_MEMORY_H 1
| #define HAVE_STRINGS_H 1
| #define HAVE_INTTYPES_H 1
| #define HAVE_STDINT_H 1
| #define HAVE_UNISTD_H 1
| #define HAVE_DLFCN_H 1
| #define LT_OBJDIR ".libs/"
| #define STDC_HEADERS 1
| #define HAVE_MALLOC_H 1
| #define HAVE_STDLIB_H 1
| #define HAVE_STRING_H 1
| #define HAVE_STRINGS_H 1
| #define HAVE_MEMSET 1
| /* end confdefs.h.  */
| /* Define pow to an innocuous variant, in case <limits.h> declares pow.
|    For example, HP-UX 11i <limits.h> declares gettimeofday.  */
| #define pow innocuous_pow
| 
| /* System header to define __stub macros and hopefully few prototypes,
|     which can conflict with char pow (); below.
|     Prefer <limits.h> to <assert.h> if __STDC__ is defined, since
|     <limits.h> exists even on freestanding compilers.  */
| 
| #ifdef __STDC__
| # include <limits.h>
| #else
| # include <assert.h>
| #endif
| 
| #undef pow
| 
| /* Override any GCC internal prototype to avoid an error.
|    Use char because int might match the return type of a GCC
|    builtin and then its argument prototype would still apply.  */
| #ifdef __cplusplus
| extern "C"
| #endif
| char pow ();
| /* The GNU C library defines this for functions which it implements
|     to always fail with ENOSYS.  Some functions are actually named
|     something starting with __ and the normal name is an alias.  */
| #if defined __stub_pow || defined __stub___pow
| choke me
| #endif
| 
| int
| main ()
| {
| return pow ();
|   ;
|   return 0;
| }
configure:12690: result: no
configure:12701: checking for pow in -lm
configure:12736: /usr/bin/gcc -o conftest -I/home/pivos/xbmc-depends/x86_64-linux-gnu-native/include  -I/home/pivos/xbmc-depends/x86_64-linux-gnu-native/include  -L/home/pivos/xbmc-depends/x86_64-linux-gnu-native/lib  conftest.c -lm   >&5
conftest.c:35:6: warning: conflicting types for built-in function 'pow' [enabled by default]
 char pow ();
      ^
configure:12743: $? = 0
configure:12764: result: yes
configure:12783: checking for zlibVersion in -lz
configure:12818: /usr/bin/gcc -o conftest -I/home/pivos/xbmc-depends/x86_64-linux-gnu-native/include  -I/home/pivos/xbmc-depends/x86_64-linux-gnu-native/include  -L/home/pivos/xbmc-depends/x86_64-linux-gnu-native/lib  conftest.c -lz  -lm  >&5
configure:12825: $? = 0
configure:12846: result: yes
configure:12863: checking if assembler code in pnggccrd.c can be compiled without PNG_NO_MMX_CODE
configure:12886: /usr/bin/gcc -c -I/home/pivos/xbmc-depends/x86_64-linux-gnu-native/include  -I/home/pivos/xbmc-depends/x86_64-linux-gnu-native/include  conftest.c >&5
configure:12893: $? = 0
configure:12898: result: yes
configure:12915: checking if libraries can be versioned
configure:12920: result: yes
configure:12939: checking for symbol prefix
configure:12946: result: 
configure:12968: pkgconfig directory is ${libdir}/pkgconfig
configure:13150: creating ./config.status

## ---------------------- ##
## Running config.status. ##
## ---------------------- ##

This file was extended by libpng config.status 1.2.38, which was
generated by GNU Autoconf 2.63.  Invocation command line was

  CONFIG_FILES    = 
  CONFIG_HEADERS  = 
  CONFIG_LINKS    = 
  CONFIG_COMMANDS = 
  $ ./config.status 

on pivos-VirtualBox

config.status:1013: creating Makefile
config.status:1013: creating libpng.pc
config.status:1013: creating libpng-config
config.status:1013: creating config.h
config.status:1287: executing depfiles commands
config.status:1287: executing libtool commands

## ---------------- ##
## Cache variables. ##
## ---------------- ##

ac_cv_build=x86_64-unknown-linux-gnu
ac_cv_c_compiler_gnu=yes
ac_cv_c_const=yes
ac_cv_env_CC_set=
ac_cv_env_CC_value=
ac_cv_env_CFLAGS_set=
ac_cv_env_CFLAGS_value=
ac_cv_env_CPPFLAGS_set=
ac_cv_env_CPPFLAGS_value=
ac_cv_env_CPP_set=
ac_cv_env_CPP_value=
ac_cv_env_LDFLAGS_set=
ac_cv_env_LDFLAGS_value=
ac_cv_env_LIBS_set=
ac_cv_env_LIBS_value=
ac_cv_env_build_alias_set=
ac_cv_env_build_alias_value=
ac_cv_env_host_alias_set=
ac_cv_env_host_alias_value=
ac_cv_env_target_alias_set=
ac_cv_env_target_alias_value=
ac_cv_func_memset=yes
ac_cv_func_pow=no
ac_cv_func_strtod=yes
ac_cv_header_dlfcn_h=yes
ac_cv_header_inttypes_h=yes
ac_cv_header_malloc_h=yes
ac_cv_header_memory_h=yes
ac_cv_header_stdc=yes
ac_cv_header_stdint_h=yes
ac_cv_header_stdlib_h=yes
ac_cv_header_string_h=yes
ac_cv_header_strings_h=yes
ac_cv_header_sys_stat_h=yes
ac_cv_header_sys_types_h=yes
ac_cv_header_unistd_h=yes
ac_cv_host=x86_64-unknown-linux-gnu
ac_cv_lib_m_pow=yes
ac_cv_lib_z_zlibVersion=yes
ac_cv_objext=o
ac_cv_path_EGREP='/bin/grep -E'
ac_cv_path_FGREP='/bin/grep -F'
ac_cv_path_GREP=/bin/grep
ac_cv_path_SED=/bin/sed
ac_cv_path_install='/usr/bin/install -c'
ac_cv_path_mkdir=/bin/mkdir
ac_cv_prog_AWK=gawk
ac_cv_prog_CPP='/usr/bin/gcc -E'
ac_cv_prog_ac_ct_AR=/usr/bin/ar
ac_cv_prog_ac_ct_CC=/usr/bin/gcc
ac_cv_prog_ac_ct_OBJDUMP=/usr/bin/objdump
ac_cv_prog_ac_ct_RANLIB=/usr/bin/ranlib
ac_cv_prog_ac_ct_SED=/bin/sed
ac_cv_prog_ac_ct_STRIP=/usr/bin/strip
ac_cv_prog_cc_c89=
ac_cv_prog_cc_g=yes
ac_cv_prog_make_make_set=yes
ac_cv_struct_tm=time.h
ac_cv_type_size_t=yes
am_cv_CC_dependencies_compiler_type=gcc3
lt_cv_deplibs_check_method=pass_all
lt_cv_file_magic_cmd='$MAGIC_CMD'
lt_cv_file_magic_test_file=
lt_cv_ld_reload_flag=-r
lt_cv_nm_interface='BSD nm'
lt_cv_objdir=.libs
lt_cv_path_LD=/usr/bin/ld
lt_cv_path_NM=/usr/bin/nm
lt_cv_prog_compiler_c_o=yes
lt_cv_prog_compiler_pic_works=yes
lt_cv_prog_compiler_rtti_exceptions=no
lt_cv_prog_compiler_static_works=yes
lt_cv_prog_gnu_ld=yes
lt_cv_sys_global_symbol_pipe='sed -n -e '\''s/^.*[	 ]\([ABCDGIRSTW][ABCDGIRSTW]*\)[	 ][	 ]*\([_A-Za-z][_A-Za-z0-9]*\)$/\1 \2 \2/p'\'''
lt_cv_sys_global_symbol_to_c_name_address='sed -n -e '\''s/^: \([^ ]*\) $/  {\"\1\", (void *) 0},/p'\'' -e '\''s/^[ABCDGIRSTW]* \([^ ]*\) \([^ ]*\)$/  {"\2", (void *) \&\2},/p'\'''
lt_cv_sys_global_symbol_to_c_name_address_lib_prefix='sed -n -e '\''s/^: \([^ ]*\) $/  {\"\1\", (void *) 0},/p'\'' -e '\''s/^[ABCDGIRSTW]* \([^ ]*\) \(lib[^ ]*\)$/  {"\2", (void *) \&\2},/p'\'' -e '\''s/^[ABCDGIRSTW]* \([^ ]*\) \([^ ]*\)$/  {"lib\2", (void *) \&\2},/p'\'''
lt_cv_sys_global_symbol_to_cdecl='sed -n -e '\''s/^T .* \(.*\)$/extern int \1();/p'\'' -e '\''s/^[ABCDGIRSTW]* .* \(.*\)$/extern char \1;/p'\'''
lt_cv_sys_max_cmd_len=3458764513820540925

## ----------------- ##
## Output variables. ##
## ----------------- ##

ACLOCAL='/home/pivos/xbmc-depends/x86_64-linux-gnu-native/bin/aclocal'
AMDEPBACKSLASH='\'
AMDEP_FALSE='#'
AMDEP_TRUE=''
AMTAR='${SHELL} /home/pivos/proj/xbmc-16.1-Jarvis/tools/depends/native/libpng-native/x86_64-linux-native/missing --run tar'
AR='/usr/bin/ar'
AS='/usr/bin/as'
AUTOCONF='/home/pivos/xbmc-depends/x86_64-linux-gnu-native/bin/autoconf'
AUTOHEADER='/home/pivos/xbmc-depends/x86_64-linux-gnu-native/bin/autoheader'
AUTOMAKE='/home/pivos/xbmc-depends/x86_64-linux-gnu-native/bin/automake'
AWK='gawk'
CC='/usr/bin/gcc'
CCDEPMODE='depmode=gcc3'
CFLAGS='-I/home/pivos/xbmc-depends/x86_64-linux-gnu-native/include '
CPP='/usr/bin/gcc -E'
CPPFLAGS='-I/home/pivos/xbmc-depends/x86_64-linux-gnu-native/include '
CYGPATH_W='echo'
DEFS='-DHAVE_CONFIG_H'
DEPDIR='.deps'
DLLTOOL='dlltool'
DSYMUTIL=''
DUMPBIN=''
ECHO_C=''
ECHO_N='-n'
ECHO_T=''
EGREP='/bin/grep -E'
EXEEXT=''
FGREP='/bin/grep -F'
GREP='/bin/grep'
HAVE_LD_VERSION_SCRIPT_FALSE='#'
HAVE_LD_VERSION_SCRIPT_TRUE=''
INSTALL_DATA='${INSTALL} -m 644'
INSTALL_PROGRAM='${INSTALL}'
INSTALL_SCRIPT='${INSTALL}'
INSTALL_STRIP_PROGRAM='$(install_sh) -c -s'
LD='/usr/bin/ld -m elf_x86_64'
LDFLAGS='-L/home/pivos/xbmc-depends/x86_64-linux-gnu-native/lib '
LIBOBJS=''
LIBPNG_DEFINES='-DPNG_CONFIGURE_LIBPNG '
LIBPNG_NO_MMX=''
LIBS='-lz -lm '
LIBTOOL='$(SHELL) $(top_builddir)/libtool'
LIPO=''
LN_S='ln -s'
LTLIBOBJS=''
MAINT='#'
MAINTAINER_MODE_FALSE=''
MAINTAINER_MODE_TRUE='#'
MAKEINFO='${SHELL} /home/pivos/proj/xbmc-16.1-Jarvis/tools/depends/native/libpng-native/x86_64-linux-native/missing --run makeinfo'
MKDIR_P='/bin/mkdir -p'
NM='/usr/bin/nm'
NMEDIT=''
OBJDUMP='/usr/bin/objdump'
OBJEXT='o'
OTOOL64=''
OTOOL=''
PACKAGE='libpng'
PACKAGE_BUGREPORT='png-mng-implement@lists.sourceforge.net'
PACKAGE_NAME='libpng'
PACKAGE_STRING='libpng 1.2.38'
PACKAGE_TARNAME='libpng'
PACKAGE_VERSION='1.2.38'
PATH_SEPARATOR=':'
PNGLIB_MAJOR='1'
PNGLIB_MINOR='2'
PNGLIB_RELEASE='38'
PNGLIB_VERSION='1.2.38'
POW_LIB=''
RANLIB='/usr/bin/ranlib'
SED='/bin/sed'
SET_MAKE=''
SHELL='/bin/bash'
STRIP='/usr/bin/strip'
SYMBOL_PREFIX=''
VERSION='1.2.38'
ac_ct_CC='/usr/bin/gcc'
ac_ct_DUMPBIN=''
am__EXEEXT_FALSE=''
am__EXEEXT_TRUE='#'
am__fastdepCC_FALSE='#'
am__fastdepCC_TRUE=''
am__include='include'
am__isrc=''
am__leading_dot='.'
am__quote=''
am__tar='${AMTAR} chof - "$$tardir"'
am__untar='${AMTAR} xf -'
binconfigs='${binconfigs}'
bindir='${exec_prefix}/bin'
build='x86_64-unknown-linux-gnu'
build_alias=''
build_cpu='x86_64'
build_os='linux-gnu'
build_vendor='unknown'
compatlib='libpng.la'
datadir='${datarootdir}'
datarootdir='${prefix}/share'
docdir='${datarootdir}/doc/${PACKAGE_TARNAME}'
dvidir='${docdir}'
exec_prefix='${prefix}'
host='x86_64-unknown-linux-gnu'
host_alias=''
host_cpu='x86_64'
host_os='linux-gnu'
host_vendor='unknown'
htmldir='${docdir}'
includedir='${prefix}/include'
infodir='${datarootdir}/info'
install_sh='${SHELL} /home/pivos/proj/xbmc-16.1-Jarvis/tools/depends/native/libpng-native/x86_64-linux-native/install-sh'
libdir='${exec_prefix}/lib'
libexecdir='${exec_prefix}/libexec'
localedir='${datarootdir}/locale'
localstatedir='${prefix}/var'
lt_ECHO='echo'
mandir='${datarootdir}/man'
mkdir_p='/bin/mkdir -p'
oldincludedir='/usr/include'
pdfdir='${docdir}'
pkgconfigdir='${libdir}/pkgconfig'
prefix='/home/pivos/xbmc-depends/x86_64-linux-gnu-native'
program_transform_name='s,x,x,'
psdir='${docdir}'
sbindir='${exec_prefix}/sbin'
sharedstatedir='${prefix}/com'
sysconfdir='${prefix}/etc'
target_alias=''

## ----------- ##
## confdefs.h. ##
## ----------- ##

#define PACKAGE_NAME "libpng"
#define PACKAGE_TARNAME "libpng"
#define PACKAGE_VERSION "1.2.38"
#define PACKAGE_STRING "libpng 1.2.38"
#define PACKAGE_BUGREPORT "png-mng-implement@lists.sourceforge.net"
#define PACKAGE "libpng"
#define VERSION "1.2.38"
#define STDC_HEADERS 1
#define HAVE_SYS_TYPES_H 1
#define HAVE_SYS_STAT_H 1
#define HAVE_STDLIB_H 1
#define HAVE_STRING_H 1
#define HAVE_MEMORY_H 1
#define HAVE_STRINGS_H 1
#define HAVE_INTTYPES_H 1
#define HAVE_STDINT_H 1
#define HAVE_UNISTD_H 1
#define HAVE_DLFCN_H 1
#define LT_OBJDIR ".libs/"
#define STDC_HEADERS 1
#define HAVE_MALLOC_H 1
#define HAVE_STDLIB_H 1
#define HAVE_STRING_H 1
#define HAVE_STRINGS_H 1
#define HAVE_MEMSET 1
#define HAVE_LIBM 1
#define HAVE_LIBZ 1

configure: exit 0
