This file contains any messages produced by compilers while
running configure, to aid debugging if configure makes a mistake.

It was created by PCRE configure 8.33, which was
generated by GNU Autoconf 2.69.  Invocation command line was

  $ ./configure --prefix=/home/pivos/xbmc-depends/x86_64-linux-gnu-native --disable-cpp --disable-shared --disable-stack-for-recursion --enable-pcre8 --disable-pcre16 --disable-pcre32 --enable-jit --enable-utf --enable-unicode-properties

## --------- ##
## Platform. ##
## --------- ##

hostname = pivos-VirtualBox
uname -m = x86_64
uname -r = 3.13.0-24-generic
uname -s = Linux
uname -v = #46-Ubuntu SMP Thu Apr 10 19:11:08 UTC 2014

/usr/bin/uname -p = unknown
/bin/uname -X     = unknown

/bin/arch              = unknown
/usr/bin/arch -k       = unknown
/usr/convex/getsysinfo = unknown
/usr/bin/hostinfo      = unknown
/bin/machine           = unknown
/usr/bin/oslevel       = unknown
/bin/universe          = unknown

PATH: /home/pivos/xbmc-depends/x86_64-linux-gnu-native/bin
PATH: /home/pivos/xbmc-depends/x86_64-linux-gnu-native/bin
PATH: /home/pivos/xbmc-depends/x86_64-linux-gnu-native/bin
PATH: /usr/local/sbin
PATH: /usr/local/bin
PATH: /usr/sbin
PATH: /usr/bin
PATH: /sbin
PATH: /bin
PATH: /usr/games
PATH: /usr/local/games


## ----------- ##
## Core tests. ##
## ----------- ##

configure:2663: loading site script /home/pivos/xbmc-depends/x86_64-linux-gnu-native/share/config.site
| LD="${LD:-/usr/bin/ld}"
| CC="${CC:-/usr/bin/gcc}"
| CXX="${CXX:-/usr/bin/g++}"
| AR="${AR:-/usr/bin/ar}"
| RANLIB="${RANLIB:-/usr/bin/ranlib}"
| AS="${AS:-/usr/bin/as}"
| NM="${NM:-/usr/bin/nm}"
| STRIP="${STRIP:-/usr/bin/strip}"
| READELF="${READELF:-/usr/bin/readelf}"
| OBJDUMP="${OBJDUMP:-/usr/bin/objdump}"
| 
| CFLAGS="-I/home/pivos/xbmc-depends/x86_64-linux-gnu-native/include $CFLAGS"
| LDFLAGS="-L/home/pivos/xbmc-depends/x86_64-linux-gnu-native/lib $LDFLAGS"
| CPPFLAGS="-I/home/pivos/xbmc-depends/x86_64-linux-gnu-native/include $CPPFLAGS"
| CXXFLAGS="-I/home/pivos/xbmc-depends/x86_64-linux-gnu-native/include $CXXFLAGS"
| 
| PKG_CONFIG=/home/pivos/xbmc-depends/x86_64-linux-gnu-native/bin/pkg-config
| export PKG_CONFIG_LIBDIR=/home/pivos/xbmc-depends/x86_64-linux-gnu-native/lib/pkgconfig
| 
| PATH=/home/pivos/xbmc-depends/x86_64-linux-gnu-native/bin:$PATH
| if test -n ""; then
|   PATH=/usr/bin:/bin:$PATH
| fi
| 
| LD_LIBRARY_PATH=/home/pivos/xbmc-depends/x86_64-linux-gnu-native/lib:$LD_LIBRARY_PATH
| NASM=/home/pivos/xbmc-depends/x86_64-linux-gnu-native/bin/yasm
configure:2805: checking for a BSD-compatible install
configure:2873: result: /usr/bin/install -c
configure:2884: checking whether build environment is sane
configure:2939: result: yes
configure:3090: checking for a thread-safe mkdir -p
configure:3129: result: /bin/mkdir -p
configure:3136: checking for gawk
configure:3152: found /usr/bin/gawk
configure:3163: result: gawk
configure:3174: checking whether make sets $(MAKE)
configure:3196: result: yes
configure:3225: checking whether make supports nested variables
configure:3242: result: yes
configure:3337: checking whether make supports nested variables
configure:3354: result: yes
configure:3381: checking for style of include used by make
configure:3409: result: GNU
configure:3480: checking for gcc
configure:3507: result: /usr/bin/gcc
configure:3736: checking for C compiler version
configure:3745: /usr/bin/gcc --version >&5
gcc (Ubuntu 4.8.4-2ubuntu1~14.04) 4.8.4
Copyright (C) 2013 Free Software Foundation, Inc.
This is free software; see the source for copying conditions.  There is NO
warranty; not even for MERCHANTABILITY or FITNESS FOR A PARTICULAR PURPOSE.

configure:3756: $? = 0
configure:3745: /usr/bin/gcc -v >&5
Using built-in specs.
COLLECT_GCC=/usr/bin/gcc
COLLECT_LTO_WRAPPER=/usr/lib/gcc/x86_64-linux-gnu/4.8/lto-wrapper
Target: x86_64-linux-gnu
Configured with: ../src/configure -v --with-pkgversion='Ubuntu 4.8.4-2ubuntu1~14.04' --with-bugurl=file:///usr/share/doc/gcc-4.8/README.Bugs --enable-languages=c,c++,java,go,d,fortran,objc,obj-c++ --prefix=/usr --program-suffix=-4.8 --enable-shared --enable-linker-build-id --libexecdir=/usr/lib --without-included-gettext --enable-threads=posix --with-gxx-include-dir=/usr/include/c++/4.8 --libdir=/usr/lib --enable-nls --with-sysroot=/ --enable-clocale=gnu --enable-libstdcxx-debug --enable-libstdcxx-time=yes --enable-gnu-unique-object --disable-libmudflap --enable-plugin --with-system-zlib --disable-browser-plugin --enable-java-awt=gtk --enable-gtk-cairo --with-java-home=/usr/lib/jvm/java-1.5.0-gcj-4.8-amd64/jre --enable-java-home --with-jvm-root-dir=/usr/lib/jvm/java-1.5.0-gcj-4.8-amd64 --with-jvm-jar-dir=/usr/lib/jvm-exports/java-1.5.0-gcj-4.8-amd64 --with-arch-directory=amd64 --with-ecj-jar=/usr/share/java/eclipse-ecj.jar --enable-objc-gc --enable-multiarch --disable-werror --with-arch-32=i686 --with-abi=m64 --with-multilib-list=m32,m64,mx32 --with-tune=generic --enable-checking=release --build=x86_64-linux-gnu --host=x86_64-linux-gnu --target=x86_64-linux-gnu
Thread model: posix
gcc version 4.8.4 (Ubuntu 4.8.4-2ubuntu1~14.04) 
configure:3756: $? = 0
configure:3745: /usr/bin/gcc -V >&5
gcc: error: unrecognized command line option '-V'
gcc: fatal error: no input files
compilation terminated.
configure:3756: $? = 4
configure:3745: /usr/bin/gcc -qversion >&5
gcc: error: unrecognized command line option '-qversion'
gcc: fatal error: no input files
compilation terminated.
configure:3756: $? = 4
configure:3776: checking whether the C compiler works
configure:3798: /usr/bin/gcc -I/home/pivos/xbmc-depends/x86_64-linux-gnu-native/include  -I/home/pivos/xbmc-depends/x86_64-linux-gnu-native/include  -L/home/pivos/xbmc-depends/x86_64-linux-gnu-native/lib  conftest.c  >&5
configure:3802: $? = 0
configure:3850: result: yes
configure:3853: checking for C compiler default output file name
configure:3855: result: a.out
configure:3861: checking for suffix of executables
configure:3868: /usr/bin/gcc -o conftest -I/home/pivos/xbmc-depends/x86_64-linux-gnu-native/include  -I/home/pivos/xbmc-depends/x86_64-linux-gnu-native/include  -L/home/pivos/xbmc-depends/x86_64-linux-gnu-native/lib  conftest.c  >&5
configure:3872: $? = 0
configure:3894: result: 
configure:3916: checking whether we are cross compiling
configure:3924: /usr/bin/gcc -o conftest -I/home/pivos/xbmc-depends/x86_64-linux-gnu-native/include  -I/home/pivos/xbmc-depends/x86_64-linux-gnu-native/include  -L/home/pivos/xbmc-depends/x86_64-linux-gnu-native/lib  conftest.c  >&5
configure:3928: $? = 0
configure:3935: ./conftest
configure:3939: $? = 0
configure:3954: result: no
configure:3959: checking for suffix of object files
configure:3981: /usr/bin/gcc -c -I/home/pivos/xbmc-depends/x86_64-linux-gnu-native/include  -I/home/pivos/xbmc-depends/x86_64-linux-gnu-native/include  conftest.c >&5
configure:3985: $? = 0
configure:4006: result: o
configure:4010: checking whether we are using the GNU C compiler
configure:4029: /usr/bin/gcc -c -I/home/pivos/xbmc-depends/x86_64-linux-gnu-native/include  -I/home/pivos/xbmc-depends/x86_64-linux-gnu-native/include  conftest.c >&5
configure:4029: $? = 0
configure:4038: result: yes
configure:4047: checking whether /usr/bin/gcc accepts -g
configure:4067: /usr/bin/gcc -c -g -I/home/pivos/xbmc-depends/x86_64-linux-gnu-native/include  conftest.c >&5
configure:4067: $? = 0
configure:4108: result: yes
configure:4125: checking for /usr/bin/gcc option to accept ISO C89
configure:4188: /usr/bin/gcc  -c -I/home/pivos/xbmc-depends/x86_64-linux-gnu-native/include  -I/home/pivos/xbmc-depends/x86_64-linux-gnu-native/include  conftest.c >&5
configure:4188: $? = 0
configure:4201: result: none needed
configure:4223: checking dependency style of /usr/bin/gcc
configure:4334: result: gcc3
configure:4452: checking the archiver (/usr/bin/ar) interface
configure:4462: /usr/bin/gcc -c -I/home/pivos/xbmc-depends/x86_64-linux-gnu-native/include  -I/home/pivos/xbmc-depends/x86_64-linux-gnu-native/include  conftest.c >&5
configure:4462: $? = 0
configure:4464: /usr/bin/ar cru libconftest.a conftest.o >&5
configure:4467: $? = 0
configure:4490: result: ar
configure:4575: checking for gcc
configure:4602: result: /usr/bin/gcc
configure:4831: checking for C compiler version
configure:4840: /usr/bin/gcc --version >&5
gcc (Ubuntu 4.8.4-2ubuntu1~14.04) 4.8.4
Copyright (C) 2013 Free Software Foundation, Inc.
This is free software; see the source for copying conditions.  There is NO
warranty; not even for MERCHANTABILITY or FITNESS FOR A PARTICULAR PURPOSE.

configure:4851: $? = 0
configure:4840: /usr/bin/gcc -v >&5
Using built-in specs.
COLLECT_GCC=/usr/bin/gcc
COLLECT_LTO_WRAPPER=/usr/lib/gcc/x86_64-linux-gnu/4.8/lto-wrapper
Target: x86_64-linux-gnu
Configured with: ../src/configure -v --with-pkgversion='Ubuntu 4.8.4-2ubuntu1~14.04' --with-bugurl=file:///usr/share/doc/gcc-4.8/README.Bugs --enable-languages=c,c++,java,go,d,fortran,objc,obj-c++ --prefix=/usr --program-suffix=-4.8 --enable-shared --enable-linker-build-id --libexecdir=/usr/lib --without-included-gettext --enable-threads=posix --with-gxx-include-dir=/usr/include/c++/4.8 --libdir=/usr/lib --enable-nls --with-sysroot=/ --enable-clocale=gnu --enable-libstdcxx-debug --enable-libstdcxx-time=yes --enable-gnu-unique-object --disable-libmudflap --enable-plugin --with-system-zlib --disable-browser-plugin --enable-java-awt=gtk --enable-gtk-cairo --with-java-home=/usr/lib/jvm/java-1.5.0-gcj-4.8-amd64/jre --enable-java-home --with-jvm-root-dir=/usr/lib/jvm/java-1.5.0-gcj-4.8-amd64 --with-jvm-jar-dir=/usr/lib/jvm-exports/java-1.5.0-gcj-4.8-amd64 --with-arch-directory=amd64 --with-ecj-jar=/usr/share/java/eclipse-ecj.jar --enable-objc-gc --enable-multiarch --disable-werror --with-arch-32=i686 --with-abi=m64 --with-multilib-list=m32,m64,mx32 --with-tune=generic --enable-checking=release --build=x86_64-linux-gnu --host=x86_64-linux-gnu --target=x86_64-linux-gnu
Thread model: posix
gcc version 4.8.4 (Ubuntu 4.8.4-2ubuntu1~14.04) 
configure:4851: $? = 0
configure:4840: /usr/bin/gcc -V >&5
gcc: error: unrecognized command line option '-V'
gcc: fatal error: no input files
compilation terminated.
configure:4851: $? = 4
configure:4840: /usr/bin/gcc -qversion >&5
gcc: error: unrecognized command line option '-qversion'
gcc: fatal error: no input files
compilation terminated.
configure:4851: $? = 4
configure:4855: checking whether we are using the GNU C compiler
configure:4883: result: yes
configure:4892: checking whether /usr/bin/gcc accepts -g
configure:4953: result: yes
configure:4970: checking for /usr/bin/gcc option to accept ISO C89
configure:5046: result: none needed
configure:5068: checking dependency style of /usr/bin/gcc
configure:5179: result: gcc3
configure:5306: checking for C++ compiler version
configure:5315: /usr/bin/g++ --version >&5
g++ (Ubuntu 4.8.4-2ubuntu1~14.04) 4.8.4
Copyright (C) 2013 Free Software Foundation, Inc.
This is free software; see the source for copying conditions.  There is NO
warranty; not even for MERCHANTABILITY or FITNESS FOR A PARTICULAR PURPOSE.

configure:5326: $? = 0
configure:5315: /usr/bin/g++ -v >&5
Using built-in specs.
COLLECT_GCC=/usr/bin/g++
COLLECT_LTO_WRAPPER=/usr/lib/gcc/x86_64-linux-gnu/4.8/lto-wrapper
Target: x86_64-linux-gnu
Configured with: ../src/configure -v --with-pkgversion='Ubuntu 4.8.4-2ubuntu1~14.04' --with-bugurl=file:///usr/share/doc/gcc-4.8/README.Bugs --enable-languages=c,c++,java,go,d,fortran,objc,obj-c++ --prefix=/usr --program-suffix=-4.8 --enable-shared --enable-linker-build-id --libexecdir=/usr/lib --without-included-gettext --enable-threads=posix --with-gxx-include-dir=/usr/include/c++/4.8 --libdir=/usr/lib --enable-nls --with-sysroot=/ --enable-clocale=gnu --enable-libstdcxx-debug --enable-libstdcxx-time=yes --enable-gnu-unique-object --disable-libmudflap --enable-plugin --with-system-zlib --disable-browser-plugin --enable-java-awt=gtk --enable-gtk-cairo --with-java-home=/usr/lib/jvm/java-1.5.0-gcj-4.8-amd64/jre --enable-java-home --with-jvm-root-dir=/usr/lib/jvm/java-1.5.0-gcj-4.8-amd64 --with-jvm-jar-dir=/usr/lib/jvm-exports/java-1.5.0-gcj-4.8-amd64 --with-arch-directory=amd64 --with-ecj-jar=/usr/share/java/eclipse-ecj.jar --enable-objc-gc --enable-multiarch --disable-werror --with-arch-32=i686 --with-abi=m64 --with-multilib-list=m32,m64,mx32 --with-tune=generic --enable-checking=release --build=x86_64-linux-gnu --host=x86_64-linux-gnu --target=x86_64-linux-gnu
Thread model: posix
gcc version 4.8.4 (Ubuntu 4.8.4-2ubuntu1~14.04) 
configure:5326: $? = 0
configure:5315: /usr/bin/g++ -V >&5
g++: error: unrecognized command line option '-V'
g++: fatal error: no input files
compilation terminated.
configure:5326: $? = 4
configure:5315: /usr/bin/g++ -qversion >&5
g++: error: unrecognized command line option '-qversion'
g++: fatal error: no input files
compilation terminated.
configure:5326: $? = 4
configure:5330: checking whether we are using the GNU C++ compiler
configure:5349: /usr/bin/g++ -c -I/home/pivos/xbmc-depends/x86_64-linux-gnu-native/include  -I/home/pivos/xbmc-depends/x86_64-linux-gnu-native/include  conftest.cpp >&5
configure:5349: $? = 0
configure:5358: result: yes
configure:5367: checking whether /usr/bin/g++ accepts -g
configure:5387: /usr/bin/g++ -c -g -I/home/pivos/xbmc-depends/x86_64-linux-gnu-native/include  conftest.cpp >&5
configure:5387: $? = 0
configure:5428: result: yes
configure:5453: checking dependency style of /usr/bin/g++
configure:5564: result: gcc3
configure:5580: checking whether /usr/bin/gcc and cc understand -c and -o together
configure:5611: /usr/bin/gcc -c conftest.c -o conftest2.o >&5
configure:5615: $? = 0
configure:5621: /usr/bin/gcc -c conftest.c -o conftest2.o >&5
configure:5625: $? = 0
configure:5636: cc -c conftest.c >&5
configure:5640: $? = 0
configure:5648: cc -c conftest.c -o conftest2.o >&5
configure:5652: $? = 0
configure:5658: cc -c conftest.c -o conftest2.o >&5
configure:5662: $? = 0
configure:5680: result: yes
configure:5748: /usr/bin/g++ -c -I/home/pivos/xbmc-depends/x86_64-linux-gnu-native/include  -I/home/pivos/xbmc-depends/x86_64-linux-gnu-native/include  conftest.cpp >&5
configure:5748: $? = 0
configure:5767: checking how to run the C preprocessor
configure:5798: /usr/bin/gcc -E -I/home/pivos/xbmc-depends/x86_64-linux-gnu-native/include  conftest.c
configure:5798: $? = 0
configure:5812: /usr/bin/gcc -E -I/home/pivos/xbmc-depends/x86_64-linux-gnu-native/include  conftest.c
conftest.c:11:28: fatal error: ac_nonexistent.h: No such file or directory
 #include <ac_nonexistent.h>
                            ^
compilation terminated.
configure:5812: $? = 1
configure: failed program was:
| /* confdefs.h */
| #define PACKAGE_NAME "PCRE"
| #define PACKAGE_TARNAME "pcre"
| #define PACKAGE_VERSION "8.33"
| #define PACKAGE_STRING "PCRE 8.33"
| #define PACKAGE_BUGREPORT ""
| #define PACKAGE_URL ""
| #define PACKAGE "pcre"
| #define VERSION "8.33"
| /* end confdefs.h.  */
| #include <ac_nonexistent.h>
configure:5837: result: /usr/bin/gcc -E
configure:5857: /usr/bin/gcc -E -I/home/pivos/xbmc-depends/x86_64-linux-gnu-native/include  conftest.c
configure:5857: $? = 0
configure:5871: /usr/bin/gcc -E -I/home/pivos/xbmc-depends/x86_64-linux-gnu-native/include  conftest.c
conftest.c:11:28: fatal error: ac_nonexistent.h: No such file or directory
 #include <ac_nonexistent.h>
                            ^
compilation terminated.
configure:5871: $? = 1
configure: failed program was:
| /* confdefs.h */
| #define PACKAGE_NAME "PCRE"
| #define PACKAGE_TARNAME "pcre"
| #define PACKAGE_VERSION "8.33"
| #define PACKAGE_STRING "PCRE 8.33"
| #define PACKAGE_BUGREPORT ""
| #define PACKAGE_URL ""
| #define PACKAGE "pcre"
| #define VERSION "8.33"
| /* end confdefs.h.  */
| #include <ac_nonexistent.h>
configure:5900: checking for grep that handles long lines and -e
configure:5958: result: /bin/grep
configure:5963: checking for egrep
configure:6025: result: /bin/grep -E
configure:6030: checking for ANSI C header files
configure:6050: /usr/bin/gcc -c -I/home/pivos/xbmc-depends/x86_64-linux-gnu-native/include  -I/home/pivos/xbmc-depends/x86_64-linux-gnu-native/include  conftest.c >&5
configure:6050: $? = 0
configure:6123: /usr/bin/gcc -o conftest -I/home/pivos/xbmc-depends/x86_64-linux-gnu-native/include  -I/home/pivos/xbmc-depends/x86_64-linux-gnu-native/include  -L/home/pivos/xbmc-depends/x86_64-linux-gnu-native/lib  conftest.c  >&5
configure:6123: $? = 0
configure:6123: ./conftest
configure:6123: $? = 0
configure:6134: result: yes
configure:6147: checking for sys/types.h
configure:6147: /usr/bin/gcc -c -I/home/pivos/xbmc-depends/x86_64-linux-gnu-native/include  -I/home/pivos/xbmc-depends/x86_64-linux-gnu-native/include  conftest.c >&5
configure:6147: $? = 0
configure:6147: result: yes
configure:6147: checking for sys/stat.h
configure:6147: /usr/bin/gcc -c -I/home/pivos/xbmc-depends/x86_64-linux-gnu-native/include  -I/home/pivos/xbmc-depends/x86_64-linux-gnu-native/include  conftest.c >&5
configure:6147: $? = 0
configure:6147: result: yes
configure:6147: checking for stdlib.h
configure:6147: /usr/bin/gcc -c -I/home/pivos/xbmc-depends/x86_64-linux-gnu-native/include  -I/home/pivos/xbmc-depends/x86_64-linux-gnu-native/include  conftest.c >&5
configure:6147: $? = 0
configure:6147: result: yes
configure:6147: checking for string.h
configure:6147: /usr/bin/gcc -c -I/home/pivos/xbmc-depends/x86_64-linux-gnu-native/include  -I/home/pivos/xbmc-depends/x86_64-linux-gnu-native/include  conftest.c >&5
configure:6147: $? = 0
configure:6147: result: yes
configure:6147: checking for memory.h
configure:6147: /usr/bin/gcc -c -I/home/pivos/xbmc-depends/x86_64-linux-gnu-native/include  -I/home/pivos/xbmc-depends/x86_64-linux-gnu-native/include  conftest.c >&5
configure:6147: $? = 0
configure:6147: result: yes
configure:6147: checking for strings.h
configure:6147: /usr/bin/gcc -c -I/home/pivos/xbmc-depends/x86_64-linux-gnu-native/include  -I/home/pivos/xbmc-depends/x86_64-linux-gnu-native/include  conftest.c >&5
configure:6147: $? = 0
configure:6147: result: yes
configure:6147: checking for inttypes.h
configure:6147: /usr/bin/gcc -c -I/home/pivos/xbmc-depends/x86_64-linux-gnu-native/include  -I/home/pivos/xbmc-depends/x86_64-linux-gnu-native/include  conftest.c >&5
configure:6147: $? = 0
configure:6147: result: yes
configure:6147: checking for stdint.h
configure:6147: /usr/bin/gcc -c -I/home/pivos/xbmc-depends/x86_64-linux-gnu-native/include  -I/home/pivos/xbmc-depends/x86_64-linux-gnu-native/include  conftest.c >&5
configure:6147: $? = 0
configure:6147: result: yes
configure:6147: checking for unistd.h
configure:6147: /usr/bin/gcc -c -I/home/pivos/xbmc-depends/x86_64-linux-gnu-native/include  -I/home/pivos/xbmc-depends/x86_64-linux-gnu-native/include  conftest.c >&5
configure:6147: $? = 0
configure:6147: result: yes
configure:6159: checking for int64_t
configure:6159: /usr/bin/gcc -c -I/home/pivos/xbmc-depends/x86_64-linux-gnu-native/include  -I/home/pivos/xbmc-depends/x86_64-linux-gnu-native/include  conftest.c >&5
configure:6159: $? = 0
configure:6159: /usr/bin/gcc -c -I/home/pivos/xbmc-depends/x86_64-linux-gnu-native/include  -I/home/pivos/xbmc-depends/x86_64-linux-gnu-native/include  conftest.c >&5
conftest.c: In function 'main':
conftest.c:59:53: warning: integer overflow in expression [-Woverflow]
    < (int64_t) (((((int64_t) 1 << N) << N) - 1) * 2 + 2))];
                                                     ^
conftest.c:58:12: error: storage size of 'test_array' isn't constant
 static int test_array [1 - 2 * !((int64_t) (((((int64_t) 1 << N) << N) - 1) * 2 + 1)
            ^
configure:6159: $? = 1
configure: failed program was:
| /* confdefs.h */
| #define PACKAGE_NAME "PCRE"
| #define PACKAGE_TARNAME "pcre"
| #define PACKAGE_VERSION "8.33"
| #define PACKAGE_STRING "PCRE 8.33"
| #define PACKAGE_BUGREPORT ""
| #define PACKAGE_URL ""
| #define PACKAGE "pcre"
| #define VERSION "8.33"
| #define STDC_HEADERS 1
| #define HAVE_SYS_TYPES_H 1
| #define HAVE_SYS_STAT_H 1
| #define HAVE_STDLIB_H 1
| #define HAVE_STRING_H 1
| #define HAVE_MEMORY_H 1
| #define HAVE_STRINGS_H 1
| #define HAVE_INTTYPES_H 1
| #define HAVE_STDINT_H 1
| #define HAVE_UNISTD_H 1
| /* end confdefs.h.  */
| #include <stdio.h>
| #ifdef HAVE_SYS_TYPES_H
| # include <sys/types.h>
| #endif
| #ifdef HAVE_SYS_STAT_H
| # include <sys/stat.h>
| #endif
| #ifdef STDC_HEADERS
| # include <stdlib.h>
| # include <stddef.h>
| #else
| # ifdef HAVE_STDLIB_H
| #  include <stdlib.h>
| # endif
| #endif
| #ifdef HAVE_STRING_H
| # if !defined STDC_HEADERS && defined HAVE_MEMORY_H
| #  include <memory.h>
| # endif
| # include <string.h>
| #endif
| #ifdef HAVE_STRINGS_H
| # include <strings.h>
| #endif
| #ifdef HAVE_INTTYPES_H
| # include <inttypes.h>
| #endif
| #ifdef HAVE_STDINT_H
| # include <stdint.h>
| #endif
| #ifdef HAVE_UNISTD_H
| # include <unistd.h>
| #endif
| 	        enum { N = 64 / 2 - 1 };
| int
| main ()
| {
| static int test_array [1 - 2 * !((int64_t) (((((int64_t) 1 << N) << N) - 1) * 2 + 1)
| 		 < (int64_t) (((((int64_t) 1 << N) << N) - 1) * 2 + 2))];
| test_array [0] = 0;
| return test_array [0];
| 
|   ;
|   return 0;
| }
configure:6159: result: yes
configure:6176: checking build system type
configure:6190: result: x86_64-unknown-linux-gnu
configure:6210: checking host system type
configure:6223: result: x86_64-unknown-linux-gnu
configure:6592: checking how to print strings
configure:6619: result: printf
configure:6640: checking for a sed that does not truncate output
configure:6704: result: /bin/sed
configure:6722: checking for fgrep
configure:6784: result: /bin/grep -F
configure:6819: checking for ld used by /usr/bin/gcc
configure:6886: result: /usr/bin/ld
configure:6893: checking if the linker (/usr/bin/ld) is GNU ld
configure:6908: result: yes
configure:6920: checking for BSD- or MS-compatible name lister (nm)
configure:6969: result: /usr/bin/nm
configure:7099: checking the name lister (/usr/bin/nm) interface
configure:7106: /usr/bin/gcc -c -I/home/pivos/xbmc-depends/x86_64-linux-gnu-native/include  -I/home/pivos/xbmc-depends/x86_64-linux-gnu-native/include  conftest.c >&5
configure:7109: /usr/bin/nm "conftest.o"
configure:7112: output
0000000000000000 B some_variable
configure:7119: result: BSD nm
configure:7122: checking whether ln -s works
configure:7126: result: yes
configure:7134: checking the maximum length of command line arguments
configure:7264: result: 3458764513820540925
configure:7281: checking whether the shell understands some XSI constructs
configure:7291: result: yes
configure:7295: checking whether the shell understands "+="
configure:7301: result: yes
configure:7336: checking how to convert x86_64-unknown-linux-gnu file names to x86_64-unknown-linux-gnu format
configure:7376: result: func_convert_file_noop
configure:7383: checking how to convert x86_64-unknown-linux-gnu file names to toolchain format
configure:7403: result: func_convert_file_noop
configure:7410: checking for /usr/bin/ld option to reload object files
configure:7417: result: -r
configure:7491: checking for objdump
configure:7518: result: /usr/bin/objdump
configure:7547: checking how to recognize dependent libraries
configure:7749: result: pass_all
configure:7834: checking for dlltool
configure:7861: result: dlltool
configure:7891: checking how to associate runtime and link libraries
configure:7918: result: printf %s\n
configure:8042: checking for archiver @FILE support
configure:8059: /usr/bin/gcc -c -I/home/pivos/xbmc-depends/x86_64-linux-gnu-native/include  -I/home/pivos/xbmc-depends/x86_64-linux-gnu-native/include  conftest.c >&5
configure:8059: $? = 0
configure:8062: /usr/bin/ar cru libconftest.a @conftest.lst >&5
configure:8065: $? = 0
configure:8070: /usr/bin/ar cru libconftest.a @conftest.lst >&5
/usr/bin/ar: conftest.o: No such file or directory
configure:8073: $? = 1
configure:8085: result: @
configure:8143: checking for strip
configure:8170: result: /usr/bin/strip
configure:8242: checking for ranlib
configure:8269: result: /usr/bin/ranlib
configure:8371: checking command to parse /usr/bin/nm output from /usr/bin/gcc object
configure:8491: /usr/bin/gcc -c -I/home/pivos/xbmc-depends/x86_64-linux-gnu-native/include  -I/home/pivos/xbmc-depends/x86_64-linux-gnu-native/include  conftest.c >&5
configure:8494: $? = 0
configure:8498: /usr/bin/nm conftest.o \| sed -n -e 's/^.*[ ]\([ABCDGIRSTW][ABCDGIRSTW]*\)[ ][ ]*\([_A-Za-z][_A-Za-z0-9]*\)$/\1 \2 \2/p' | sed '/ __gnu_lto/d' \> conftest.nm
configure:8501: $? = 0
configure:8567: /usr/bin/gcc -o conftest -I/home/pivos/xbmc-depends/x86_64-linux-gnu-native/include  -I/home/pivos/xbmc-depends/x86_64-linux-gnu-native/include  -L/home/pivos/xbmc-depends/x86_64-linux-gnu-native/lib  conftest.c conftstm.o >&5
configure:8570: $? = 0
configure:8608: result: ok
configure:8645: checking for sysroot
configure:8675: result: no
configure:8752: /usr/bin/gcc -c -I/home/pivos/xbmc-depends/x86_64-linux-gnu-native/include  -I/home/pivos/xbmc-depends/x86_64-linux-gnu-native/include  conftest.c >&5
configure:8755: $? = 0
configure:8931: checking for mt
configure:8947: found /bin/mt
configure:8958: result: mt
configure:8981: checking if mt is a manifest tool
configure:8987: mt '-?'
configure:8995: result: no
configure:9634: checking for dlfcn.h
configure:9634: /usr/bin/gcc -c -I/home/pivos/xbmc-depends/x86_64-linux-gnu-native/include  -I/home/pivos/xbmc-depends/x86_64-linux-gnu-native/include  conftest.c >&5
configure:9634: $? = 0
configure:9634: result: yes
configure:9848: checking for objdir
configure:9863: result: .libs
configure:10134: checking if /usr/bin/gcc supports -fno-rtti -fno-exceptions
configure:10152: /usr/bin/gcc -c -I/home/pivos/xbmc-depends/x86_64-linux-gnu-native/include  -I/home/pivos/xbmc-depends/x86_64-linux-gnu-native/include  -fno-rtti -fno-exceptions conftest.c >&5
cc1: warning: command line option '-fno-rtti' is valid for C++/ObjC++ but not for C [enabled by default]
configure:10156: $? = 0
configure:10169: result: no
configure:10496: checking for /usr/bin/gcc option to produce PIC
configure:10503: result: -fPIC -DPIC
configure:10511: checking if /usr/bin/gcc PIC flag -fPIC -DPIC works
configure:10529: /usr/bin/gcc -c -I/home/pivos/xbmc-depends/x86_64-linux-gnu-native/include  -I/home/pivos/xbmc-depends/x86_64-linux-gnu-native/include  -fPIC -DPIC -DPIC conftest.c >&5
configure:10533: $? = 0
configure:10546: result: yes
configure:10575: checking if /usr/bin/gcc static flag -static works
configure:10603: result: yes
configure:10618: checking if /usr/bin/gcc supports -c -o file.o
configure:10639: /usr/bin/gcc -c -I/home/pivos/xbmc-depends/x86_64-linux-gnu-native/include  -I/home/pivos/xbmc-depends/x86_64-linux-gnu-native/include  -o out/conftest2.o conftest.c >&5
configure:10643: $? = 0
configure:10665: result: yes
configure:10673: checking if /usr/bin/gcc supports -c -o file.o
configure:10720: result: yes
configure:10753: checking whether the /usr/bin/gcc linker (/usr/bin/ld -m elf_x86_64) supports shared libraries
configure:11906: result: yes
configure:12146: checking dynamic linker characteristics
configure:12657: /usr/bin/gcc -o conftest -I/home/pivos/xbmc-depends/x86_64-linux-gnu-native/include  -I/home/pivos/xbmc-depends/x86_64-linux-gnu-native/include  -L/home/pivos/xbmc-depends/x86_64-linux-gnu-native/lib  -Wl,-rpath -Wl,/foo conftest.c  >&5
configure:12657: $? = 0
configure:12879: result: GNU/Linux ld.so
configure:12986: checking how to hardcode library paths into programs
configure:13011: result: immediate
configure:13551: checking whether stripping libraries is possible
configure:13556: result: yes
configure:13591: checking if libtool supports shared libraries
configure:13593: result: yes
configure:13596: checking whether to build shared libraries
configure:13617: result: no
configure:13620: checking whether to build static libraries
configure:13624: result: yes
configure:13647: checking how to run the C++ preprocessor
configure:13674: /usr/bin/g++ -E -I/home/pivos/xbmc-depends/x86_64-linux-gnu-native/include  conftest.cpp
configure:13674: $? = 0
configure:13688: /usr/bin/g++ -E -I/home/pivos/xbmc-depends/x86_64-linux-gnu-native/include  conftest.cpp
conftest.cpp:23:28: fatal error: ac_nonexistent.h: No such file or directory
 #include <ac_nonexistent.h>
                            ^
compilation terminated.
configure:13688: $? = 1
configure: failed program was:
| /* confdefs.h */
| #define PACKAGE_NAME "PCRE"
| #define PACKAGE_TARNAME "pcre"
| #define PACKAGE_VERSION "8.33"
| #define PACKAGE_STRING "PCRE 8.33"
| #define PACKAGE_BUGREPORT ""
| #define PACKAGE_URL ""
| #define PACKAGE "pcre"
| #define VERSION "8.33"
| #define STDC_HEADERS 1
| #define HAVE_SYS_TYPES_H 1
| #define HAVE_SYS_STAT_H 1
| #define HAVE_STDLIB_H 1
| #define HAVE_STRING_H 1
| #define HAVE_MEMORY_H 1
| #define HAVE_STRINGS_H 1
| #define HAVE_INTTYPES_H 1
| #define HAVE_STDINT_H 1
| #define HAVE_UNISTD_H 1
| #define HAVE_DLFCN_H 1
| #define LT_OBJDIR ".libs/"
| /* end confdefs.h.  */
| #include <ac_nonexistent.h>
configure:13713: result: /usr/bin/g++ -E
configure:13733: /usr/bin/g++ -E -I/home/pivos/xbmc-depends/x86_64-linux-gnu-native/include  conftest.cpp
configure:13733: $? = 0
configure:13747: /usr/bin/g++ -E -I/home/pivos/xbmc-depends/x86_64-linux-gnu-native/include  conftest.cpp
conftest.cpp:23:28: fatal error: ac_nonexistent.h: No such file or directory
 #include <ac_nonexistent.h>
                            ^
compilation terminated.
configure:13747: $? = 1
configure: failed program was:
| /* confdefs.h */
| #define PACKAGE_NAME "PCRE"
| #define PACKAGE_TARNAME "pcre"
| #define PACKAGE_VERSION "8.33"
| #define PACKAGE_STRING "PCRE 8.33"
| #define PACKAGE_BUGREPORT ""
| #define PACKAGE_URL ""
| #define PACKAGE "pcre"
| #define VERSION "8.33"
| #define STDC_HEADERS 1
| #define HAVE_SYS_TYPES_H 1
| #define HAVE_SYS_STAT_H 1
| #define HAVE_STDLIB_H 1
| #define HAVE_STRING_H 1
| #define HAVE_MEMORY_H 1
| #define HAVE_STRINGS_H 1
| #define HAVE_INTTYPES_H 1
| #define HAVE_STDINT_H 1
| #define HAVE_UNISTD_H 1
| #define HAVE_DLFCN_H 1
| #define LT_OBJDIR ".libs/"
| /* end confdefs.h.  */
| #include <ac_nonexistent.h>
configure:13916: checking for ld used by /usr/bin/g++
configure:13983: result: /usr/bin/ld -m elf_x86_64
configure:13990: checking if the linker (/usr/bin/ld -m elf_x86_64) is GNU ld
configure:14005: result: yes
configure:14060: checking whether the /usr/bin/g++ linker (/usr/bin/ld -m elf_x86_64) supports shared libraries
configure:15065: result: yes
configure:15101: /usr/bin/g++ -c -I/home/pivos/xbmc-depends/x86_64-linux-gnu-native/include  -I/home/pivos/xbmc-depends/x86_64-linux-gnu-native/include  conftest.cpp >&5
configure:15104: $? = 0
configure:15624: checking for /usr/bin/g++ option to produce PIC
configure:15631: result: -fPIC -DPIC
configure:15639: checking if /usr/bin/g++ PIC flag -fPIC -DPIC works
configure:15657: /usr/bin/g++ -c -I/home/pivos/xbmc-depends/x86_64-linux-gnu-native/include  -I/home/pivos/xbmc-depends/x86_64-linux-gnu-native/include  -fPIC -DPIC -DPIC conftest.cpp >&5
configure:15661: $? = 0
configure:15674: result: yes
configure:15697: checking if /usr/bin/g++ static flag -static works
configure:15725: result: yes
configure:15737: checking if /usr/bin/g++ supports -c -o file.o
configure:15758: /usr/bin/g++ -c -I/home/pivos/xbmc-depends/x86_64-linux-gnu-native/include  -I/home/pivos/xbmc-depends/x86_64-linux-gnu-native/include  -o out/conftest2.o conftest.cpp >&5
configure:15762: $? = 0
configure:15784: result: yes
configure:15789: checking if /usr/bin/g++ supports -c -o file.o
configure:15836: result: yes
configure:15866: checking whether the /usr/bin/g++ linker (/usr/bin/ld -m elf_x86_64) supports shared libraries
configure:15902: result: yes
configure:16043: checking dynamic linker characteristics
configure:16710: result: GNU/Linux ld.so
configure:16763: checking how to hardcode library paths into programs
configure:16788: result: immediate
configure:16849: checking whether ln -s works
configure:16853: result: yes
configure:16869: checking whether the -Werror option is usable
configure:16888: /usr/bin/gcc -c -I/home/pivos/xbmc-depends/x86_64-linux-gnu-native/include  -Werror -I/home/pivos/xbmc-depends/x86_64-linux-gnu-native/include  conftest.c >&5
configure:16888: $? = 0
configure:16897: result: yes
configure:16899: checking for simple visibility declarations
configure:16926: /usr/bin/gcc -c -I/home/pivos/xbmc-depends/x86_64-linux-gnu-native/include  -fvisibility=hidden -Werror -I/home/pivos/xbmc-depends/x86_64-linux-gnu-native/include  conftest.c >&5
configure:16926: $? = 0
configure:16935: result: yes
configure:17394: checking for ANSI C header files
configure:17498: result: yes
configure:17509: checking limits.h usability
configure:17509: /usr/bin/gcc -c -I/home/pivos/xbmc-depends/x86_64-linux-gnu-native/include  -I/home/pivos/xbmc-depends/x86_64-linux-gnu-native/include  conftest.c >&5
configure:17509: $? = 0
configure:17509: result: yes
configure:17509: checking limits.h presence
configure:17509: /usr/bin/gcc -E -I/home/pivos/xbmc-depends/x86_64-linux-gnu-native/include  conftest.c
configure:17509: $? = 0
configure:17509: result: yes
configure:17509: checking for limits.h
configure:17509: result: yes
configure:17509: checking for sys/types.h
configure:17509: result: yes
configure:17509: checking for sys/stat.h
configure:17509: result: yes
configure:17509: checking dirent.h usability
configure:17509: /usr/bin/gcc -c -I/home/pivos/xbmc-depends/x86_64-linux-gnu-native/include  -I/home/pivos/xbmc-depends/x86_64-linux-gnu-native/include  conftest.c >&5
configure:17509: $? = 0
configure:17509: result: yes
configure:17509: checking dirent.h presence
configure:17509: /usr/bin/gcc -E -I/home/pivos/xbmc-depends/x86_64-linux-gnu-native/include  conftest.c
configure:17509: $? = 0
configure:17509: result: yes
configure:17509: checking for dirent.h
configure:17509: result: yes
configure:17509: checking windows.h usability
configure:17509: /usr/bin/gcc -c -I/home/pivos/xbmc-depends/x86_64-linux-gnu-native/include  -I/home/pivos/xbmc-depends/x86_64-linux-gnu-native/include  conftest.c >&5
conftest.c:69:21: fatal error: windows.h: No such file or directory
 #include <windows.h>
                     ^
compilation terminated.
configure:17509: $? = 1
configure: failed program was:
| /* confdefs.h */
| #define PACKAGE_NAME "PCRE"
| #define PACKAGE_TARNAME "pcre"
| #define PACKAGE_VERSION "8.33"
| #define PACKAGE_STRING "PCRE 8.33"
| #define PACKAGE_BUGREPORT ""
| #define PACKAGE_URL ""
| #define PACKAGE "pcre"
| #define VERSION "8.33"
| #define STDC_HEADERS 1
| #define HAVE_SYS_TYPES_H 1
| #define HAVE_SYS_STAT_H 1
| #define HAVE_STDLIB_H 1
| #define HAVE_STRING_H 1
| #define HAVE_MEMORY_H 1
| #define HAVE_STRINGS_H 1
| #define HAVE_INTTYPES_H 1
| #define HAVE_STDINT_H 1
| #define HAVE_UNISTD_H 1
| #define HAVE_DLFCN_H 1
| #define LT_OBJDIR ".libs/"
| #define PCRE_EXP_DECL extern __attribute__ ((visibility ("default")))
| #define PCRE_EXP_DEFN __attribute__ ((visibility ("default")))
| #define PCRE_EXP_DATA_DEFN __attribute__ ((visibility ("default")))
| #define PCREPOSIX_EXP_DECL extern __attribute__ ((visibility ("default")))
| #define PCREPOSIX_EXP_DEFN extern __attribute__ ((visibility ("default")))
| #define PCRECPP_EXP_DECL extern __attribute__ ((visibility ("default")))
| #define PCRECPP_EXP_DEFN __attribute__ ((visibility ("default")))
| #define HAVE_VISIBILITY 1
| #define STDC_HEADERS 1
| #define HAVE_LIMITS_H 1
| #define HAVE_SYS_TYPES_H 1
| #define HAVE_SYS_STAT_H 1
| #define HAVE_DIRENT_H 1
| /* end confdefs.h.  */
| #include <stdio.h>
| #ifdef HAVE_SYS_TYPES_H
| # include <sys/types.h>
| #endif
| #ifdef HAVE_SYS_STAT_H
| # include <sys/stat.h>
| #endif
| #ifdef STDC_HEADERS
| # include <stdlib.h>
| # include <stddef.h>
| #else
| # ifdef HAVE_STDLIB_H
| #  include <stdlib.h>
| # endif
| #endif
| #ifdef HAVE_STRING_H
| # if !defined STDC_HEADERS && defined HAVE_MEMORY_H
| #  include <memory.h>
| # endif
| # include <string.h>
| #endif
| #ifdef HAVE_STRINGS_H
| # include <strings.h>
| #endif
| #ifdef HAVE_INTTYPES_H
| # include <inttypes.h>
| #endif
| #ifdef HAVE_STDINT_H
| # include <stdint.h>
| #endif
| #ifdef HAVE_UNISTD_H
| # include <unistd.h>
| #endif
| #include <windows.h>
configure:17509: result: no
configure:17509: checking windows.h presence
configure:17509: /usr/bin/gcc -E -I/home/pivos/xbmc-depends/x86_64-linux-gnu-native/include  conftest.c
conftest.c:36:21: fatal error: windows.h: No such file or directory
 #include <windows.h>
                     ^
compilation terminated.
configure:17509: $? = 1
configure: failed program was:
| /* confdefs.h */
| #define PACKAGE_NAME "PCRE"
| #define PACKAGE_TARNAME "pcre"
| #define PACKAGE_VERSION "8.33"
| #define PACKAGE_STRING "PCRE 8.33"
| #define PACKAGE_BUGREPORT ""
| #define PACKAGE_URL ""
| #define PACKAGE "pcre"
| #define VERSION "8.33"
| #define STDC_HEADERS 1
| #define HAVE_SYS_TYPES_H 1
| #define HAVE_SYS_STAT_H 1
| #define HAVE_STDLIB_H 1
| #define HAVE_STRING_H 1
| #define HAVE_MEMORY_H 1
| #define HAVE_STRINGS_H 1
| #define HAVE_INTTYPES_H 1
| #define HAVE_STDINT_H 1
| #define HAVE_UNISTD_H 1
| #define HAVE_DLFCN_H 1
| #define LT_OBJDIR ".libs/"
| #define PCRE_EXP_DECL extern __attribute__ ((visibility ("default")))
| #define PCRE_EXP_DEFN __attribute__ ((visibility ("default")))
| #define PCRE_EXP_DATA_DEFN __attribute__ ((visibility ("default")))
| #define PCREPOSIX_EXP_DECL extern __attribute__ ((visibility ("default")))
| #define PCREPOSIX_EXP_DEFN extern __attribute__ ((visibility ("default")))
| #define PCRECPP_EXP_DECL extern __attribute__ ((visibility ("default")))
| #define PCRECPP_EXP_DEFN __attribute__ ((visibility ("default")))
| #define HAVE_VISIBILITY 1
| #define STDC_HEADERS 1
| #define HAVE_LIMITS_H 1
| #define HAVE_SYS_TYPES_H 1
| #define HAVE_SYS_STAT_H 1
| #define HAVE_DIRENT_H 1
| /* end confdefs.h.  */
| #include <windows.h>
configure:17509: result: no
configure:17509: checking for windows.h
configure:17509: result: no
configure:17784: checking for an ANSI C-conforming const
configure:17850: /usr/bin/gcc -c -I/home/pivos/xbmc-depends/x86_64-linux-gnu-native/include  -I/home/pivos/xbmc-depends/x86_64-linux-gnu-native/include  conftest.c >&5
configure:17850: $? = 0
configure:17857: result: yes
configure:17865: checking for size_t
configure:17865: /usr/bin/gcc -c -I/home/pivos/xbmc-depends/x86_64-linux-gnu-native/include  -I/home/pivos/xbmc-depends/x86_64-linux-gnu-native/include  conftest.c >&5
configure:17865: $? = 0
configure:17865: /usr/bin/gcc -c -I/home/pivos/xbmc-depends/x86_64-linux-gnu-native/include  -I/home/pivos/xbmc-depends/x86_64-linux-gnu-native/include  conftest.c >&5
conftest.c: In function 'main':
conftest.c:72:21: error: expected expression before ')' token
 if (sizeof ((size_t)))
                     ^
configure:17865: $? = 1
configure: failed program was:
| /* confdefs.h */
| #define PACKAGE_NAME "PCRE"
| #define PACKAGE_TARNAME "pcre"
| #define PACKAGE_VERSION "8.33"
| #define PACKAGE_STRING "PCRE 8.33"
| #define PACKAGE_BUGREPORT ""
| #define PACKAGE_URL ""
| #define PACKAGE "pcre"
| #define VERSION "8.33"
| #define STDC_HEADERS 1
| #define HAVE_SYS_TYPES_H 1
| #define HAVE_SYS_STAT_H 1
| #define HAVE_STDLIB_H 1
| #define HAVE_STRING_H 1
| #define HAVE_MEMORY_H 1
| #define HAVE_STRINGS_H 1
| #define HAVE_INTTYPES_H 1
| #define HAVE_STDINT_H 1
| #define HAVE_UNISTD_H 1
| #define HAVE_DLFCN_H 1
| #define LT_OBJDIR ".libs/"
| #define PCRE_EXP_DECL extern __attribute__ ((visibility ("default")))
| #define PCRE_EXP_DEFN __attribute__ ((visibility ("default")))
| #define PCRE_EXP_DATA_DEFN __attribute__ ((visibility ("default")))
| #define PCREPOSIX_EXP_DECL extern __attribute__ ((visibility ("default")))
| #define PCREPOSIX_EXP_DEFN extern __attribute__ ((visibility ("default")))
| #define PCRECPP_EXP_DECL extern __attribute__ ((visibility ("default")))
| #define PCRECPP_EXP_DEFN __attribute__ ((visibility ("default")))
| #define HAVE_VISIBILITY 1
| #define STDC_HEADERS 1
| #define HAVE_LIMITS_H 1
| #define HAVE_SYS_TYPES_H 1
| #define HAVE_SYS_STAT_H 1
| #define HAVE_DIRENT_H 1
| /* end confdefs.h.  */
| #include <stdio.h>
| #ifdef HAVE_SYS_TYPES_H
| # include <sys/types.h>
| #endif
| #ifdef HAVE_SYS_STAT_H
| # include <sys/stat.h>
| #endif
| #ifdef STDC_HEADERS
| # include <stdlib.h>
| # include <stddef.h>
| #else
| # ifdef HAVE_STDLIB_H
| #  include <stdlib.h>
| # endif
| #endif
| #ifdef HAVE_STRING_H
| # if !defined STDC_HEADERS && defined HAVE_MEMORY_H
| #  include <memory.h>
| # endif
| # include <string.h>
| #endif
| #ifdef HAVE_STRINGS_H
| # include <strings.h>
| #endif
| #ifdef HAVE_INTTYPES_H
| # include <inttypes.h>
| #endif
| #ifdef HAVE_STDINT_H
| # include <stdint.h>
| #endif
| #ifdef HAVE_UNISTD_H
| # include <unistd.h>
| #endif
| int
| main ()
| {
| if (sizeof ((size_t)))
| 	    return 0;
|   ;
|   return 0;
| }
configure:17865: result: yes
configure:17882: checking for bcopy
configure:17882: /usr/bin/gcc -o conftest -I/home/pivos/xbmc-depends/x86_64-linux-gnu-native/include  -I/home/pivos/xbmc-depends/x86_64-linux-gnu-native/include  -L/home/pivos/xbmc-depends/x86_64-linux-gnu-native/lib  conftest.c  >&5
conftest.c:59:6: warning: conflicting types for built-in function 'bcopy' [enabled by default]
 char bcopy ();
      ^
configure:17882: $? = 0
configure:17882: result: yes
configure:17882: checking for memmove
configure:17882: /usr/bin/gcc -o conftest -I/home/pivos/xbmc-depends/x86_64-linux-gnu-native/include  -I/home/pivos/xbmc-depends/x86_64-linux-gnu-native/include  -L/home/pivos/xbmc-depends/x86_64-linux-gnu-native/lib  conftest.c  >&5
conftest.c:60:6: warning: conflicting types for built-in function 'memmove' [enabled by default]
 char memmove ();
      ^
configure:17882: $? = 0
configure:17882: result: yes
configure:17882: checking for strerror
configure:17882: /usr/bin/gcc -o conftest -I/home/pivos/xbmc-depends/x86_64-linux-gnu-native/include  -I/home/pivos/xbmc-depends/x86_64-linux-gnu-native/include  -L/home/pivos/xbmc-depends/x86_64-linux-gnu-native/lib  conftest.c  >&5
configure:17882: $? = 0
configure:17882: result: yes
configure:17896: checking zlib.h usability
configure:17896: /usr/bin/gcc -c -I/home/pivos/xbmc-depends/x86_64-linux-gnu-native/include  -I/home/pivos/xbmc-depends/x86_64-linux-gnu-native/include  conftest.c >&5
configure:17896: $? = 0
configure:17896: result: yes
configure:17896: checking zlib.h presence
configure:17896: /usr/bin/gcc -E -I/home/pivos/xbmc-depends/x86_64-linux-gnu-native/include  conftest.c
configure:17896: $? = 0
configure:17896: result: yes
configure:17896: checking for zlib.h
configure:17896: result: yes
configure:17906: checking for gzopen in -lz
configure:17931: /usr/bin/gcc -o conftest -I/home/pivos/xbmc-depends/x86_64-linux-gnu-native/include  -I/home/pivos/xbmc-depends/x86_64-linux-gnu-native/include  -L/home/pivos/xbmc-depends/x86_64-linux-gnu-native/lib  conftest.c -lz   >&5
configure:17931: $? = 0
configure:17940: result: yes
configure:17965: checking bzlib.h usability
configure:17965: /usr/bin/gcc -c -I/home/pivos/xbmc-depends/x86_64-linux-gnu-native/include  -I/home/pivos/xbmc-depends/x86_64-linux-gnu-native/include  conftest.c >&5
conftest.c:73:19: fatal error: bzlib.h: No such file or directory
 #include <bzlib.h>
                   ^
compilation terminated.
configure:17965: $? = 1
configure: failed program was:
| /* confdefs.h */
| #define PACKAGE_NAME "PCRE"
| #define PACKAGE_TARNAME "pcre"
| #define PACKAGE_VERSION "8.33"
| #define PACKAGE_STRING "PCRE 8.33"
| #define PACKAGE_BUGREPORT ""
| #define PACKAGE_URL ""
| #define PACKAGE "pcre"
| #define VERSION "8.33"
| #define STDC_HEADERS 1
| #define HAVE_SYS_TYPES_H 1
| #define HAVE_SYS_STAT_H 1
| #define HAVE_STDLIB_H 1
| #define HAVE_STRING_H 1
| #define HAVE_MEMORY_H 1
| #define HAVE_STRINGS_H 1
| #define HAVE_INTTYPES_H 1
| #define HAVE_STDINT_H 1
| #define HAVE_UNISTD_H 1
| #define HAVE_DLFCN_H 1
| #define LT_OBJDIR ".libs/"
| #define PCRE_EXP_DECL extern __attribute__ ((visibility ("default")))
| #define PCRE_EXP_DEFN __attribute__ ((visibility ("default")))
| #define PCRE_EXP_DATA_DEFN __attribute__ ((visibility ("default")))
| #define PCREPOSIX_EXP_DECL extern __attribute__ ((visibility ("default")))
| #define PCREPOSIX_EXP_DEFN extern __attribute__ ((visibility ("default")))
| #define PCRECPP_EXP_DECL extern __attribute__ ((visibility ("default")))
| #define PCRECPP_EXP_DEFN __attribute__ ((visibility ("default")))
| #define HAVE_VISIBILITY 1
| #define STDC_HEADERS 1
| #define HAVE_LIMITS_H 1
| #define HAVE_SYS_TYPES_H 1
| #define HAVE_SYS_STAT_H 1
| #define HAVE_DIRENT_H 1
| #define HAVE_BCOPY 1
| #define HAVE_MEMMOVE 1
| #define HAVE_STRERROR 1
| #define HAVE_ZLIB_H 1
| /* end confdefs.h.  */
| #include <stdio.h>
| #ifdef HAVE_SYS_TYPES_H
| # include <sys/types.h>
| #endif
| #ifdef HAVE_SYS_STAT_H
| # include <sys/stat.h>
| #endif
| #ifdef STDC_HEADERS
| # include <stdlib.h>
| # include <stddef.h>
| #else
| # ifdef HAVE_STDLIB_H
| #  include <stdlib.h>
| # endif
| #endif
| #ifdef HAVE_STRING_H
| # if !defined STDC_HEADERS && defined HAVE_MEMORY_H
| #  include <memory.h>
| # endif
| # include <string.h>
| #endif
| #ifdef HAVE_STRINGS_H
| # include <strings.h>
| #endif
| #ifdef HAVE_INTTYPES_H
| # include <inttypes.h>
| #endif
| #ifdef HAVE_STDINT_H
| # include <stdint.h>
| #endif
| #ifdef HAVE_UNISTD_H
| # include <unistd.h>
| #endif
| #include <bzlib.h>
configure:17965: result: no
configure:17965: checking bzlib.h presence
configure:17965: /usr/bin/gcc -E -I/home/pivos/xbmc-depends/x86_64-linux-gnu-native/include  conftest.c
conftest.c:40:19: fatal error: bzlib.h: No such file or directory
 #include <bzlib.h>
                   ^
compilation terminated.
configure:17965: $? = 1
configure: failed program was:
| /* confdefs.h */
| #define PACKAGE_NAME "PCRE"
| #define PACKAGE_TARNAME "pcre"
| #define PACKAGE_VERSION "8.33"
| #define PACKAGE_STRING "PCRE 8.33"
| #define PACKAGE_BUGREPORT ""
| #define PACKAGE_URL ""
| #define PACKAGE "pcre"
| #define VERSION "8.33"
| #define STDC_HEADERS 1
| #define HAVE_SYS_TYPES_H 1
| #define HAVE_SYS_STAT_H 1
| #define HAVE_STDLIB_H 1
| #define HAVE_STRING_H 1
| #define HAVE_MEMORY_H 1
| #define HAVE_STRINGS_H 1
| #define HAVE_INTTYPES_H 1
| #define HAVE_STDINT_H 1
| #define HAVE_UNISTD_H 1
| #define HAVE_DLFCN_H 1
| #define LT_OBJDIR ".libs/"
| #define PCRE_EXP_DECL extern __attribute__ ((visibility ("default")))
| #define PCRE_EXP_DEFN __attribute__ ((visibility ("default")))
| #define PCRE_EXP_DATA_DEFN __attribute__ ((visibility ("default")))
| #define PCREPOSIX_EXP_DECL extern __attribute__ ((visibility ("default")))
| #define PCREPOSIX_EXP_DEFN extern __attribute__ ((visibility ("default")))
| #define PCRECPP_EXP_DECL extern __attribute__ ((visibility ("default")))
| #define PCRECPP_EXP_DEFN __attribute__ ((visibility ("default")))
| #define HAVE_VISIBILITY 1
| #define STDC_HEADERS 1
| #define HAVE_LIMITS_H 1
| #define HAVE_SYS_TYPES_H 1
| #define HAVE_SYS_STAT_H 1
| #define HAVE_DIRENT_H 1
| #define HAVE_BCOPY 1
| #define HAVE_MEMMOVE 1
| #define HAVE_STRERROR 1
| #define HAVE_ZLIB_H 1
| /* end confdefs.h.  */
| #include <bzlib.h>
configure:17965: result: no
configure:17965: checking for bzlib.h
configure:17965: result: no
configure:17980: checking for libbz2
configure:17998: /usr/bin/gcc -o conftest -I/home/pivos/xbmc-depends/x86_64-linux-gnu-native/include  -I/home/pivos/xbmc-depends/x86_64-linux-gnu-native/include  -L/home/pivos/xbmc-depends/x86_64-linux-gnu-native/lib  conftest.c  -lbz2 >&5
/usr/bin/ld: cannot find -lbz2
collect2: error: ld returned 1 exit status
configure:17998: $? = 1
configure: failed program was:
| /* confdefs.h */
| #define PACKAGE_NAME "PCRE"
| #define PACKAGE_TARNAME "pcre"
| #define PACKAGE_VERSION "8.33"
| #define PACKAGE_STRING "PCRE 8.33"
| #define PACKAGE_BUGREPORT ""
| #define PACKAGE_URL ""
| #define PACKAGE "pcre"
| #define VERSION "8.33"
| #define STDC_HEADERS 1
| #define HAVE_SYS_TYPES_H 1
| #define HAVE_SYS_STAT_H 1
| #define HAVE_STDLIB_H 1
| #define HAVE_STRING_H 1
| #define HAVE_MEMORY_H 1
| #define HAVE_STRINGS_H 1
| #define HAVE_INTTYPES_H 1
| #define HAVE_STDINT_H 1
| #define HAVE_UNISTD_H 1
| #define HAVE_DLFCN_H 1
| #define LT_OBJDIR ".libs/"
| #define PCRE_EXP_DECL extern __attribute__ ((visibility ("default")))
| #define PCRE_EXP_DEFN __attribute__ ((visibility ("default")))
| #define PCRE_EXP_DATA_DEFN __attribute__ ((visibility ("default")))
| #define PCREPOSIX_EXP_DECL extern __attribute__ ((visibility ("default")))
| #define PCREPOSIX_EXP_DEFN extern __attribute__ ((visibility ("default")))
| #define PCRECPP_EXP_DECL extern __attribute__ ((visibility ("default")))
| #define PCRECPP_EXP_DEFN __attribute__ ((visibility ("default")))
| #define HAVE_VISIBILITY 1
| #define STDC_HEADERS 1
| #define HAVE_LIMITS_H 1
| #define HAVE_SYS_TYPES_H 1
| #define HAVE_SYS_STAT_H 1
| #define HAVE_DIRENT_H 1
| #define HAVE_BCOPY 1
| #define HAVE_MEMMOVE 1
| #define HAVE_STRERROR 1
| #define HAVE_ZLIB_H 1
| /* end confdefs.h.  */
| 
| #ifdef HAVE_BZLIB_H
| #include <bzlib.h>
| #endif
| int
| main ()
| {
| return (int)BZ2_bzopen("conftest", "rb");
|   ;
|   return 0;
| }
configure:18002: result: no
configure:18582: checking for the pthreads library -lpthreads
configure:18620: /usr/bin/gcc -o conftest -I/home/pivos/xbmc-depends/x86_64-linux-gnu-native/include   -I/home/pivos/xbmc-depends/x86_64-linux-gnu-native/include  -L/home/pivos/xbmc-depends/x86_64-linux-gnu-native/lib  conftest.c -lpthreads  >&5
/usr/bin/ld: cannot find -lpthreads
collect2: error: ld returned 1 exit status
configure:18620: $? = 1
configure: failed program was:
| /* confdefs.h */
| #define PACKAGE_NAME "PCRE"
| #define PACKAGE_TARNAME "pcre"
| #define PACKAGE_VERSION "8.33"
| #define PACKAGE_STRING "PCRE 8.33"
| #define PACKAGE_BUGREPORT ""
| #define PACKAGE_URL ""
| #define PACKAGE "pcre"
| #define VERSION "8.33"
| #define STDC_HEADERS 1
| #define HAVE_SYS_TYPES_H 1
| #define HAVE_SYS_STAT_H 1
| #define HAVE_STDLIB_H 1
| #define HAVE_STRING_H 1
| #define HAVE_MEMORY_H 1
| #define HAVE_STRINGS_H 1
| #define HAVE_INTTYPES_H 1
| #define HAVE_STDINT_H 1
| #define HAVE_UNISTD_H 1
| #define HAVE_DLFCN_H 1
| #define LT_OBJDIR ".libs/"
| #define PCRE_EXP_DECL extern __attribute__ ((visibility ("default")))
| #define PCRE_EXP_DEFN __attribute__ ((visibility ("default")))
| #define PCRE_EXP_DATA_DEFN __attribute__ ((visibility ("default")))
| #define PCREPOSIX_EXP_DECL extern __attribute__ ((visibility ("default")))
| #define PCREPOSIX_EXP_DEFN extern __attribute__ ((visibility ("default")))
| #define PCRECPP_EXP_DECL extern __attribute__ ((visibility ("default")))
| #define PCRECPP_EXP_DEFN __attribute__ ((visibility ("default")))
| #define HAVE_VISIBILITY 1
| #define STDC_HEADERS 1
| #define HAVE_LIMITS_H 1
| #define HAVE_SYS_TYPES_H 1
| #define HAVE_SYS_STAT_H 1
| #define HAVE_DIRENT_H 1
| #define HAVE_BCOPY 1
| #define HAVE_MEMMOVE 1
| #define HAVE_STRERROR 1
| #define HAVE_ZLIB_H 1
| #define PCRE_STATIC 1
| #define SUPPORT_PCRE8 /**/
| /* end confdefs.h.  */
| #include <pthread.h>
|                         static void routine(void *a) { a = 0; }
|                         static void *start_routine(void *a) { return a; }
| int
| main ()
| {
| pthread_t th; pthread_attr_t attr;
|                         pthread_create(&th, 0, start_routine, 0);
|                         pthread_join(th, 0);
|                         pthread_attr_init(&attr);
|                         pthread_cleanup_push(routine, 0);
|                         pthread_cleanup_pop(0) /* ; */
|   ;
|   return 0;
| }
configure:18629: result: no
configure:18527: checking whether pthreads work without any flags
configure:18620: /usr/bin/gcc -o conftest -I/home/pivos/xbmc-depends/x86_64-linux-gnu-native/include   -I/home/pivos/xbmc-depends/x86_64-linux-gnu-native/include  -L/home/pivos/xbmc-depends/x86_64-linux-gnu-native/lib  conftest.c   >&5
/tmp/cc8OVcD5.o: In function `main':
conftest.c:(.text+0x55): undefined reference to `pthread_create'
conftest.c:(.text+0x69): undefined reference to `pthread_join'
conftest.c:(.text+0xe3): undefined reference to `__pthread_register_cancel'
conftest.c:(.text+0xf2): undefined reference to `__pthread_unregister_cancel'
collect2: error: ld returned 1 exit status
configure:18620: $? = 1
configure: failed program was:
| /* confdefs.h */
| #define PACKAGE_NAME "PCRE"
| #define PACKAGE_TARNAME "pcre"
| #define PACKAGE_VERSION "8.33"
| #define PACKAGE_STRING "PCRE 8.33"
| #define PACKAGE_BUGREPORT ""
| #define PACKAGE_URL ""
| #define PACKAGE "pcre"
| #define VERSION "8.33"
| #define STDC_HEADERS 1
| #define HAVE_SYS_TYPES_H 1
| #define HAVE_SYS_STAT_H 1
| #define HAVE_STDLIB_H 1
| #define HAVE_STRING_H 1
| #define HAVE_MEMORY_H 1
| #define HAVE_STRINGS_H 1
| #define HAVE_INTTYPES_H 1
| #define HAVE_STDINT_H 1
| #define HAVE_UNISTD_H 1
| #define HAVE_DLFCN_H 1
| #define LT_OBJDIR ".libs/"
| #define PCRE_EXP_DECL extern __attribute__ ((visibility ("default")))
| #define PCRE_EXP_DEFN __attribute__ ((visibility ("default")))
| #define PCRE_EXP_DATA_DEFN __attribute__ ((visibility ("default")))
| #define PCREPOSIX_EXP_DECL extern __attribute__ ((visibility ("default")))
| #define PCREPOSIX_EXP_DEFN extern __attribute__ ((visibility ("default")))
| #define PCRECPP_EXP_DECL extern __attribute__ ((visibility ("default")))
| #define PCRECPP_EXP_DEFN __attribute__ ((visibility ("default")))
| #define HAVE_VISIBILITY 1
| #define STDC_HEADERS 1
| #define HAVE_LIMITS_H 1
| #define HAVE_SYS_TYPES_H 1
| #define HAVE_SYS_STAT_H 1
| #define HAVE_DIRENT_H 1
| #define HAVE_BCOPY 1
| #define HAVE_MEMMOVE 1
| #define HAVE_STRERROR 1
| #define HAVE_ZLIB_H 1
| #define PCRE_STATIC 1
| #define SUPPORT_PCRE8 /**/
| /* end confdefs.h.  */
| #include <pthread.h>
|                         static void routine(void *a) { a = 0; }
|                         static void *start_routine(void *a) { return a; }
| int
| main ()
| {
| pthread_t th; pthread_attr_t attr;
|                         pthread_create(&th, 0, start_routine, 0);
|                         pthread_join(th, 0);
|                         pthread_attr_init(&attr);
|                         pthread_cleanup_push(routine, 0);
|                         pthread_cleanup_pop(0) /* ; */
|   ;
|   return 0;
| }
configure:18629: result: no
configure:18532: checking whether pthreads work with -Kthread
configure:18620: /usr/bin/gcc -o conftest -I/home/pivos/xbmc-depends/x86_64-linux-gnu-native/include  -Kthread -I/home/pivos/xbmc-depends/x86_64-linux-gnu-native/include  -L/home/pivos/xbmc-depends/x86_64-linux-gnu-native/lib  conftest.c   >&5
gcc: error: unrecognized command line option '-Kthread'
configure:18620: $? = 1
configure: failed program was:
| /* confdefs.h */
| #define PACKAGE_NAME "PCRE"
| #define PACKAGE_TARNAME "pcre"
| #define PACKAGE_VERSION "8.33"
| #define PACKAGE_STRING "PCRE 8.33"
| #define PACKAGE_BUGREPORT ""
| #define PACKAGE_URL ""
| #define PACKAGE "pcre"
| #define VERSION "8.33"
| #define STDC_HEADERS 1
| #define HAVE_SYS_TYPES_H 1
| #define HAVE_SYS_STAT_H 1
| #define HAVE_STDLIB_H 1
| #define HAVE_STRING_H 1
| #define HAVE_MEMORY_H 1
| #define HAVE_STRINGS_H 1
| #define HAVE_INTTYPES_H 1
| #define HAVE_STDINT_H 1
| #define HAVE_UNISTD_H 1
| #define HAVE_DLFCN_H 1
| #define LT_OBJDIR ".libs/"
| #define PCRE_EXP_DECL extern __attribute__ ((visibility ("default")))
| #define PCRE_EXP_DEFN __attribute__ ((visibility ("default")))
| #define PCRE_EXP_DATA_DEFN __attribute__ ((visibility ("default")))
| #define PCREPOSIX_EXP_DECL extern __attribute__ ((visibility ("default")))
| #define PCREPOSIX_EXP_DEFN extern __attribute__ ((visibility ("default")))
| #define PCRECPP_EXP_DECL extern __attribute__ ((visibility ("default")))
| #define PCRECPP_EXP_DEFN __attribute__ ((visibility ("default")))
| #define HAVE_VISIBILITY 1
| #define STDC_HEADERS 1
| #define HAVE_LIMITS_H 1
| #define HAVE_SYS_TYPES_H 1
| #define HAVE_SYS_STAT_H 1
| #define HAVE_DIRENT_H 1
| #define HAVE_BCOPY 1
| #define HAVE_MEMMOVE 1
| #define HAVE_STRERROR 1
| #define HAVE_ZLIB_H 1
| #define PCRE_STATIC 1
| #define SUPPORT_PCRE8 /**/
| /* end confdefs.h.  */
| #include <pthread.h>
|                         static void routine(void *a) { a = 0; }
|                         static void *start_routine(void *a) { return a; }
| int
| main ()
| {
| pthread_t th; pthread_attr_t attr;
|                         pthread_create(&th, 0, start_routine, 0);
|                         pthread_join(th, 0);
|                         pthread_attr_init(&attr);
|                         pthread_cleanup_push(routine, 0);
|                         pthread_cleanup_pop(0) /* ; */
|   ;
|   return 0;
| }
configure:18629: result: no
configure:18532: checking whether pthreads work with -kthread
configure:18620: /usr/bin/gcc -o conftest -I/home/pivos/xbmc-depends/x86_64-linux-gnu-native/include  -kthread -I/home/pivos/xbmc-depends/x86_64-linux-gnu-native/include  -L/home/pivos/xbmc-depends/x86_64-linux-gnu-native/lib  conftest.c   >&5
gcc: error: unrecognized command line option '-kthread'
configure:18620: $? = 1
configure: failed program was:
| /* confdefs.h */
| #define PACKAGE_NAME "PCRE"
| #define PACKAGE_TARNAME "pcre"
| #define PACKAGE_VERSION "8.33"
| #define PACKAGE_STRING "PCRE 8.33"
| #define PACKAGE_BUGREPORT ""
| #define PACKAGE_URL ""
| #define PACKAGE "pcre"
| #define VERSION "8.33"
| #define STDC_HEADERS 1
| #define HAVE_SYS_TYPES_H 1
| #define HAVE_SYS_STAT_H 1
| #define HAVE_STDLIB_H 1
| #define HAVE_STRING_H 1
| #define HAVE_MEMORY_H 1
| #define HAVE_STRINGS_H 1
| #define HAVE_INTTYPES_H 1
| #define HAVE_STDINT_H 1
| #define HAVE_UNISTD_H 1
| #define HAVE_DLFCN_H 1
| #define LT_OBJDIR ".libs/"
| #define PCRE_EXP_DECL extern __attribute__ ((visibility ("default")))
| #define PCRE_EXP_DEFN __attribute__ ((visibility ("default")))
| #define PCRE_EXP_DATA_DEFN __attribute__ ((visibility ("default")))
| #define PCREPOSIX_EXP_DECL extern __attribute__ ((visibility ("default")))
| #define PCREPOSIX_EXP_DEFN extern __attribute__ ((visibility ("default")))
| #define PCRECPP_EXP_DECL extern __attribute__ ((visibility ("default")))
| #define PCRECPP_EXP_DEFN __attribute__ ((visibility ("default")))
| #define HAVE_VISIBILITY 1
| #define STDC_HEADERS 1
| #define HAVE_LIMITS_H 1
| #define HAVE_SYS_TYPES_H 1
| #define HAVE_SYS_STAT_H 1
| #define HAVE_DIRENT_H 1
| #define HAVE_BCOPY 1
| #define HAVE_MEMMOVE 1
| #define HAVE_STRERROR 1
| #define HAVE_ZLIB_H 1
| #define PCRE_STATIC 1
| #define SUPPORT_PCRE8 /**/
| /* end confdefs.h.  */
| #include <pthread.h>
|                         static void routine(void *a) { a = 0; }
|                         static void *start_routine(void *a) { return a; }
| int
| main ()
| {
| pthread_t th; pthread_attr_t attr;
|                         pthread_create(&th, 0, start_routine, 0);
|                         pthread_join(th, 0);
|                         pthread_attr_init(&attr);
|                         pthread_cleanup_push(routine, 0);
|                         pthread_cleanup_pop(0) /* ; */
|   ;
|   return 0;
| }
configure:18629: result: no
configure:18582: checking for the pthreads library -llthread
configure:18620: /usr/bin/gcc -o conftest -I/home/pivos/xbmc-depends/x86_64-linux-gnu-native/include   -I/home/pivos/xbmc-depends/x86_64-linux-gnu-native/include  -L/home/pivos/xbmc-depends/x86_64-linux-gnu-native/lib  conftest.c -llthread  >&5
/usr/bin/ld: cannot find -llthread
collect2: error: ld returned 1 exit status
configure:18620: $? = 1
configure: failed program was:
| /* confdefs.h */
| #define PACKAGE_NAME "PCRE"
| #define PACKAGE_TARNAME "pcre"
| #define PACKAGE_VERSION "8.33"
| #define PACKAGE_STRING "PCRE 8.33"
| #define PACKAGE_BUGREPORT ""
| #define PACKAGE_URL ""
| #define PACKAGE "pcre"
| #define VERSION "8.33"
| #define STDC_HEADERS 1
| #define HAVE_SYS_TYPES_H 1
| #define HAVE_SYS_STAT_H 1
| #define HAVE_STDLIB_H 1
| #define HAVE_STRING_H 1
| #define HAVE_MEMORY_H 1
| #define HAVE_STRINGS_H 1
| #define HAVE_INTTYPES_H 1
| #define HAVE_STDINT_H 1
| #define HAVE_UNISTD_H 1
| #define HAVE_DLFCN_H 1
| #define LT_OBJDIR ".libs/"
| #define PCRE_EXP_DECL extern __attribute__ ((visibility ("default")))
| #define PCRE_EXP_DEFN __attribute__ ((visibility ("default")))
| #define PCRE_EXP_DATA_DEFN __attribute__ ((visibility ("default")))
| #define PCREPOSIX_EXP_DECL extern __attribute__ ((visibility ("default")))
| #define PCREPOSIX_EXP_DEFN extern __attribute__ ((visibility ("default")))
| #define PCRECPP_EXP_DECL extern __attribute__ ((visibility ("default")))
| #define PCRECPP_EXP_DEFN __attribute__ ((visibility ("default")))
| #define HAVE_VISIBILITY 1
| #define STDC_HEADERS 1
| #define HAVE_LIMITS_H 1
| #define HAVE_SYS_TYPES_H 1
| #define HAVE_SYS_STAT_H 1
| #define HAVE_DIRENT_H 1
| #define HAVE_BCOPY 1
| #define HAVE_MEMMOVE 1
| #define HAVE_STRERROR 1
| #define HAVE_ZLIB_H 1
| #define PCRE_STATIC 1
| #define SUPPORT_PCRE8 /**/
| /* end confdefs.h.  */
| #include <pthread.h>
|                         static void routine(void *a) { a = 0; }
|                         static void *start_routine(void *a) { return a; }
| int
| main ()
| {
| pthread_t th; pthread_attr_t attr;
|                         pthread_create(&th, 0, start_routine, 0);
|                         pthread_join(th, 0);
|                         pthread_attr_init(&attr);
|                         pthread_cleanup_push(routine, 0);
|                         pthread_cleanup_pop(0) /* ; */
|   ;
|   return 0;
| }
configure:18629: result: no
configure:18532: checking whether pthreads work with -pthread
configure:18620: /usr/bin/gcc -o conftest -I/home/pivos/xbmc-depends/x86_64-linux-gnu-native/include  -pthread -I/home/pivos/xbmc-depends/x86_64-linux-gnu-native/include  -L/home/pivos/xbmc-depends/x86_64-linux-gnu-native/lib  conftest.c   >&5
configure:18620: $? = 0
configure:18629: result: yes
configure:18648: checking for joinable pthread attribute
configure:18663: /usr/bin/gcc -o conftest -I/home/pivos/xbmc-depends/x86_64-linux-gnu-native/include  -pthread -I/home/pivos/xbmc-depends/x86_64-linux-gnu-native/include  -L/home/pivos/xbmc-depends/x86_64-linux-gnu-native/lib  conftest.c   >&5
configure:18663: $? = 0
configure:18669: result: PTHREAD_CREATE_JOINABLE
configure:18679: checking if more special flags are required for pthreads
configure:18693: result: no
configure:18699: checking for PTHREAD_PRIO_INHERIT
configure:18717: /usr/bin/gcc -o conftest -I/home/pivos/xbmc-depends/x86_64-linux-gnu-native/include  -pthread -I/home/pivos/xbmc-depends/x86_64-linux-gnu-native/include  -L/home/pivos/xbmc-depends/x86_64-linux-gnu-native/lib  conftest.c   >&5
configure:18717: $? = 0
configure:18726: result: yes
configure:19563: checking that generated files are newer than configure
configure:19569: result: done
configure:19636: creating ./config.status

## ---------------------- ##
## Running config.status. ##
## ---------------------- ##

This file was extended by PCRE config.status 8.33, which was
generated by GNU Autoconf 2.69.  Invocation command line was

  CONFIG_FILES    = 
  CONFIG_HEADERS  = 
  CONFIG_LINKS    = 
  CONFIG_COMMANDS = 
  $ ./config.status 

on pivos-VirtualBox

config.status:1248: creating Makefile
config.status:1248: creating libpcre.pc
config.status:1248: creating libpcre16.pc
config.status:1248: creating libpcre32.pc
config.status:1248: creating libpcreposix.pc
config.status:1248: creating libpcrecpp.pc
config.status:1248: creating pcre-config
config.status:1248: creating pcre.h
config.status:1248: creating pcre_stringpiece.h
config.status:1248: creating pcrecpparg.h
config.status:1248: creating config.h
config.status:1477: executing depfiles commands
config.status:1477: executing libtool commands
config.status:1477: executing script-chmod commands
config.status:1477: executing delete-old-chartables commands

## ---------------- ##
## Cache variables. ##
## ---------------- ##

ac_cv_build=x86_64-unknown-linux-gnu
ac_cv_c_compiler_gnu=yes
ac_cv_c_const=yes
ac_cv_c_int64_t=yes
ac_cv_cxx_compiler_gnu=yes
ac_cv_env_CCC_set=
ac_cv_env_CCC_value=
ac_cv_env_CC_set=
ac_cv_env_CC_value=
ac_cv_env_CFLAGS_set=
ac_cv_env_CFLAGS_value=
ac_cv_env_CPPFLAGS_set=
ac_cv_env_CPPFLAGS_value=
ac_cv_env_CPP_set=
ac_cv_env_CPP_value=
ac_cv_env_CXXCPP_set=
ac_cv_env_CXXCPP_value=
ac_cv_env_CXXFLAGS_set=
ac_cv_env_CXXFLAGS_value=
ac_cv_env_CXX_set=
ac_cv_env_CXX_value=
ac_cv_env_GENHTML_set=
ac_cv_env_GENHTML_value=
ac_cv_env_LCOV_set=
ac_cv_env_LCOV_value=
ac_cv_env_LDFLAGS_set=
ac_cv_env_LDFLAGS_value=
ac_cv_env_LIBS_set=
ac_cv_env_LIBS_value=
ac_cv_env_PKG_CONFIG_LIBDIR_set=
ac_cv_env_PKG_CONFIG_LIBDIR_value=
ac_cv_env_PKG_CONFIG_PATH_set=
ac_cv_env_PKG_CONFIG_PATH_value=
ac_cv_env_PKG_CONFIG_set=
ac_cv_env_PKG_CONFIG_value=
ac_cv_env_VALGRIND_CFLAGS_set=
ac_cv_env_VALGRIND_CFLAGS_value=
ac_cv_env_VALGRIND_LIBS_set=
ac_cv_env_VALGRIND_LIBS_value=
ac_cv_env_build_alias_set=
ac_cv_env_build_alias_value=
ac_cv_env_host_alias_set=
ac_cv_env_host_alias_value=
ac_cv_env_target_alias_set=
ac_cv_env_target_alias_value=
ac_cv_func_bcopy=yes
ac_cv_func_memmove=yes
ac_cv_func_strerror=yes
ac_cv_header_bzlib_h=no
ac_cv_header_dirent_h=yes
ac_cv_header_dlfcn_h=yes
ac_cv_header_inttypes_h=yes
ac_cv_header_limits_h=yes
ac_cv_header_memory_h=yes
ac_cv_header_stdc=yes
ac_cv_header_stdint_h=yes
ac_cv_header_stdlib_h=yes
ac_cv_header_string_h=yes
ac_cv_header_strings_h=yes
ac_cv_header_sys_stat_h=yes
ac_cv_header_sys_types_h=yes
ac_cv_header_unistd_h=yes
ac_cv_header_windows_h=no
ac_cv_header_zlib_h=yes
ac_cv_host=x86_64-unknown-linux-gnu
ac_cv_lib_z_gzopen=yes
ac_cv_objext=o
ac_cv_path_EGREP='/bin/grep -E'
ac_cv_path_FGREP='/bin/grep -F'
ac_cv_path_GREP=/bin/grep
ac_cv_path_SED=/bin/sed
ac_cv_path_install='/usr/bin/install -c'
ac_cv_path_mkdir=/bin/mkdir
ac_cv_prog_AWK=gawk
ac_cv_prog_CPP='/usr/bin/gcc -E'
ac_cv_prog_CXXCPP='/usr/bin/g++ -E'
ac_cv_prog_ac_ct_CC=/usr/bin/gcc
ac_cv_prog_ac_ct_DLLTOOL=dlltool
ac_cv_prog_ac_ct_MANIFEST_TOOL=mt
ac_cv_prog_ac_ct_OBJDUMP=/usr/bin/objdump
ac_cv_prog_ac_ct_RANLIB=/usr/bin/ranlib
ac_cv_prog_ac_ct_STRIP=/usr/bin/strip
ac_cv_prog_cc__usr_bin_gcc_c_o=yes
ac_cv_prog_cc_c89=
ac_cv_prog_cc_g=yes
ac_cv_prog_cxx_g=yes
ac_cv_prog_make_make_set=yes
ac_cv_type_size_t=yes
am_cv_CC_dependencies_compiler_type=gcc3
am_cv_CXX_dependencies_compiler_type=gcc3
am_cv_ar_interface=ar
am_cv_make_support_nested_variables=yes
ax_cv_PTHREAD_PRIO_INHERIT=yes
lt_cv_ar_at_file=@
lt_cv_deplibs_check_method=pass_all
lt_cv_file_magic_cmd='$MAGIC_CMD'
lt_cv_file_magic_test_file=
lt_cv_ld_reload_flag=-r
lt_cv_nm_interface='BSD nm'
lt_cv_objdir=.libs
lt_cv_path_LD=/usr/bin/ld
lt_cv_path_LDCXX='/usr/bin/ld -m elf_x86_64'
lt_cv_path_NM=/usr/bin/nm
lt_cv_path_mainfest_tool=no
lt_cv_prog_compiler_c_o=yes
lt_cv_prog_compiler_c_o_CXX=yes
lt_cv_prog_compiler_pic='-fPIC -DPIC'
lt_cv_prog_compiler_pic_CXX='-fPIC -DPIC'
lt_cv_prog_compiler_pic_works=yes
lt_cv_prog_compiler_pic_works_CXX=yes
lt_cv_prog_compiler_rtti_exceptions=no
lt_cv_prog_compiler_static_works=yes
lt_cv_prog_compiler_static_works_CXX=yes
lt_cv_prog_gnu_ld=yes
lt_cv_prog_gnu_ldcxx=yes
lt_cv_sharedlib_from_linklib_cmd='printf %s\n'
lt_cv_shlibpath_overrides_runpath=no
lt_cv_sys_global_symbol_pipe='sed -n -e '\''s/^.*[	 ]\([ABCDGIRSTW][ABCDGIRSTW]*\)[	 ][	 ]*\([_A-Za-z][_A-Za-z0-9]*\)$/\1 \2 \2/p'\'' | sed '\''/ __gnu_lto/d'\'''
lt_cv_sys_global_symbol_to_c_name_address='sed -n -e '\''s/^: \([^ ]*\)[ ]*$/  {\"\1\", (void *) 0},/p'\'' -e '\''s/^[ABCDGIRSTW]* \([^ ]*\) \([^ ]*\)$/  {"\2", (void *) \&\2},/p'\'''
lt_cv_sys_global_symbol_to_c_name_address_lib_prefix='sed -n -e '\''s/^: \([^ ]*\)[ ]*$/  {\"\1\", (void *) 0},/p'\'' -e '\''s/^[ABCDGIRSTW]* \([^ ]*\) \(lib[^ ]*\)$/  {"\2", (void *) \&\2},/p'\'' -e '\''s/^[ABCDGIRSTW]* \([^ ]*\) \([^ ]*\)$/  {"lib\2", (void *) \&\2},/p'\'''
lt_cv_sys_global_symbol_to_cdecl='sed -n -e '\''s/^T .* \(.*\)$/extern int \1();/p'\'' -e '\''s/^[ABCDGIRSTW]* .* \(.*\)$/extern char \1;/p'\'''
lt_cv_sys_max_cmd_len=3458764513820540925
lt_cv_to_host_file_cmd=func_convert_file_noop
lt_cv_to_tool_file_cmd=func_convert_file_noop
pcre_cv_cc_vis_werror=yes
pcre_cv_cc_visibility=yes

## ----------------- ##
## Output variables. ##
## ----------------- ##

ACLOCAL='/home/pivos/xbmc-depends/x86_64-linux-gnu-native/bin/aclocal'
AMDEPBACKSLASH='\'
AMDEP_FALSE='#'
AMDEP_TRUE=''
AMTAR='$${TAR-tar}'
AM_BACKSLASH='\'
AM_DEFAULT_V='$(AM_DEFAULT_VERBOSITY)'
AM_DEFAULT_VERBOSITY='0'
AM_V='$(V)'
AR='/usr/bin/ar'
AS='/usr/bin/as'
AUTOCONF='/home/pivos/xbmc-depends/x86_64-linux-gnu-native/bin/autoconf'
AUTOHEADER='/home/pivos/xbmc-depends/x86_64-linux-gnu-native/bin/autoheader'
AUTOMAKE='/home/pivos/xbmc-depends/x86_64-linux-gnu-native/bin/automake'
AWK='gawk'
CC='/usr/bin/gcc'
CCDEPMODE='depmode=gcc3'
CFLAGS='-pthread -I/home/pivos/xbmc-depends/x86_64-linux-gnu-native/include '
CPP='/usr/bin/gcc -E'
CPPFLAGS='-I/home/pivos/xbmc-depends/x86_64-linux-gnu-native/include '
CXX='/usr/bin/g++'
CXXCPP='/usr/bin/g++ -E'
CXXDEPMODE='depmode=gcc3'
CXXFLAGS='-I/home/pivos/xbmc-depends/x86_64-linux-gnu-native/include '
CYGPATH_W='echo'
DEFS='-DHAVE_CONFIG_H'
DEPDIR='.deps'
DISTCHECK_CONFIGURE_FLAGS='CFLAGS='\'''\'' CXXFLAGS='\'''\'' --enable-pcre16 --enable-pcre32 --enable-jit --enable-cpp --enable-unicode-properties'
DLLTOOL='dlltool'
DSYMUTIL=''
DUMPBIN=''
ECHO_C=''
ECHO_N='-n'
ECHO_T=''
EGREP='/bin/grep -E'
EXEEXT=''
EXTRA_LIBPCRE16_LDFLAGS='                         -version-info 2:1:2'
EXTRA_LIBPCRE32_LDFLAGS='                         -version-info 0:1:0'
EXTRA_LIBPCRECPP_LDFLAGS='                            -version-info 0:0:0                           '
EXTRA_LIBPCREPOSIX_LDFLAGS='                              -version-info 0:2:0'
EXTRA_LIBPCRE_LDFLAGS='                         -version-info 3:1:2'
FGREP='/bin/grep -F'
GCOV_CFLAGS=''
GCOV_CXXFLAGS=''
GCOV_LIBS=''
GENHTML=''
GREP='/bin/grep'
HAVE_VISIBILITY='1'
INSTALL_DATA='${INSTALL} -m 644'
INSTALL_PROGRAM='${INSTALL}'
INSTALL_SCRIPT='${INSTALL}'
INSTALL_STRIP_PROGRAM='$(install_sh) -c -s'
LCOV=''
LD='/usr/bin/ld -m elf_x86_64'
LDFLAGS='-L/home/pivos/xbmc-depends/x86_64-linux-gnu-native/lib '
LIBBZ2=''
LIBOBJS=''
LIBREADLINE=''
LIBS=' '
LIBTOOL='$(SHELL) $(top_builddir)/libtool'
LIBZ=''
LIPO=''
LN_S='ln -s'
LTLIBOBJS=''
MAKEINFO='${SHELL} /home/pivos/proj/xbmc-16.1-Jarvis/tools/depends/native/pcre-native/x86_64-linux-native/missing makeinfo'
MANIFEST_TOOL=':'
MKDIR_P='/bin/mkdir -p'
NM='/usr/bin/nm'
NMEDIT=''
OBJDUMP='/usr/bin/objdump'
OBJEXT='o'
OTOOL64=''
OTOOL=''
PACKAGE='pcre'
PACKAGE_BUGREPORT=''
PACKAGE_NAME='PCRE'
PACKAGE_STRING='PCRE 8.33'
PACKAGE_TARNAME='pcre'
PACKAGE_URL=''
PACKAGE_VERSION='8.33'
PATH_SEPARATOR=':'
PCRE_DATE='2013-05-28'
PCRE_MAJOR='8'
PCRE_MINOR='33'
PCRE_PRERELEASE=''
PCRE_STATIC_CFLAG='-DPCRE_STATIC'
PKG_CONFIG='/home/pivos/xbmc-depends/x86_64-linux-gnu-native/bin/pkg-config'
PKG_CONFIG_LIBDIR='/home/pivos/xbmc-depends/x86_64-linux-gnu-native/lib/pkgconfig'
PKG_CONFIG_PATH=''
PTHREAD_CC='/usr/bin/gcc'
PTHREAD_CFLAGS='-pthread'
PTHREAD_LIBS=''
RANLIB='/usr/bin/ranlib'
SED='/bin/sed'
SET_MAKE=''
SHELL='/bin/bash'
SHTOOL=''
STRIP='/usr/bin/strip'
VALGRIND_CFLAGS=''
VALGRIND_LIBS=''
VERSION='8.33'
VISIBILITY_CFLAGS='-fvisibility=hidden'
VISIBILITY_CXXFLAGS='-fvisibility=hidden -fvisibility-inlines-hidden'
WITH_GCOV_FALSE=''
WITH_GCOV_TRUE='#'
WITH_JIT_FALSE='#'
WITH_JIT_TRUE=''
WITH_PCRE16_FALSE=''
WITH_PCRE16_TRUE='#'
WITH_PCRE32_FALSE=''
WITH_PCRE32_TRUE='#'
WITH_PCRE8_FALSE='#'
WITH_PCRE8_TRUE=''
WITH_PCRE_CPP_FALSE=''
WITH_PCRE_CPP_TRUE='#'
WITH_REBUILD_CHARTABLES_FALSE=''
WITH_REBUILD_CHARTABLES_TRUE='#'
WITH_UTF_FALSE='#'
WITH_UTF_TRUE=''
WITH_VALGRIND_FALSE=''
WITH_VALGRIND_TRUE='#'
ac_ct_AR=''
ac_ct_CC='/usr/bin/gcc'
ac_ct_CXX=''
ac_ct_DUMPBIN=''
am__EXEEXT_FALSE=''
am__EXEEXT_TRUE='#'
am__fastdepCC_FALSE='#'
am__fastdepCC_TRUE=''
am__fastdepCXX_FALSE='#'
am__fastdepCXX_TRUE=''
am__include='include'
am__isrc=''
am__leading_dot='.'
am__nodep='_no'
am__quote=''
am__tar='$${TAR-tar} chof - "$$tardir"'
am__untar='$${TAR-tar} xf -'
ax_pthread_config=''
bindir='${exec_prefix}/bin'
build='x86_64-unknown-linux-gnu'
build_alias=''
build_cpu='x86_64'
build_os='linux-gnu'
build_vendor='unknown'
datadir='${datarootdir}'
datarootdir='${prefix}/share'
docdir='${datarootdir}/doc/${PACKAGE_TARNAME}'
dvidir='${docdir}'
enable_cpp='no'
enable_pcre16='no'
enable_pcre32='no'
enable_pcre8='yes'
exec_prefix='${prefix}'
host='x86_64-unknown-linux-gnu'
host_alias=''
host_cpu='x86_64'
host_os='linux-gnu'
host_vendor='unknown'
htmldir='${docdir}/html'
includedir='${prefix}/include'
infodir='${datarootdir}/info'
install_sh='${SHELL} /home/pivos/proj/xbmc-16.1-Jarvis/tools/depends/native/pcre-native/x86_64-linux-native/install-sh'
libdir='${exec_prefix}/lib'
libexecdir='${exec_prefix}/libexec'
localedir='${datarootdir}/locale'
localstatedir='${prefix}/var'
mandir='${datarootdir}/man'
mkdir_p='$(MKDIR_P)'
oldincludedir='/usr/include'
pcre_have_bits_type_traits='0'
pcre_have_long_long=''
pcre_have_type_traits='0'
pcre_have_ulong_long=''
pdfdir='${docdir}'
prefix='/home/pivos/xbmc-depends/x86_64-linux-gnu-native'
program_transform_name='s,x,x,'
psdir='${docdir}'
sbindir='${exec_prefix}/sbin'
sharedstatedir='${prefix}/com'
sysconfdir='${prefix}/etc'
target_alias=''

## ----------- ##
## confdefs.h. ##
## ----------- ##

/* confdefs.h */
#define PACKAGE_NAME "PCRE"
#define PACKAGE_TARNAME "pcre"
#define PACKAGE_VERSION "8.33"
#define PACKAGE_STRING "PCRE 8.33"
#define PACKAGE_BUGREPORT ""
#define PACKAGE_URL ""
#define PACKAGE "pcre"
#define VERSION "8.33"
#define STDC_HEADERS 1
#define HAVE_SYS_TYPES_H 1
#define HAVE_SYS_STAT_H 1
#define HAVE_STDLIB_H 1
#define HAVE_STRING_H 1
#define HAVE_MEMORY_H 1
#define HAVE_STRINGS_H 1
#define HAVE_INTTYPES_H 1
#define HAVE_STDINT_H 1
#define HAVE_UNISTD_H 1
#define HAVE_DLFCN_H 1
#define LT_OBJDIR ".libs/"
#define PCRE_EXP_DECL extern __attribute__ ((visibility ("default")))
#define PCRE_EXP_DEFN __attribute__ ((visibility ("default")))
#define PCRE_EXP_DATA_DEFN __attribute__ ((visibility ("default")))
#define PCREPOSIX_EXP_DECL extern __attribute__ ((visibility ("default")))
#define PCREPOSIX_EXP_DEFN extern __attribute__ ((visibility ("default")))
#define PCRECPP_EXP_DECL extern __attribute__ ((visibility ("default")))
#define PCRECPP_EXP_DEFN __attribute__ ((visibility ("default")))
#define HAVE_VISIBILITY 1
#define STDC_HEADERS 1
#define HAVE_LIMITS_H 1
#define HAVE_SYS_TYPES_H 1
#define HAVE_SYS_STAT_H 1
#define HAVE_DIRENT_H 1
#define HAVE_BCOPY 1
#define HAVE_MEMMOVE 1
#define HAVE_STRERROR 1
#define HAVE_ZLIB_H 1
#define PCRE_STATIC 1
#define SUPPORT_PCRE8 /**/
#define HAVE_PTHREAD_PRIO_INHERIT 1
#define HAVE_PTHREAD 1
#define SUPPORT_JIT /**/
#define SUPPORT_PCREGREP_JIT /**/
#define SUPPORT_UTF /**/
#define SUPPORT_UCP /**/
#define NO_RECURSE /**/
#define PCREGREP_BUFSIZE 20480
#define NEWLINE 10
#define LINK_SIZE 2
#define POSIX_MALLOC_THRESHOLD 10
#define MATCH_LIMIT 10000000
#define MATCH_LIMIT_RECURSION MATCH_LIMIT
#define MAX_NAME_SIZE 32
#define MAX_NAME_COUNT 10000

configure: exit 0
