--------------------
./configure --prefix=/home/pivos/xbmc-depends/x86_64-linux-gnu-native
2016年 10月 09日 星期日 14:24:59 CST

=== ztest19701.c ===
extern int getchar();
int hello() {return getchar();}
===
/usr/bin/gcc -c ztest19701.c
... using gcc

Checking for shared library support...
=== ztest19701.c ===
extern int getchar();
int hello() {return getchar();}
===
/usr/bin/gcc -w -c -fPIC ztest19701.c
/usr/bin/gcc -shared -Wl,-soname,libz.so.1,--version-script,zlib.map -fPIC -o ztest19701.so ztest19701.o
Building shared library libz.so.1.2.7 with /usr/bin/gcc.


=== ztest19701.c ===
#include <sys/types.h>
off64_t dummy = 0;
===
/usr/bin/gcc -c -D_LARGEFILE64_SOURCE=1 ztest19701.c
Checking for off64_t... Yes.
Checking for fseeko... Yes.

=== ztest19701.c ===
#include <string.h>
#include <errno.h>
int main() { return strlen(strerror(errno)); }
===
/usr/bin/gcc -D_LARGEFILE64_SOURCE=1 -o ztest19701 ztest19701.c
Checking for strerror... Yes.

=== ztest19701.c ===
#include <unistd.h>
int main() { return 0; }
===
/usr/bin/gcc -c -D_LARGEFILE64_SOURCE=1 ztest19701.c
Checking for unistd.h... Yes.

=== ztest19701.c ===
#include <stdarg.h>
int main() { return 0; }
===
/usr/bin/gcc -c -D_LARGEFILE64_SOURCE=1 ztest19701.c
Checking for stdarg.h... Yes.

=== ztest19701.c ===
#include <stdio.h>
#include <stdarg.h>
#include "zconf.h"
int main()
{
#ifndef STDC
  choke me
#endif
  return 0;
}
===
/usr/bin/gcc -c -D_LARGEFILE64_SOURCE=1 ztest19701.c
Checking whether to use vs[n]printf() or s[n]printf()... using vs[n]printf().

=== ztest19701.c ===
#include <stdio.h>
#include <stdarg.h>
int mytest(const char *fmt, ...)
{
  char buf[20];
  va_list ap;
  va_start(ap, fmt);
  vsnprintf(buf, sizeof(buf), fmt, ap);
  va_end(ap);
  return 0;
}
int main()
{
  return (mytest("Hello%d\n", 1));
}
===
/usr/bin/gcc -D_LARGEFILE64_SOURCE=1 -o ztest19701 ztest19701.c
Checking for vsnprintf() in stdio.h... Yes.

=== ztest19701.c ===
#include <stdio.h>
#include <stdarg.h>
int mytest(const char *fmt, ...)
{
  int n;
  char buf[20];
  va_list ap;
  va_start(ap, fmt);
  n = vsnprintf(buf, sizeof(buf), fmt, ap);
  va_end(ap);
  return n;
}
int main()
{
  return (mytest("Hello%d\n", 1));
}
===
/usr/bin/gcc -c -D_LARGEFILE64_SOURCE=1 ztest19701.c
Checking for return value of vsnprintf()... Yes.

=== ztest19701.c ===
#define ZLIB_INTERNAL __attribute__((visibility ("hidden")))
int ZLIB_INTERNAL foo;
int main()
{
  return 0;
}
===
/usr/bin/gcc -c -D_LARGEFILE64_SOURCE=1 ztest19701.c
Checking for attribute(visibility) support... Yes.

=== ztest19701.c ===
#include <stdio.h>
#define is32(n,t) for(n=1,k=0;n;n<<=1,k++);if(k==32){puts(t);return 0;}
int main() {
    int k;
    unsigned i;
    unsigned long l;
    unsigned short s;
    is32(i, "unsigned")
    is32(l, "unsigned long")
    is32(s, "unsigned short")
    return 1;
}
===
/usr/bin/gcc -D_LARGEFILE64_SOURCE=1 -DHAVE_HIDDEN ztest19701.c -o ztest19701
Looking for a four-byte integer type... Found.

ALL = static shared all64
AR = ar
ARFLAGS = rc
CC = /usr/bin/gcc
CFLAGS = -D_LARGEFILE64_SOURCE=1 -DHAVE_HIDDEN
CPP = /usr/bin/gcc -E
EXE =
LDCONFIG = ldconfig
LDFLAGS =
LDSHARED = /usr/bin/gcc -shared -Wl,-soname,libz.so.1,--version-script,zlib.map
LDSHAREDLIBC = -lc
OBJC = $(OBJZ) $(OBJG)
PIC_OBJC = $(PIC_OBJZ) $(PIC_OBJG)
RANLIB = ranlib
SFLAGS = -fPIC -D_LARGEFILE64_SOURCE=1 -DHAVE_HIDDEN
SHAREDLIB = libz.so
SHAREDLIBM = libz.so.1
SHAREDLIBV = libz.so.1.2.7
STATICLIB = libz.a
TEST = all teststatic testshared test64
VER = 1.2.7
Z_U4 = unsigned
exec_prefix = ${prefix}
includedir = ${prefix}/include
libdir = ${exec_prefix}/lib
mandir = ${prefix}/share/man
prefix = /home/pivos/xbmc-depends/x86_64-linux-gnu-native
sharedlibdir = ${libdir}
uname = Linux
--------------------


